#
# There is insufficient memory for the Java Runtime Environment to continue.
# Native memory allocation (malloc) failed to allocate 783856 bytes. Error detail: Chunk::new
# Possible reasons:
#   The system is out of physical RAM or swap space
#   This process is running with CompressedOops enabled, and the Java Heap may be blocking the growth of the native heap
# Possible solutions:
#   Reduce memory load on the system
#   Increase physical memory or swap space
#   Check if swap backing store is full
#   Decrease Java heap size (-Xmx/-Xms)
#   Decrease number of Java threads
#   Decrease Java thread stack sizes (-Xss)
#   Set larger code cache with -XX:ReservedCodeCacheSize=
#   JVM is running with Unscaled Compressed Oops mode in which the Java heap is
#     placed in the first 4GB address space. The Java Heap base address is the
#     maximum limit for the native heap growth. Please use -XX:HeapBaseMinAddress
#     to set the Java Heap base and to place the Java Heap above 4GB virtual address.
# This output file may be truncated or incomplete.
#
#  Out of Memory Error (arena.cpp:150), pid=2524, tid=12008
#
# JRE version: OpenJDK Runtime Environment Zulu22.28+91-CA (22.0+36) (build 22+36)
# Java VM: OpenJDK 64-Bit Server VM Zulu22.28+91-CA (22+36, mixed mode, sharing, tiered, compressed oops, compressed class ptrs, g1 gc, windows-amd64)
# No core dump will be written. Minidumps are not enabled by default on client versions of Windows
#

---------------  S U M M A R Y ------------

Command Line: -javaagent:C:\Program Files\JetBrains\IntelliJ IDEA 2024.1\lib\idea_rt.jar=62785:C:\Program Files\JetBrains\IntelliJ IDEA 2024.1\bin -Dfile.encoding=UTF-8 -Dsun.stdout.encoding=UTF-8 -Dsun.stderr.encoding=UTF-8 --module-path=C:\Users\NGOC\.m2\repository\commons-io\commons-io\2.11.0\commons-io-2.11.0.jar;C:\Users\NGOC\.m2\repository\org\apache\poi\poi-ooxml\5.2.3\poi-ooxml-5.2.3.jar;C:\Users\NGOC\.m2\repository\org\apache\commons\commons-compress\1.21\commons-compress-1.21.jar;C:\Users\NGOC\.m2\repository\org\apache\poi\poi\5.2.3\poi-5.2.3.jar;C:\Users\NGOC\.m2\repository\org\openjfx\javafx-graphics\20.0.1\javafx-graphics-20.0.1-win.jar;C:\Users\NGOC\.m2\repository\org\apache\logging\log4j\log4j-api\2.18.0\log4j-api-2.18.0.jar;C:\Users\NGOC\.m2\repository\org\openjfx\javafx-base\20.0.1\javafx-base-20.0.1-win.jar;C:\Users\NGOC\IdeaProjects\BuildingOperationsApplication\target\classes;C:\Users\NGOC\.m2\repository\com\zaxxer\SparseBitSet\1.2\SparseBitSet-1.2.jar;C:\Users\NGOC\.m2\repository\org\openjfx\javafx-controls\20.0.1\javafx-controls-20.0.1-win.jar;C:\Users\NGOC\.m2\repository\org\apache\poi\poi-ooxml-lite\5.2.3\poi-ooxml-lite-5.2.3.jar;C:\Users\NGOC\.m2\repository\commons-codec\commons-codec\1.15\commons-codec-1.15.jar;C:\Users\NGOC\.m2\repository\org\apache\commons\commons-collections4\4.4\commons-collections4-4.4.jar;C:\Users\NGOC\.m2\repository\com\dlsc\formsfx\formsfx-core\11.6.0\formsfx-core-11.6.0.jar;C:\Users\NGOC\.m2\repository\org\openjfx\javafx-fxml\20.0.1\javafx-fxml-20.0.1-win.jar;C:\Users\NGOC\.m2\repository\org\apache\xmlbeans\xmlbeans\5.1.1\xmlbeans-5.1.1.jar;C:\Users\NGOC\.m2\repository\org\apache\commons\commons-math3\3.6.1\commons-math3-3.6.1.jar -Djdk.module.main=com.example.managingbuildingjava com.example.managingbuildingjava/com.example.managingbuildingjava.BuildingManager

Host: 11th Gen Intel(R) Core(TM) i5-1135G7 @ 2.40GHz, 8 cores, 3G,  Windows 11 , 64 bit Build 22621 (10.0.22621.3527)
Time: Thu May 16 16:13:50 2024 SE Asia Standard Time elapsed time: 4.302428 seconds (0d 0h 0m 4s)

---------------  T H R E A D  ---------------

Current thread (0x000001afb6af57c0):  JavaThread "C2 CompilerThread0" daemon [_thread_in_native, id=12008, stack(0x00000078c5200000,0x00000078c5300000) (1024K)]


Current CompileTask:
C2:4302 2298   !   4       java.util.jar.Attributes::read (494 bytes)

Stack: [0x00000078c5200000,0x00000078c5300000]
Native frames: (J=compiled Java code, j=interpreted, Vv=VM code, C=native code)
V  [jvm.dll+0x6f0f39]  (no source info available)
V  [jvm.dll+0x8d4513]  (no source info available)
V  [jvm.dll+0x8d677e]  (no source info available)
V  [jvm.dll+0x8d6e63]  (no source info available)
V  [jvm.dll+0x28aba6]  (no source info available)
V  [jvm.dll+0xc4c9f]  (no source info available)
V  [jvm.dll+0xc4efb]  (no source info available)
V  [jvm.dll+0x3c6d32]  (no source info available)
V  [jvm.dll+0x39393b]  (no source info available)
V  [jvm.dll+0x392daa]  (no source info available)
V  [jvm.dll+0x251cc8]  (no source info available)
V  [jvm.dll+0x251371]  (no source info available)
V  [jvm.dll+0x1cd73a]  (no source info available)
V  [jvm.dll+0x2610d9]  (no source info available)
V  [jvm.dll+0x25f39a]  (no source info available)
V  [jvm.dll+0x401dc6]  (no source info available)
V  [jvm.dll+0x87bae8]  (no source info available)
V  [jvm.dll+0x6ef645]  (no source info available)
C  [ucrtbase.dll+0x29333]  (no source info available)
C  [KERNEL32.DLL+0x1257d]  (no source info available)
C  [ntdll.dll+0x5aa48]  (no source info available)


---------------  P R O C E S S  ---------------

Threads class SMR info:
_java_thread_list=0x000001af8280ee30, length=18, elements={
0x000001af992c7020, 0x000001afb6addd10, 0x000001afb6aded20, 0x000001afb6ae69d0,
0x000001afb6aea0d0, 0x000001afb6aeac20, 0x000001afb6aef900, 0x000001afb6af57c0,
0x000001afb6af6a90, 0x000001affc030fa0, 0x000001affc43d140, 0x000001affc55ab30,
0x000001affc55b1c0, 0x000001affc55cc00, 0x000001affc55b850, 0x000001affc55bee0,
0x000001affc55c570, 0x000001affc55d290
}

Java Threads: ( => current thread )
  0x000001af992c7020 JavaThread "main"                              [_thread_blocked, id=11916, stack(0x00000078c4400000,0x00000078c4500000) (1024K)]
  0x000001afb6addd10 JavaThread "Reference Handler"          daemon [_thread_blocked, id=4380, stack(0x00000078c4c00000,0x00000078c4d00000) (1024K)]
  0x000001afb6aded20 JavaThread "Finalizer"                  daemon [_thread_blocked, id=10344, stack(0x00000078c4d00000,0x00000078c4e00000) (1024K)]
  0x000001afb6ae69d0 JavaThread "Signal Dispatcher"          daemon [_thread_blocked, id=15772, stack(0x00000078c4e00000,0x00000078c4f00000) (1024K)]
  0x000001afb6aea0d0 JavaThread "Attach Listener"            daemon [_thread_blocked, id=13200, stack(0x00000078c4f00000,0x00000078c5000000) (1024K)]
  0x000001afb6aeac20 JavaThread "Service Thread"             daemon [_thread_blocked, id=2292, stack(0x00000078c5000000,0x00000078c5100000) (1024K)]
  0x000001afb6aef900 JavaThread "Monitor Deflation Thread"   daemon [_thread_blocked, id=8012, stack(0x00000078c5100000,0x00000078c5200000) (1024K)]
=>0x000001afb6af57c0 JavaThread "C2 CompilerThread0"         daemon [_thread_in_native, id=12008, stack(0x00000078c5200000,0x00000078c5300000) (1024K)]
  0x000001afb6af6a90 JavaThread "C1 CompilerThread0"         daemon [_thread_blocked, id=7908, stack(0x00000078c5300000,0x00000078c5400000) (1024K)]
  0x000001affc030fa0 JavaThread "Common-Cleaner"             daemon [_thread_blocked, id=12220, stack(0x00000078c5400000,0x00000078c5500000) (1024K)]
  0x000001affc43d140 JavaThread "Monitor Ctrl-Break"         daemon [_thread_in_native, id=7856, stack(0x00000078c5500000,0x00000078c5600000) (1024K)]
  0x000001affc55ab30 JavaThread "Notification Thread"        daemon [_thread_blocked, id=16500, stack(0x00000078c5600000,0x00000078c5700000) (1024K)]
  0x000001affc55b1c0 JavaThread "QuantumRenderer-0"          daemon [_thread_blocked, id=12200, stack(0x00000078c5a00000,0x00000078c5b00000) (1024K)]
  0x000001affc55cc00 JavaThread "InvokeLaterDispatcher"      daemon [_thread_blocked, id=12908, stack(0x00000078c5b00000,0x00000078c5c00000) (1024K)]
  0x000001affc55b850 JavaThread "JavaFX Application Thread"         [_thread_in_native, id=8424, stack(0x00000078c5c00000,0x00000078c5d00000) (1024K)]
  0x000001affc55bee0 JavaThread "Thread-1"                   daemon [_thread_in_native, id=1424, stack(0x00000078c6000000,0x00000078c6100000) (1024K)]
  0x000001affc55c570 JavaThread "JavaFX-Launcher"                   [_thread_blocked, id=2908, stack(0x00000078c6100000,0x00000078c6200000) (1024K)]
  0x000001affc55d290 JavaThread "Prism Font Disposer"        daemon [_thread_blocked, id=5672, stack(0x00000078c6600000,0x00000078c6700000) (1024K)]
Total: 18

Other Threads:
  0x000001afb6ac2500 VMThread "VM Thread"                           [id=9508, stack(0x00000078c4b00000,0x00000078c4c00000) (1024K)]
  0x000001af9b62e9a0 WatcherThread "VM Periodic Task Thread"        [id=14220, stack(0x00000078c4a00000,0x00000078c4b00000) (1024K)]
  0x000001af9b5a6bd0 WorkerThread "GC Thread#0"                     [id=14752, stack(0x00000078c4500000,0x00000078c4600000) (1024K)]
  0x000001affc3bd980 WorkerThread "GC Thread#1"                     [id=16608, stack(0x00000078c5700000,0x00000078c5800000) (1024K)]
  0x000001affc174ad0 WorkerThread "GC Thread#2"                     [id=11276, stack(0x00000078c5800000,0x00000078c5900000) (1024K)]
  0x000001affc641d10 WorkerThread "GC Thread#3"                     [id=11636, stack(0x00000078c5900000,0x00000078c5a00000) (1024K)]
  0x000001af820ec3e0 WorkerThread "GC Thread#4"                     [id=2376, stack(0x00000078c6200000,0x00000078c6300000) (1024K)]
  0x000001af820ec790 WorkerThread "GC Thread#5"                     [id=15936, stack(0x00000078c6300000,0x00000078c6400000) (1024K)]
  0x000001af8221abd0 WorkerThread "GC Thread#6"                     [id=14000, stack(0x00000078c6400000,0x00000078c6500000) (1024K)]
  0x000001af8221af80 WorkerThread "GC Thread#7"                     [id=9752, stack(0x00000078c6500000,0x00000078c6600000) (1024K)]
  0x000001af9b5af530 ConcurrentGCThread "G1 Main Marker"            [id=4532, stack(0x00000078c4600000,0x00000078c4700000) (1024K)]
  0x000001af9b5b07e0 WorkerThread "G1 Conc#0"                       [id=16976, stack(0x00000078c4700000,0x00000078c4800000) (1024K)]
  0x000001af9b61d480 ConcurrentGCThread "G1 Refine#0"               [id=3916, stack(0x00000078c4800000,0x00000078c4900000) (1024K)]
  0x000001af9b61e000 ConcurrentGCThread "G1 Service"                [id=2256, stack(0x00000078c4900000,0x00000078c4a00000) (1024K)]
Total: 14

Threads with active compile tasks:
C2 CompilerThread0  4587 2298   !   4       java.util.jar.Attributes::read (494 bytes)
Total: 1

VM state: not at safepoint (normal execution)

VM Mutex/Monitor currently owned by a thread: None

Heap address: 0x00000000c4200000, size: 958 MB, Compressed Oops mode: 32-bit

CDS archive(s) mapped at: [0x000001afb7000000-0x000001afb7c50000-0x000001afb7c50000), size 12910592, SharedBaseAddress: 0x000001afb7000000, ArchiveRelocationMode: 1.
Compressed class space mapped at: 0x000001afb8000000-0x000001aff8000000, reserved size: 1073741824
Narrow klass base: 0x000001afb7000000, Narrow klass shift: 0, Narrow klass range: 0x41000000

GC Precious Log:
 CardTable entry size: 512
 Card Set container configuration: InlinePtr #cards 5 size 8 Array Of Cards #cards 12 size 40 Howl #buckets 4 coarsen threshold 1843 Howl Bitmap #cards 512 size 80 coarsen threshold 460 Card regions per heap region 1 cards per card region 2048
 CPUs: 8 total, 8 available
 Memory: 3824M
 Large Page Support: Disabled
 NUMA Support: Disabled
 Compressed Oops: Enabled (32-bit)
 Heap Region Size: 1M
 Heap Min Capacity: 8M
 Heap Initial Capacity: 60M
 Heap Max Capacity: 958M
 Pre-touch: Disabled
 Parallel Workers: 8
 Concurrent Workers: 2
 Concurrent Refinement Workers: 8
 Periodic GC: Disabled

Heap:
 garbage-first heap   total reserved 980992K, committed 61440K, used 47716K [0x00000000c4200000, 0x0000000100000000)
  region size 1024K, 31 young (31744K), 5 survivors (5120K)
 Metaspace       used 16328K, committed 16640K, reserved 1114112K
  class space    used 2267K, committed 2432K, reserved 1048576K

Heap Regions: E=young(eden), S=young(survivor), O=old, HS=humongous(starts), HC=humongous(continues), CS=collection set, F=free, TAMS=top-at-mark-start, PB=parsable bottom
|   0|0x00000000c4200000, 0x00000000c4300000, 0x00000000c4300000|100%| O|  |TAMS 0x00000000c4200000| PB 0x00000000c4200000| Untracked |  0
|   1|0x00000000c4300000, 0x00000000c4400000, 0x00000000c4400000|100%| O|  |TAMS 0x00000000c4300000| PB 0x00000000c4300000| Untracked |  0
|   2|0x00000000c4400000, 0x00000000c4499300, 0x00000000c4500000| 59%| O|  |TAMS 0x00000000c4400000| PB 0x00000000c4400000| Untracked |  0
|   3|0x00000000c4500000, 0x00000000c4600000, 0x00000000c4600000|100%|HS|  |TAMS 0x00000000c4500000| PB 0x00000000c4500000| Complete |  0
|   4|0x00000000c4600000, 0x00000000c4700000, 0x00000000c4700000|100%|HC|  |TAMS 0x00000000c4600000| PB 0x00000000c4600000| Complete |  0
|   5|0x00000000c4700000, 0x00000000c4800000, 0x00000000c4800000|100%|HS|  |TAMS 0x00000000c4700000| PB 0x00000000c4700000| Complete |  0
|   6|0x00000000c4800000, 0x00000000c4900000, 0x00000000c4900000|100%|HC|  |TAMS 0x00000000c4800000| PB 0x00000000c4800000| Complete |  0
|   7|0x00000000c4900000, 0x00000000c4a00000, 0x00000000c4a00000|100%|HS|  |TAMS 0x00000000c4900000| PB 0x00000000c4900000| Complete |  0
|   8|0x00000000c4a00000, 0x00000000c4b00000, 0x00000000c4b00000|100%|HC|  |TAMS 0x00000000c4a00000| PB 0x00000000c4a00000| Complete |  0
|   9|0x00000000c4b00000, 0x00000000c4c00000, 0x00000000c4c00000|100%|HS|  |TAMS 0x00000000c4b00000| PB 0x00000000c4b00000| Complete |  0
|  10|0x00000000c4c00000, 0x00000000c4d00000, 0x00000000c4d00000|100%|HC|  |TAMS 0x00000000c4c00000| PB 0x00000000c4c00000| Complete |  0
|  11|0x00000000c4d00000, 0x00000000c4e00000, 0x00000000c4e00000|100%|HS|  |TAMS 0x00000000c4d00000| PB 0x00000000c4d00000| Complete |  0
|  12|0x00000000c4e00000, 0x00000000c4f00000, 0x00000000c4f00000|100%|HC|  |TAMS 0x00000000c4e00000| PB 0x00000000c4e00000| Complete |  0
|  13|0x00000000c4f00000, 0x00000000c5000000, 0x00000000c5000000|100%|HS|  |TAMS 0x00000000c4f00000| PB 0x00000000c4f00000| Complete |  0
|  14|0x00000000c5000000, 0x00000000c5100000, 0x00000000c5100000|100%|HC|  |TAMS 0x00000000c5000000| PB 0x00000000c5000000| Complete |  0
|  15|0x00000000c5100000, 0x00000000c5200000, 0x00000000c5200000|100%|HS|  |TAMS 0x00000000c5100000| PB 0x00000000c5100000| Complete |  0
|  16|0x00000000c5200000, 0x00000000c5300000, 0x00000000c5300000|100%|HC|  |TAMS 0x00000000c5200000| PB 0x00000000c5200000| Complete |  0
|  17|0x00000000c5300000, 0x00000000c5300000, 0x00000000c5400000|  0%| F|  |TAMS 0x00000000c5300000| PB 0x00000000c5300000| Untracked |  0
|  18|0x00000000c5400000, 0x00000000c5400000, 0x00000000c5500000|  0%| F|  |TAMS 0x00000000c5400000| PB 0x00000000c5400000| Untracked |  0
|  19|0x00000000c5500000, 0x00000000c5500000, 0x00000000c5600000|  0%| F|  |TAMS 0x00000000c5500000| PB 0x00000000c5500000| Untracked |  0
|  20|0x00000000c5600000, 0x00000000c5700000, 0x00000000c5700000|100%| S|CS|TAMS 0x00000000c5600000| PB 0x00000000c5600000| Complete |  0
|  21|0x00000000c5700000, 0x00000000c5800000, 0x00000000c5800000|100%| S|CS|TAMS 0x00000000c5700000| PB 0x00000000c5700000| Complete |  0
|  22|0x00000000c5800000, 0x00000000c5900000, 0x00000000c5900000|100%| S|CS|TAMS 0x00000000c5800000| PB 0x00000000c5800000| Complete |  0
|  23|0x00000000c5900000, 0x00000000c5a00000, 0x00000000c5a00000|100%| S|CS|TAMS 0x00000000c5900000| PB 0x00000000c5900000| Complete |  0
|  24|0x00000000c5a00000, 0x00000000c5b00000, 0x00000000c5b00000|100%| S|CS|TAMS 0x00000000c5a00000| PB 0x00000000c5a00000| Complete |  0
|  25|0x00000000c5b00000, 0x00000000c5b00000, 0x00000000c5c00000|  0%| F|  |TAMS 0x00000000c5b00000| PB 0x00000000c5b00000| Untracked |  0
|  26|0x00000000c5c00000, 0x00000000c5c00000, 0x00000000c5d00000|  0%| F|  |TAMS 0x00000000c5c00000| PB 0x00000000c5c00000| Untracked |  0
|  27|0x00000000c5d00000, 0x00000000c5d00000, 0x00000000c5e00000|  0%| F|  |TAMS 0x00000000c5d00000| PB 0x00000000c5d00000| Untracked |  0
|  28|0x00000000c5e00000, 0x00000000c5e00000, 0x00000000c5f00000|  0%| F|  |TAMS 0x00000000c5e00000| PB 0x00000000c5e00000| Untracked |  0
|  29|0x00000000c5f00000, 0x00000000c5f00000, 0x00000000c6000000|  0%| F|  |TAMS 0x00000000c5f00000| PB 0x00000000c5f00000| Untracked |  0
|  30|0x00000000c6000000, 0x00000000c6000000, 0x00000000c6100000|  0%| F|  |TAMS 0x00000000c6000000| PB 0x00000000c6000000| Untracked |  0
|  31|0x00000000c6100000, 0x00000000c6100000, 0x00000000c6200000|  0%| F|  |TAMS 0x00000000c6100000| PB 0x00000000c6100000| Untracked |  0
|  32|0x00000000c6200000, 0x00000000c6200000, 0x00000000c6300000|  0%| F|  |TAMS 0x00000000c6200000| PB 0x00000000c6200000| Untracked |  0
|  33|0x00000000c6300000, 0x00000000c6300000, 0x00000000c6400000|  0%| F|  |TAMS 0x00000000c6300000| PB 0x00000000c6300000| Untracked |  0
|  34|0x00000000c6400000, 0x00000000c643f878, 0x00000000c6500000| 24%| E|  |TAMS 0x00000000c6400000| PB 0x00000000c6400000| Complete |  0
|  35|0x00000000c6500000, 0x00000000c6600000, 0x00000000c6600000|100%| E|CS|TAMS 0x00000000c6500000| PB 0x00000000c6500000| Complete |  0
|  36|0x00000000c6600000, 0x00000000c6700000, 0x00000000c6700000|100%| E|CS|TAMS 0x00000000c6600000| PB 0x00000000c6600000| Complete |  0
|  37|0x00000000c6700000, 0x00000000c6800000, 0x00000000c6800000|100%| E|CS|TAMS 0x00000000c6700000| PB 0x00000000c6700000| Complete |  0
|  38|0x00000000c6800000, 0x00000000c6900000, 0x00000000c6900000|100%| E|CS|TAMS 0x00000000c6800000| PB 0x00000000c6800000| Complete |  0
|  39|0x00000000c6900000, 0x00000000c6a00000, 0x00000000c6a00000|100%| E|CS|TAMS 0x00000000c6900000| PB 0x00000000c6900000| Complete |  0
|  40|0x00000000c6a00000, 0x00000000c6b00000, 0x00000000c6b00000|100%| E|CS|TAMS 0x00000000c6a00000| PB 0x00000000c6a00000| Complete |  0
|  41|0x00000000c6b00000, 0x00000000c6c00000, 0x00000000c6c00000|100%| E|CS|TAMS 0x00000000c6b00000| PB 0x00000000c6b00000| Complete |  0
|  42|0x00000000c6c00000, 0x00000000c6d00000, 0x00000000c6d00000|100%| E|CS|TAMS 0x00000000c6c00000| PB 0x00000000c6c00000| Complete |  0
|  43|0x00000000c6d00000, 0x00000000c6e00000, 0x00000000c6e00000|100%| E|CS|TAMS 0x00000000c6d00000| PB 0x00000000c6d00000| Complete |  0
|  44|0x00000000c6e00000, 0x00000000c6f00000, 0x00000000c6f00000|100%| E|CS|TAMS 0x00000000c6e00000| PB 0x00000000c6e00000| Complete |  0
|  45|0x00000000c6f00000, 0x00000000c7000000, 0x00000000c7000000|100%| E|CS|TAMS 0x00000000c6f00000| PB 0x00000000c6f00000| Complete |  0
|  46|0x00000000c7000000, 0x00000000c7100000, 0x00000000c7100000|100%| E|CS|TAMS 0x00000000c7000000| PB 0x00000000c7000000| Complete |  0
|  47|0x00000000c7100000, 0x00000000c7200000, 0x00000000c7200000|100%| E|CS|TAMS 0x00000000c7100000| PB 0x00000000c7100000| Complete |  0
|  48|0x00000000c7200000, 0x00000000c7300000, 0x00000000c7300000|100%| E|CS|TAMS 0x00000000c7200000| PB 0x00000000c7200000| Complete |  0
|  49|0x00000000c7300000, 0x00000000c7400000, 0x00000000c7400000|100%| E|CS|TAMS 0x00000000c7300000| PB 0x00000000c7300000| Complete |  0
|  50|0x00000000c7400000, 0x00000000c7500000, 0x00000000c7500000|100%| E|CS|TAMS 0x00000000c7400000| PB 0x00000000c7400000| Complete |  0
|  51|0x00000000c7500000, 0x00000000c7600000, 0x00000000c7600000|100%| E|CS|TAMS 0x00000000c7500000| PB 0x00000000c7500000| Complete |  0
|  52|0x00000000c7600000, 0x00000000c7700000, 0x00000000c7700000|100%| E|CS|TAMS 0x00000000c7600000| PB 0x00000000c7600000| Complete |  0
|  53|0x00000000c7700000, 0x00000000c7800000, 0x00000000c7800000|100%| E|CS|TAMS 0x00000000c7700000| PB 0x00000000c7700000| Complete |  0
|  54|0x00000000c7800000, 0x00000000c7900000, 0x00000000c7900000|100%| E|CS|TAMS 0x00000000c7800000| PB 0x00000000c7800000| Complete |  0
|  55|0x00000000c7900000, 0x00000000c7a00000, 0x00000000c7a00000|100%| E|CS|TAMS 0x00000000c7900000| PB 0x00000000c7900000| Complete |  0
|  56|0x00000000c7a00000, 0x00000000c7b00000, 0x00000000c7b00000|100%| E|CS|TAMS 0x00000000c7a00000| PB 0x00000000c7a00000| Complete |  0
|  57|0x00000000c7b00000, 0x00000000c7c00000, 0x00000000c7c00000|100%| E|CS|TAMS 0x00000000c7b00000| PB 0x00000000c7b00000| Complete |  0
|  58|0x00000000c7c00000, 0x00000000c7d00000, 0x00000000c7d00000|100%| E|CS|TAMS 0x00000000c7c00000| PB 0x00000000c7c00000| Complete |  0
|  59|0x00000000c7d00000, 0x00000000c7e00000, 0x00000000c7e00000|100%| E|CS|TAMS 0x00000000c7d00000| PB 0x00000000c7d00000| Complete |  0

Card table byte_map: [0x000001afb3020000,0x000001afb3200000] _byte_map_base: 0x000001afb29ff000

Marking Bits: (CMBitMap*) 0x000001af9b5a72e0
 Bits: [0x000001afb3200000, 0x000001afb40f8000)

Polling page: 0x000001af994e0000

Metaspace:

Usage:
  Non-class:     13.73 MB used.
      Class:      2.21 MB used.
       Both:     15.95 MB used.

Virtual space:
  Non-class space:       64.00 MB reserved,      13.88 MB ( 22%) committed,  1 nodes.
      Class space:        1.00 GB reserved,       2.38 MB ( <1%) committed,  1 nodes.
             Both:        1.06 GB reserved,      16.25 MB (  1%) committed. 

Chunk freelists:
   Non-Class:  2.12 MB
       Class:  13.62 MB
        Both:  15.75 MB

MaxMetaspaceSize: unlimited
CompressedClassSpaceSize: 1.00 GB
Initial GC threshold: 21.00 MB
Current GC threshold: 21.00 MB
CDS: on
 - commit_granule_bytes: 65536.
 - commit_granule_words: 8192.
 - virtual_space_node_default_size: 8388608.
 - enlarge_chunks_in_place: 1.
 - use_allocation_guard: 0.


Internal statistics:

num_allocs_failed_limit: 0.
num_arena_births: 350.
num_arena_deaths: 0.
num_vsnodes_births: 2.
num_vsnodes_deaths: 0.
num_space_committed: 260.
num_space_uncommitted: 0.
num_chunks_returned_to_freelist: 0.
num_chunks_taken_from_freelist: 762.
num_chunk_merges: 0.
num_chunk_splits: 533.
num_chunks_enlarged: 384.
num_inconsistent_stats: 0.

CodeHeap 'non-profiled nmethods': size=120000Kb used=847Kb max_used=847Kb free=119152Kb
 bounds [0x000001afab5e0000, 0x000001afab850000, 0x000001afb2b10000]
CodeHeap 'profiled nmethods': size=120000Kb used=4422Kb max_used=4422Kb free=115577Kb
 bounds [0x000001afa3b10000, 0x000001afa3f70000, 0x000001afab040000]
CodeHeap 'non-nmethods': size=5760Kb used=1876Kb max_used=1876Kb free=3883Kb
 bounds [0x000001afab040000, 0x000001afab2b0000, 0x000001afab5e0000]
 total_blobs=3097 nmethods=2386 adapters=615
 compilation: enabled
              stopped_count=0, restarted_count=0
 full_count=0

Compilation events (20 events):
Event: 4.249 Thread 0x000001afb6af6a90 2327   !   3       java.security.cert.Certificate::equals (38 bytes)
Event: 4.249 Thread 0x000001afb6af6a90 nmethod 2327 0x000001afa3f36e90 code [0x000001afa3f370e0, 0x000001afa3f37e00]
Event: 4.249 Thread 0x000001afb6af6a90 2328       3       jdk.internal.jimage.BasicImageReader::getLocationIndex (52 bytes)
Event: 4.250 Thread 0x000001afb6af6a90 nmethod 2328 0x000001afa3f38210 code [0x000001afa3f38400, 0x000001afa3f38888]
Event: 4.250 Thread 0x000001afb6af6a90 2329       3       jdk.internal.jimage.ImageStringsReader::hashCode (8 bytes)
Event: 4.250 Thread 0x000001afb6af6a90 nmethod 2329 0x000001afa3f38a90 code [0x000001afa3f38c40, 0x000001afa3f38e00]
Event: 4.253 Thread 0x000001afb6af6a90 2331       3       sun.invoke.util.BytecodeDescriptor::unparseMethod (66 bytes)
Event: 4.254 Thread 0x000001afb6af6a90 nmethod 2331 0x000001afa3f38f10 code [0x000001afa3f39140, 0x000001afa3f39720]
Event: 4.254 Thread 0x000001afb6af6a90 2333       3       jdk.internal.org.objectweb.asm.Type::getArgumentsAndReturnSizes (140 bytes)
Event: 4.256 Thread 0x000001afb6af6a90 nmethod 2333 0x000001afa3f39a10 code [0x000001afa3f39dc0, 0x000001afa3f3b920]
Event: 4.256 Thread 0x000001afb6af6a90 2334       3       java.util.concurrent.locks.AbstractQueuedSynchronizer::<init> (5 bytes)
Event: 4.256 Thread 0x000001afb6af6a90 nmethod 2334 0x000001afa3f3c410 code [0x000001afa3f3c5c0, 0x000001afa3f3c788]
Event: 4.256 Thread 0x000001afb6af6a90 2335       3       java.util.concurrent.locks.AbstractOwnableSynchronizer::<init> (5 bytes)
Event: 4.256 Thread 0x000001afb6af6a90 nmethod 2335 0x000001afa3f3c890 code [0x000001afa3f3ca20, 0x000001afa3f3cb88]
Event: 4.269 Thread 0x000001afb6af6a90 2336       3       sun.net.util.IPAddressUtil::earlyURLParsing (12 bytes)
Event: 4.270 Thread 0x000001afb6af6a90 nmethod 2336 0x000001afa3f3cc90 code [0x000001afa3f3ce20, 0x000001afa3f3cf30]
Event: 4.274 Thread 0x000001afb6af6a90 2337       1       java.util.zip.ZipEntry::getSize (5 bytes)
Event: 4.274 Thread 0x000001afb6af6a90 nmethod 2337 0x000001afab6b1a10 code [0x000001afab6b1ba0, 0x000001afab6b1c68]
Event: 4.277 Thread 0x000001afb6af6a90 2339       3       java.util.ArrayList::toArray (57 bytes)
Event: 4.278 Thread 0x000001afb6af6a90 nmethod 2339 0x000001afa3f3cf90 code [0x000001afa3f3d160, 0x000001afa3f3d6b0]

GC Heap History (4 events):
Event: 0.682 GC heap before
{Heap before GC invocations=0 (full 0):
 garbage-first heap   total reserved 980992K, committed 61440K, used 23552K [0x00000000c4200000, 0x0000000100000000)
  region size 1024K, 24 young (24576K), 0 survivors (0K)
 Metaspace       used 1704K, committed 1856K, reserved 1114112K
  class space    used 163K, committed 192K, reserved 1048576K
}
Event: 0.703 GC heap after
{Heap after GC invocations=1 (full 0):
 garbage-first heap   total reserved 980992K, committed 61440K, used 2009K [0x00000000c4200000, 0x0000000100000000)
  region size 1024K, 2 young (2048K), 2 survivors (2048K)
 Metaspace       used 1704K, committed 1856K, reserved 1114112K
  class space    used 163K, committed 192K, reserved 1048576K
}
Event: 2.784 GC heap before
{Heap before GC invocations=1 (full 0):
 garbage-first heap   total reserved 980992K, committed 61440K, used 34777K [0x00000000c4200000, 0x0000000100000000)
  region size 1024K, 35 young (35840K), 2 survivors (2048K)
 Metaspace       used 8837K, committed 9088K, reserved 1114112K
  class space    used 1213K, committed 1344K, reserved 1048576K
}
Event: 2.795 GC heap after
{Heap after GC invocations=2 (full 0):
 garbage-first heap   total reserved 980992K, committed 61440K, used 7780K [0x00000000c4200000, 0x0000000100000000)
  region size 1024K, 5 young (5120K), 5 survivors (5120K)
 Metaspace       used 8837K, committed 9088K, reserved 1114112K
  class space    used 1213K, committed 1344K, reserved 1048576K
}

Dll operation events (20 events):
Event: 1.296 Loaded shared library C:\Users\NGOC\.openjfx\cache\20.0.1+2\amd64\api-ms-win-crt-math-l1-1-0.dll
Event: 1.304 Loaded shared library C:\Users\NGOC\.openjfx\cache\20.0.1+2\amd64\api-ms-win-crt-multibyte-l1-1-0.dll
Event: 1.310 Loaded shared library C:\Users\NGOC\.openjfx\cache\20.0.1+2\amd64\api-ms-win-crt-private-l1-1-0.dll
Event: 1.316 Loaded shared library C:\Users\NGOC\.openjfx\cache\20.0.1+2\amd64\api-ms-win-crt-process-l1-1-0.dll
Event: 1.323 Loaded shared library C:\Users\NGOC\.openjfx\cache\20.0.1+2\amd64\api-ms-win-crt-runtime-l1-1-0.dll
Event: 1.330 Loaded shared library C:\Users\NGOC\.openjfx\cache\20.0.1+2\amd64\api-ms-win-crt-stdio-l1-1-0.dll
Event: 1.339 Loaded shared library C:\Users\NGOC\.openjfx\cache\20.0.1+2\amd64\api-ms-win-crt-string-l1-1-0.dll
Event: 1.345 Loaded shared library C:\Users\NGOC\.openjfx\cache\20.0.1+2\amd64\api-ms-win-crt-time-l1-1-0.dll
Event: 1.356 Loaded shared library C:\Users\NGOC\.openjfx\cache\20.0.1+2\amd64\api-ms-win-crt-utility-l1-1-0.dll
Event: 1.392 Loaded shared library C:\Users\NGOC\.openjfx\cache\20.0.1+2\amd64\ucrtbase.dll
Event: 1.400 Loaded shared library C:\Users\NGOC\.openjfx\cache\20.0.1+2\amd64\vcruntime140.dll
Event: 1.415 Loaded shared library C:\Users\NGOC\.openjfx\cache\20.0.1+2\amd64\vcruntime140_1.dll
Event: 1.434 Loaded shared library C:\Users\NGOC\.openjfx\cache\20.0.1+2\amd64\msvcp140.dll
Event: 1.442 Loaded shared library C:\Users\NGOC\.openjfx\cache\20.0.1+2\amd64\msvcp140_1.dll
Event: 1.457 Loaded shared library C:\Users\NGOC\.openjfx\cache\20.0.1+2\amd64\msvcp140_2.dll
Event: 1.587 Loaded shared library C:\Users\NGOC\.openjfx\cache\20.0.1+2\amd64\prism_d3d.dll
Event: 1.832 Loaded shared library C:\Users\NGOC\.openjfx\cache\20.0.1+2\amd64\glass.dll
Event: 1.907 Loaded shared library C:\Users\NGOC\.jdks\azul-22\bin\jimage.dll
Event: 2.488 Loaded shared library C:\Users\NGOC\.openjfx\cache\20.0.1+2\amd64\javafx_font.dll
Event: 3.162 Loaded shared library C:\Users\NGOC\.openjfx\cache\20.0.1+2\amd64\javafx_iio.dll

Deoptimization events (20 events):
Event: 4.203 Thread 0x000001affc55b850 Uncommon trap: trap_request=0xffffff45 fr.pc=0x000001afab5f3c44 relative=0x0000000000000124
Event: 4.203 Thread 0x000001affc55b850 Uncommon trap: reason=unstable_if action=reinterpret pc=0x000001afab5f3c44 method=java.lang.StringLatin1.lastIndexOf([BI[BII)I @ 86 c2
Event: 4.203 Thread 0x000001affc55b850 DEOPT PACKING pc=0x000001afab5f3c44 sp=0x00000078c5cfcf80
Event: 4.203 Thread 0x000001affc55b850 DEOPT UNPACKING pc=0x000001afab097da2 sp=0x00000078c5cfcf00 mode 2
Event: 4.221 Thread 0x000001affc55b850 Uncommon trap: trap_request=0xffffffde fr.pc=0x000001afab670db0 relative=0x0000000000000090
Event: 4.221 Thread 0x000001affc55b850 Uncommon trap: reason=class_check action=maybe_recompile pc=0x000001afab670db0 method=java.util.jar.JarFile.getJarEntry(Ljava/lang/String;)Ljava/util/jar/JarEntry; @ 2 c2
Event: 4.222 Thread 0x000001affc55b850 DEOPT PACKING pc=0x000001afab670db0 sp=0x00000078c5cfda00
Event: 4.222 Thread 0x000001affc55b850 DEOPT UNPACKING pc=0x000001afab097da2 sp=0x00000078c5cfd998 mode 2
Event: 4.222 Thread 0x000001affc55b850 Uncommon trap: trap_request=0xffffffde fr.pc=0x000001afab670db0 relative=0x0000000000000090
Event: 4.222 Thread 0x000001affc55b850 Uncommon trap: reason=class_check action=maybe_recompile pc=0x000001afab670db0 method=java.util.jar.JarFile.getJarEntry(Ljava/lang/String;)Ljava/util/jar/JarEntry; @ 2 c2
Event: 4.222 Thread 0x000001affc55b850 DEOPT PACKING pc=0x000001afab670db0 sp=0x00000078c5cfda00
Event: 4.222 Thread 0x000001affc55b850 DEOPT UNPACKING pc=0x000001afab097da2 sp=0x00000078c5cfd998 mode 2
Event: 4.222 Thread 0x000001affc55b850 Uncommon trap: trap_request=0xffffffde fr.pc=0x000001afab670db0 relative=0x0000000000000090
Event: 4.222 Thread 0x000001affc55b850 Uncommon trap: reason=class_check action=maybe_recompile pc=0x000001afab670db0 method=java.util.jar.JarFile.getJarEntry(Ljava/lang/String;)Ljava/util/jar/JarEntry; @ 2 c2
Event: 4.222 Thread 0x000001affc55b850 DEOPT PACKING pc=0x000001afab670db0 sp=0x00000078c5cfda00
Event: 4.222 Thread 0x000001affc55b850 DEOPT UNPACKING pc=0x000001afab097da2 sp=0x00000078c5cfd998 mode 2
Event: 4.236 Thread 0x000001affc55b850 Uncommon trap: trap_request=0xffffffde fr.pc=0x000001afab670db0 relative=0x0000000000000090
Event: 4.236 Thread 0x000001affc55b850 Uncommon trap: reason=class_check action=maybe_recompile pc=0x000001afab670db0 method=java.util.jar.JarFile.getJarEntry(Ljava/lang/String;)Ljava/util/jar/JarEntry; @ 2 c2
Event: 4.236 Thread 0x000001affc55b850 DEOPT PACKING pc=0x000001afab670db0 sp=0x00000078c5cfda30
Event: 4.236 Thread 0x000001affc55b850 DEOPT UNPACKING pc=0x000001afab097da2 sp=0x00000078c5cfd9c8 mode 2

Classes loaded (20 events):
Event: 4.213 Loading class java/net/SocketException
Event: 4.213 Loading class java/net/SocketException done
Event: 4.213 Loading class java/net/SocketImplFactory
Event: 4.213 Loading class java/net/SocketImplFactory done
Event: 4.250 Loading class java/lang/ProcessHandle
Event: 4.250 Loading class java/lang/ProcessHandle done
Event: 4.250 Loading class java/lang/ProcessHandleImpl
Event: 4.251 Loading class java/lang/ProcessHandleImpl done
Event: 4.253 Loading class java/util/concurrent/SynchronousQueue
Event: 4.254 Loading class java/util/concurrent/SynchronousQueue done
Event: 4.254 Loading class java/util/concurrent/SynchronousQueue$Transferer
Event: 4.254 Loading class java/util/concurrent/LinkedTransferQueue
Event: 4.254 Loading class java/util/concurrent/TransferQueue
Event: 4.254 Loading class java/util/concurrent/TransferQueue done
Event: 4.254 Loading class java/util/concurrent/LinkedTransferQueue done
Event: 4.254 Loading class java/util/concurrent/SynchronousQueue$Transferer done
Event: 4.255 Loading class java/util/concurrent/LinkedTransferQueue$DualNode
Event: 4.255 Loading class java/util/concurrent/LinkedTransferQueue$DualNode done
Event: 4.273 Loading class java/io/UnsupportedEncodingException
Event: 4.273 Loading class java/io/UnsupportedEncodingException done

Classes unloaded (0 events):
No events

Classes redefined (0 events):
No events

Internal exceptions (20 events):
Event: 3.180 Thread 0x000001affc55b850 Exception <a 'java/lang/NoSuchMethodError'{0x00000000c755ced8}: 'void java.lang.invoke.DelegatingMethodHandle$Holder.reinvoke_L(java.lang.Object, java.lang.Object, double)'> (0x00000000c755ced8) 
thrown [s\src\hotspot\share\interpreter\linkResolver.cpp, line 774]
Event: 3.185 Thread 0x000001affc55b850 Exception <a 'java/lang/NoSuchMethodError'{0x00000000c756ea58}: 'void java.lang.invoke.DirectMethodHandle$Holder.invokeSpecial(java.lang.Object, java.lang.Object, int)'> (0x00000000c756ea58) 
thrown [s\src\hotspot\share\interpreter\linkResolver.cpp, line 774]
Event: 3.186 Thread 0x000001affc55b850 Exception <a 'java/lang/NoSuchMethodError'{0x00000000c75728a8}: 'int java.lang.invoke.DirectMethodHandle$Holder.invokeSpecial(java.lang.Object, java.lang.Object, java.lang.Object, int)'> (0x00000000c75728a8) 
thrown [s\src\hotspot\share\interpreter\linkResolver.cpp, line 774]
Event: 3.188 Thread 0x000001affc55b850 Exception <a 'java/lang/NoSuchMethodError'{0x00000000c757cb40}: 'void java.lang.invoke.DelegatingMethodHandle$Holder.reinvoke_L(java.lang.Object, java.lang.Object, int)'> (0x00000000c757cb40) 
thrown [s\src\hotspot\share\interpreter\linkResolver.cpp, line 774]
Event: 3.188 Thread 0x000001affc55b850 Exception <a 'java/lang/NoSuchMethodError'{0x00000000c7580618}: 'int java.lang.invoke.DirectMethodHandle$Holder.invokeSpecial(java.lang.Object, java.lang.Object, java.lang.Object)'> (0x00000000c7580618) 
thrown [s\src\hotspot\share\interpreter\linkResolver.cpp, line 774]
Event: 3.222 Thread 0x000001affc55b850 Exception <a 'java/io/FileNotFoundException'{0x00000000c741fa10}> (0x00000000c741fa10) 
thrown [s\src\hotspot\share\prims\jni.cpp, line 520]
Event: 3.332 Thread 0x000001affc55b850 Exception <a 'java/io/FileNotFoundException'{0x00000000c7311d50}> (0x00000000c7311d50) 
thrown [s\src\hotspot\share\prims\jni.cpp, line 520]
Event: 3.378 Thread 0x000001affc55b850 Exception <a 'java/io/FileNotFoundException'{0x00000000c731f788}> (0x00000000c731f788) 
thrown [s\src\hotspot\share\prims\jni.cpp, line 520]
Event: 3.424 Thread 0x000001affc55b850 Exception <a 'java/io/FileNotFoundException'{0x00000000c7330480}> (0x00000000c7330480) 
thrown [s\src\hotspot\share\prims\jni.cpp, line 520]
Event: 3.454 Thread 0x000001affc55b850 Exception <a 'java/io/FileNotFoundException'{0x00000000c733df10}> (0x00000000c733df10) 
thrown [s\src\hotspot\share\prims\jni.cpp, line 520]
Event: 3.480 Thread 0x000001affc55b850 Exception <a 'java/io/FileNotFoundException'{0x00000000c734bc90}> (0x00000000c734bc90) 
thrown [s\src\hotspot\share\prims\jni.cpp, line 520]
Event: 3.524 Thread 0x000001affc55b850 Exception <a 'java/io/FileNotFoundException'{0x00000000c735dd50}> (0x00000000c735dd50) 
thrown [s\src\hotspot\share\prims\jni.cpp, line 520]
Event: 3.741 Thread 0x000001affc55b850 Exception <a 'java/lang/NoSuchMethodError'{0x00000000c7065e20}: 'void java.lang.invoke.DirectMethodHandle$Holder.invokeSpecial(java.lang.Object, java.lang.Object, java.lang.Object, java.lang.Object, java.lang.Object, java.lang.Object)'> (0x00000000c7065e20) 
thrown [s\src\hotspot\share\interpreter\linkResolver.cpp, line 774]
Event: 4.200 Thread 0x000001affc55b850 Exception <a 'sun/nio/fs/WindowsException'{0x00000000c6859418}> (0x00000000c6859418) 
thrown [s\src\hotspot\share\prims\jni.cpp, line 520]
Event: 4.203 Thread 0x000001affc55b850 Exception <a 'sun/nio/fs/WindowsException'{0x00000000c685d960}> (0x00000000c685d960) 
thrown [s\src\hotspot\share\prims\jni.cpp, line 520]
Event: 4.204 Thread 0x000001affc55b850 Exception <a 'sun/nio/fs/WindowsException'{0x00000000c685f580}> (0x00000000c685f580) 
thrown [s\src\hotspot\share\prims\jni.cpp, line 520]
Event: 4.215 Thread 0x000001affc55b850 Exception <a 'sun/nio/fs/WindowsException'{0x00000000c68837d8}> (0x00000000c68837d8) 
thrown [s\src\hotspot\share\prims\jni.cpp, line 520]
Event: 4.252 Thread 0x000001affc55b850 Exception <a 'java/lang/NoSuchMethodError'{0x00000000c663bf98}: 'java.lang.Object java.lang.invoke.DirectMethodHandle$Holder.invokeStatic(java.lang.Object, long, java.lang.Object)'> (0x00000000c663bf98) 
thrown [s\src\hotspot\share\interpreter\linkResolver.cpp, line 774]
Event: 4.253 Thread 0x000001affc55b850 Exception <a 'java/lang/NoSuchMethodError'{0x00000000c66881f8}: 'java.lang.Object java.lang.invoke.DirectMethodHandle$Holder.invokeStaticInit(java.lang.Object, long, java.lang.Object)'> (0x00000000c66881f8) 
thrown [s\src\hotspot\share\interpreter\linkResolver.cpp, line 774]
Event: 4.253 Thread 0x000001affc55b850 Exception <a 'java/lang/NoSuchMethodError'{0x00000000c668d968}: 'java.lang.Object java.lang.invoke.DirectMethodHandle$Holder.newInvokeSpecial(java.lang.Object, long)'> (0x00000000c668d968) 
thrown [s\src\hotspot\share\interpreter\linkResolver.cpp, line 774]

ZGC Phase Switch (0 events):
No events

VM Operations (20 events):
Event: 2.827 Executing VM operation: HandshakeAllThreads (Deoptimize)
Event: 2.827 Executing VM operation: HandshakeAllThreads (Deoptimize) done
Event: 2.911 Executing VM operation: HandshakeAllThreads (Deoptimize)
Event: 2.911 Executing VM operation: HandshakeAllThreads (Deoptimize) done
Event: 3.026 Executing VM operation: HandshakeAllThreads (Deoptimize)
Event: 3.026 Executing VM operation: HandshakeAllThreads (Deoptimize) done
Event: 3.029 Executing VM operation: HandshakeAllThreads (Deoptimize)
Event: 3.029 Executing VM operation: HandshakeAllThreads (Deoptimize) done
Event: 3.696 Executing VM operation: HandshakeAllThreads (Deoptimize)
Event: 3.696 Executing VM operation: HandshakeAllThreads (Deoptimize) done
Event: 3.939 Executing VM operation: ICBufferFull
Event: 3.939 Executing VM operation: ICBufferFull done
Event: 3.977 Executing VM operation: HandshakeAllThreads (Deoptimize)
Event: 3.977 Executing VM operation: HandshakeAllThreads (Deoptimize) done
Event: 3.985 Executing VM operation: HandshakeAllThreads (Deoptimize)
Event: 3.985 Executing VM operation: HandshakeAllThreads (Deoptimize) done
Event: 4.014 Executing VM operation: HandshakeAllThreads (Deoptimize)
Event: 4.014 Executing VM operation: HandshakeAllThreads (Deoptimize) done
Event: 4.053 Executing VM operation: HandshakeAllThreads (Deoptimize)
Event: 4.053 Executing VM operation: HandshakeAllThreads (Deoptimize) done

Events (18 events):
Event: 0.042 Thread 0x000001af992c7020 Thread added: 0x000001af992c7020
Event: 0.066 Thread 0x000001afb6addd10 Thread added: 0x000001afb6addd10
Event: 0.066 Thread 0x000001afb6aded20 Thread added: 0x000001afb6aded20
Event: 0.066 Thread 0x000001afb6ae69d0 Thread added: 0x000001afb6ae69d0
Event: 0.067 Thread 0x000001afb6aea0d0 Thread added: 0x000001afb6aea0d0
Event: 0.067 Thread 0x000001afb6aeac20 Thread added: 0x000001afb6aeac20
Event: 0.067 Thread 0x000001afb6aef900 Thread added: 0x000001afb6aef900
Event: 0.067 Thread 0x000001afb6af57c0 Thread added: 0x000001afb6af57c0
Event: 0.067 Thread 0x000001afb6af6a90 Thread added: 0x000001afb6af6a90
Event: 0.116 Thread 0x000001affc030fa0 Thread added: 0x000001affc030fa0
Event: 0.601 Thread 0x000001affc43d140 Thread added: 0x000001affc43d140
Event: 0.601 Thread 0x000001affc55ab30 Thread added: 0x000001affc55ab30
Event: 1.535 Thread 0x000001affc55b1c0 Thread added: 0x000001affc55b1c0
Event: 1.836 Thread 0x000001affc55cc00 Thread added: 0x000001affc55cc00
Event: 1.841 Thread 0x000001affc55b850 Thread added: 0x000001affc55b850
Event: 2.206 Thread 0x000001affc55bee0 Thread added: 0x000001affc55bee0
Event: 2.246 Thread 0x000001affc55c570 Thread added: 0x000001affc55c570
Event: 3.916 Thread 0x000001affc55d290 Thread added: 0x000001affc55d290


Dynamic libraries:
0x00007ff65f4c0000 - 0x00007ff65f4ce000 	C:\Users\NGOC\.jdks\azul-22\bin\java.exe
0x00007ff8a65f0000 - 0x00007ff8a6807000 	C:\WINDOWS\SYSTEM32\ntdll.dll
0x00007ff8a4cb0000 - 0x00007ff8a4d74000 	C:\WINDOWS\System32\KERNEL32.DLL
0x00007ff8a3b50000 - 0x00007ff8a3ef7000 	C:\WINDOWS\System32\KERNELBASE.dll
0x00007ff8a3f00000 - 0x00007ff8a4011000 	C:\WINDOWS\System32\ucrtbase.dll
0x00007ff89c2c0000 - 0x00007ff89c2d7000 	C:\Users\NGOC\.jdks\azul-22\bin\jli.dll
0x00007ff89c5f0000 - 0x00007ff89c60b000 	C:\Users\NGOC\.jdks\azul-22\bin\VCRUNTIME140.dll
0x00007ff8a47b0000 - 0x00007ff8a495e000 	C:\WINDOWS\System32\USER32.dll
0x00007ff87d100000 - 0x00007ff87d393000 	C:\WINDOWS\WinSxS\amd64_microsoft.windows.common-controls_6595b64144ccf1df_6.0.22621.3527_none_270e469b73872a76\COMCTL32.dll
0x00007ff8a3910000 - 0x00007ff8a3936000 	C:\WINDOWS\System32\win32u.dll
0x00007ff8a4aa0000 - 0x00007ff8a4b47000 	C:\WINDOWS\System32\msvcrt.dll
0x00007ff8a6580000 - 0x00007ff8a65a9000 	C:\WINDOWS\System32\GDI32.dll
0x00007ff8a39c0000 - 0x00007ff8a3ad9000 	C:\WINDOWS\System32\gdi32full.dll
0x00007ff8a4020000 - 0x00007ff8a40ba000 	C:\WINDOWS\System32\msvcp_win.dll
0x00007ff8a5410000 - 0x00007ff8a5441000 	C:\WINDOWS\System32\IMM32.DLL
0x00007ff89cf70000 - 0x00007ff89cf7c000 	C:\Users\NGOC\.jdks\azul-22\bin\vcruntime140_1.dll
0x00007ff885180000 - 0x00007ff88520e000 	C:\Users\NGOC\.jdks\azul-22\bin\msvcp140.dll
0x00007ff859a60000 - 0x00007ff85a82c000 	C:\Users\NGOC\.jdks\azul-22\bin\server\jvm.dll
0x00007ff8a5350000 - 0x00007ff8a5402000 	C:\WINDOWS\System32\ADVAPI32.dll
0x00007ff8a5ff0000 - 0x00007ff8a6098000 	C:\WINDOWS\System32\sechost.dll
0x00007ff8a40c0000 - 0x00007ff8a40e8000 	C:\WINDOWS\System32\bcrypt.dll
0x00007ff8a54c0000 - 0x00007ff8a55d5000 	C:\WINDOWS\System32\RPCRT4.dll
0x00007ff8a5160000 - 0x00007ff8a51d1000 	C:\WINDOWS\System32\WS2_32.dll
0x00007ff89bf70000 - 0x00007ff89bfa4000 	C:\WINDOWS\SYSTEM32\WINMM.dll
0x00007ff8a33d0000 - 0x00007ff8a341d000 	C:\WINDOWS\SYSTEM32\POWRPROF.dll
0x00007ff89bf50000 - 0x00007ff89bf5a000 	C:\WINDOWS\SYSTEM32\VERSION.dll
0x00007ff8a3270000 - 0x00007ff8a3283000 	C:\WINDOWS\SYSTEM32\UMPDC.dll
0x00007ff8a2890000 - 0x00007ff8a28a8000 	C:\WINDOWS\SYSTEM32\kernel.appcore.dll
0x00007ff89cf10000 - 0x00007ff89cf1a000 	C:\Users\NGOC\.jdks\azul-22\bin\jimage.dll
0x00007ff8a0850000 - 0x00007ff8a0a82000 	C:\WINDOWS\SYSTEM32\DBGHELP.DLL
0x00007ff8a4d80000 - 0x00007ff8a5108000 	C:\WINDOWS\System32\combase.dll
0x00007ff8a51f0000 - 0x00007ff8a52c7000 	C:\WINDOWS\System32\OLEAUT32.dll
0x00007ff899620000 - 0x00007ff899652000 	C:\WINDOWS\SYSTEM32\dbgcore.DLL
0x00007ff8a3940000 - 0x00007ff8a39b9000 	C:\WINDOWS\System32\bcryptPrimitives.dll
0x00007ff89c1e0000 - 0x00007ff89c1ef000 	C:\Users\NGOC\.jdks\azul-22\bin\instrument.dll
0x00007ff89b960000 - 0x00007ff89b97e000 	C:\Users\NGOC\.jdks\azul-22\bin\java.dll
0x00007ff8a5790000 - 0x00007ff8a5fec000 	C:\WINDOWS\System32\SHELL32.dll
0x00007ff8a55e0000 - 0x00007ff8a5785000 	C:\WINDOWS\System32\ole32.dll
0x00007ff8a1800000 - 0x00007ff8a20f6000 	C:\WINDOWS\SYSTEM32\windows.storage.dll
0x00007ff8a16c0000 - 0x00007ff8a17fe000 	C:\WINDOWS\SYSTEM32\wintypes.dll
0x00007ff8a45b0000 - 0x00007ff8a46a5000 	C:\WINDOWS\System32\SHCORE.dll
0x00007ff8a6520000 - 0x00007ff8a657e000 	C:\WINDOWS\System32\shlwapi.dll
0x00007ff8a3840000 - 0x00007ff8a3861000 	C:\WINDOWS\SYSTEM32\profapi.dll
0x00007ff884250000 - 0x00007ff884327000 	C:\Users\NGOC\.jdks\azul-22\bin\jsvml.dll
0x00007ff89c5e0000 - 0x00007ff89c5f0000 	C:\Users\NGOC\.jdks\azul-22\bin\net.dll
0x00007ff8a2d60000 - 0x00007ff8a2dc9000 	C:\WINDOWS\system32\mswsock.dll
0x00007ff89b7f0000 - 0x00007ff89b806000 	C:\Users\NGOC\.jdks\azul-22\bin\nio.dll
0x00007ff899690000 - 0x00007ff8996a7000 	C:\Users\NGOC\.jdks\azul-22\bin\zip.dll
0x00007ff885260000 - 0x00007ff88527a000 	C:\Program Files\JetBrains\IntelliJ IDEA 2024.1\bin\breakgen64.dll
0x000001af9b490000 - 0x000001af9b493000 	C:\Users\NGOC\.openjfx\cache\20.0.1+2\amd64\api-ms-win-core-console-l1-1-0.dll
0x000001af9b4a0000 - 0x000001af9b4a3000 	C:\Users\NGOC\.openjfx\cache\20.0.1+2\amd64\api-ms-win-core-console-l1-2-0.dll
0x000001af9b4b0000 - 0x000001af9b4b3000 	C:\Users\NGOC\.openjfx\cache\20.0.1+2\amd64\api-ms-win-core-datetime-l1-1-0.dll
0x000001af9b4c0000 - 0x000001af9b4c3000 	C:\Users\NGOC\.openjfx\cache\20.0.1+2\amd64\api-ms-win-core-debug-l1-1-0.dll
0x000001af9b4d0000 - 0x000001af9b4d3000 	C:\Users\NGOC\.openjfx\cache\20.0.1+2\amd64\api-ms-win-core-errorhandling-l1-1-0.dll
0x000001af9b4e0000 - 0x000001af9b4e4000 	C:\Users\NGOC\.openjfx\cache\20.0.1+2\amd64\api-ms-win-core-file-l1-1-0.dll
0x000001af9b4f0000 - 0x000001af9b4f3000 	C:\Users\NGOC\.openjfx\cache\20.0.1+2\amd64\api-ms-win-core-file-l1-2-0.dll
0x000001af9b500000 - 0x000001af9b503000 	C:\Users\NGOC\.openjfx\cache\20.0.1+2\amd64\api-ms-win-core-file-l2-1-0.dll
0x000001af9b510000 - 0x000001af9b513000 	C:\Users\NGOC\.openjfx\cache\20.0.1+2\amd64\api-ms-win-core-handle-l1-1-0.dll
0x000001af9b520000 - 0x000001af9b523000 	C:\Users\NGOC\.openjfx\cache\20.0.1+2\amd64\api-ms-win-core-heap-l1-1-0.dll
0x000001afb6c90000 - 0x000001afb6c93000 	C:\Users\NGOC\.openjfx\cache\20.0.1+2\amd64\api-ms-win-core-interlocked-l1-1-0.dll
0x000001afb6ca0000 - 0x000001afb6ca3000 	C:\Users\NGOC\.openjfx\cache\20.0.1+2\amd64\api-ms-win-core-libraryloader-l1-1-0.dll
0x000001afb6cb0000 - 0x000001afb6cb3000 	C:\Users\NGOC\.openjfx\cache\20.0.1+2\amd64\api-ms-win-core-localization-l1-2-0.dll
0x000001afb6cc0000 - 0x000001afb6cc3000 	C:\Users\NGOC\.openjfx\cache\20.0.1+2\amd64\api-ms-win-core-memory-l1-1-0.dll
0x000001afb6cd0000 - 0x000001afb6cd3000 	C:\Users\NGOC\.openjfx\cache\20.0.1+2\amd64\api-ms-win-core-namedpipe-l1-1-0.dll
0x000001afb6ce0000 - 0x000001afb6ce3000 	C:\Users\NGOC\.openjfx\cache\20.0.1+2\amd64\api-ms-win-core-processenvironment-l1-1-0.dll
0x000001afb6cf0000 - 0x000001afb6cf3000 	C:\Users\NGOC\.openjfx\cache\20.0.1+2\amd64\api-ms-win-core-processthreads-l1-1-0.dll
0x000001afb6d00000 - 0x000001afb6d03000 	C:\Users\NGOC\.openjfx\cache\20.0.1+2\amd64\api-ms-win-core-processthreads-l1-1-1.dll
0x000001afb6d10000 - 0x000001afb6d13000 	C:\Users\NGOC\.openjfx\cache\20.0.1+2\amd64\api-ms-win-core-profile-l1-1-0.dll
0x000001afb6d20000 - 0x000001afb6d23000 	C:\Users\NGOC\.openjfx\cache\20.0.1+2\amd64\api-ms-win-core-rtlsupport-l1-1-0.dll
0x000001afb6d30000 - 0x000001afb6d33000 	C:\Users\NGOC\.openjfx\cache\20.0.1+2\amd64\api-ms-win-core-string-l1-1-0.dll
0x000001afb6d40000 - 0x000001afb6d43000 	C:\Users\NGOC\.openjfx\cache\20.0.1+2\amd64\api-ms-win-core-synch-l1-1-0.dll
0x000001afb6d50000 - 0x000001afb6d53000 	C:\Users\NGOC\.openjfx\cache\20.0.1+2\amd64\api-ms-win-core-synch-l1-2-0.dll
0x000001afb6d60000 - 0x000001afb6d63000 	C:\Users\NGOC\.openjfx\cache\20.0.1+2\amd64\api-ms-win-core-sysinfo-l1-1-0.dll
0x000001afb6d70000 - 0x000001afb6d73000 	C:\Users\NGOC\.openjfx\cache\20.0.1+2\amd64\api-ms-win-core-timezone-l1-1-0.dll
0x000001afb6d80000 - 0x000001afb6d83000 	C:\Users\NGOC\.openjfx\cache\20.0.1+2\amd64\api-ms-win-core-util-l1-1-0.dll
0x000001afb6d90000 - 0x000001afb6d93000 	C:\Users\NGOC\.openjfx\cache\20.0.1+2\amd64\api-ms-win-crt-conio-l1-1-0.dll
0x000001afb6da0000 - 0x000001afb6da4000 	C:\Users\NGOC\.openjfx\cache\20.0.1+2\amd64\api-ms-win-crt-convert-l1-1-0.dll
0x000001afb6db0000 - 0x000001afb6db3000 	C:\Users\NGOC\.openjfx\cache\20.0.1+2\amd64\api-ms-win-crt-environment-l1-1-0.dll
0x000001afb6dc0000 - 0x000001afb6dc3000 	C:\Users\NGOC\.openjfx\cache\20.0.1+2\amd64\api-ms-win-crt-filesystem-l1-1-0.dll
0x000001afb6dd0000 - 0x000001afb6dd3000 	C:\Users\NGOC\.openjfx\cache\20.0.1+2\amd64\api-ms-win-crt-heap-l1-1-0.dll
0x000001afb6de0000 - 0x000001afb6de3000 	C:\Users\NGOC\.openjfx\cache\20.0.1+2\amd64\api-ms-win-crt-locale-l1-1-0.dll
0x000001afb6df0000 - 0x000001afb6df5000 	C:\Users\NGOC\.openjfx\cache\20.0.1+2\amd64\api-ms-win-crt-math-l1-1-0.dll
0x000001afb6e00000 - 0x000001afb6e05000 	C:\Users\NGOC\.openjfx\cache\20.0.1+2\amd64\api-ms-win-crt-multibyte-l1-1-0.dll
0x000001afb6e10000 - 0x000001afb6e20000 	C:\Users\NGOC\.openjfx\cache\20.0.1+2\amd64\api-ms-win-crt-private-l1-1-0.dll
0x000001afb6e20000 - 0x000001afb6e23000 	C:\Users\NGOC\.openjfx\cache\20.0.1+2\amd64\api-ms-win-crt-process-l1-1-0.dll
0x000001afb6e30000 - 0x000001afb6e34000 	C:\Users\NGOC\.openjfx\cache\20.0.1+2\amd64\api-ms-win-crt-runtime-l1-1-0.dll
0x000001afb6e40000 - 0x000001afb6e44000 	C:\Users\NGOC\.openjfx\cache\20.0.1+2\amd64\api-ms-win-crt-stdio-l1-1-0.dll
0x000001afb6e50000 - 0x000001afb6e54000 	C:\Users\NGOC\.openjfx\cache\20.0.1+2\amd64\api-ms-win-crt-string-l1-1-0.dll
0x000001afb6e60000 - 0x000001afb6e63000 	C:\Users\NGOC\.openjfx\cache\20.0.1+2\amd64\api-ms-win-crt-time-l1-1-0.dll
0x000001afb6e70000 - 0x000001afb6e73000 	C:\Users\NGOC\.openjfx\cache\20.0.1+2\amd64\api-ms-win-crt-utility-l1-1-0.dll
0x00007ff859490000 - 0x00007ff85958c000 	C:\Users\NGOC\.openjfx\cache\20.0.1+2\amd64\ucrtbase.dll
0x00007ff885160000 - 0x00007ff88517b000 	C:\Users\NGOC\.openjfx\cache\20.0.1+2\amd64\vcruntime140.dll
0x00007ff890df0000 - 0x00007ff890dfc000 	C:\Users\NGOC\.openjfx\cache\20.0.1+2\amd64\vcruntime140_1.dll
0x00007ff859400000 - 0x00007ff85948e000 	C:\Users\NGOC\.openjfx\cache\20.0.1+2\amd64\msvcp140.dll
0x00007ff88f180000 - 0x00007ff88f189000 	C:\Users\NGOC\.openjfx\cache\20.0.1+2\amd64\msvcp140_1.dll
0x00007ff885130000 - 0x00007ff885160000 	C:\Users\NGOC\.openjfx\cache\20.0.1+2\amd64\msvcp140_2.dll
0x00007ff884ba0000 - 0x00007ff884bcf000 	C:\Users\NGOC\.openjfx\cache\20.0.1+2\amd64\prism_d3d.dll
0x00007ff855400000 - 0x00007ff8555a9000 	C:\WINDOWS\system32\d3d9.dll
0x00007ff8a1050000 - 0x00007ff8a107b000 	C:\WINDOWS\SYSTEM32\dwmapi.dll
0x00007ff8a0ee0000 - 0x00007ff8a0f19000 	C:\WINDOWS\SYSTEM32\dxcore.dll
0x00007ff8a0df0000 - 0x00007ff8a0e9b000 	C:\WINDOWS\system32\uxtheme.dll
0x00007ff832340000 - 0x00007ff83259c000 	C:\WINDOWS\System32\DriverStore\FileRepository\iigd_dch.inf_amd64_da775d7ecf291310\igdumdim64.dll
0x00007ff82dcc0000 - 0x00007ff82f021000 	C:\WINDOWS\System32\DriverStore\FileRepository\iigd_dch.inf_amd64_da775d7ecf291310\igd9dxva64.dll
0x00007ff8a60a0000 - 0x00007ff8a6514000 	C:\WINDOWS\System32\SETUPAPI.dll
0x00007ff8a35f0000 - 0x00007ff8a363e000 	C:\WINDOWS\SYSTEM32\cfgmgr32.dll
0x00007ff824810000 - 0x00007ff826539000 	C:\WINDOWS\System32\DriverStore\FileRepository\iigd_dch.inf_amd64_da775d7ecf291310\media_bin_64.dll
0x00007ff88a1d0000 - 0x00007ff88a60c000 	C:\WINDOWS\System32\DriverStore\FileRepository\iigd_dch.inf_amd64_da775d7ecf291310\igdgmm64.dll
0x00007ff88e4b0000 - 0x00007ff88e4fa000 	C:\WINDOWS\SYSTEM32\directxdatabasehelper.dll
0x00007ff8840e0000 - 0x00007ff884122000 	C:\Users\NGOC\.openjfx\cache\20.0.1+2\amd64\glass.dll
0x00007ff8a46b0000 - 0x00007ff8a47a7000 	C:\WINDOWS\System32\COMDLG32.dll
0x00007ff8a4b50000 - 0x00007ff8a4ca3000 	C:\WINDOWS\System32\MSCTF.dll
0x00007ff89b810000 - 0x00007ff89b837000 	C:\WINDOWS\System32\DriverStore\FileRepository\iigd_dch.inf_amd64_da775d7ecf291310\igdinfo64.dll
0x00007ff886100000 - 0x00007ff88a166000 	C:\WINDOWS\System32\DriverStore\FileRepository\iigd_dch.inf_amd64_da775d7ecf291310\igc64.dll
0x00007ff8848f0000 - 0x00007ff884904000 	C:\Users\NGOC\.openjfx\cache\20.0.1+2\amd64\javafx_font.dll
0x00007ff884180000 - 0x00007ff8841ad000 	C:\Users\NGOC\.openjfx\cache\20.0.1+2\amd64\javafx_iio.dll
0x00007ff89f670000 - 0x00007ff89f8e4000 	C:\WINDOWS\SYSTEM32\dwrite.dll
0x00007ff868b40000 - 0x00007ff868b57000 	C:\WINDOWS\system32\napinsp.dll
0x00007ff86a570000 - 0x00007ff86a58b000 	C:\WINDOWS\system32\pnrpnsp.dll
0x00007ff8a2390000 - 0x00007ff8a2488000 	C:\WINDOWS\SYSTEM32\DNSAPI.dll
0x00007ff86a550000 - 0x00007ff86a561000 	C:\WINDOWS\System32\winrnr.dll
0x00007ff89be60000 - 0x00007ff89be75000 	C:\WINDOWS\system32\wshbth.dll
0x00007ff86a590000 - 0x00007ff86a5b7000 	C:\WINDOWS\system32\nlansp_c.dll
0x00007ff89b780000 - 0x00007ff89b78a000 	C:\Windows\System32\rasadhlp.dll
0x00007ff8a2360000 - 0x00007ff8a238d000 	C:\WINDOWS\SYSTEM32\IPHLPAPI.DLL
0x00007ff8a52d0000 - 0x00007ff8a52d9000 	C:\WINDOWS\System32\NSI.dll
0x00007ff89bec0000 - 0x00007ff89bf43000 	C:\WINDOWS\System32\fwpuclnt.dll
0x00007ff8a2f80000 - 0x00007ff8a2f9b000 	C:\WINDOWS\SYSTEM32\CRYPTSP.dll
0x00007ff8a2850000 - 0x00007ff8a2885000 	C:\WINDOWS\system32\rsaenh.dll

dbghelp: loaded successfully - version: 4.0.5 - missing functions: none
symbol engine: initialized successfully - sym options: 0x614 - pdb path: .;C:\Users\NGOC\.jdks\azul-22\bin;C:\WINDOWS\SYSTEM32;C:\WINDOWS\WinSxS\amd64_microsoft.windows.common-controls_6595b64144ccf1df_6.0.22621.3527_none_270e469b73872a76;C:\Users\NGOC\.jdks\azul-22\bin\server;C:\Program Files\JetBrains\IntelliJ IDEA 2024.1\bin;C:\Users\NGOC\.openjfx\cache\20.0.1+2\amd64;C:\WINDOWS\System32\DriverStore\FileRepository\iigd_dch.inf_amd64_da775d7ecf291310

VM Arguments:
jvm_args: -javaagent:C:\Program Files\JetBrains\IntelliJ IDEA 2024.1\lib\idea_rt.jar=62785:C:\Program Files\JetBrains\IntelliJ IDEA 2024.1\bin -Dfile.encoding=UTF-8 -Dsun.stdout.encoding=UTF-8 -Dsun.stderr.encoding=UTF-8 --module-path=C:\Users\NGOC\.m2\repository\commons-io\commons-io\2.11.0\commons-io-2.11.0.jar;C:\Users\NGOC\.m2\repository\org\apache\poi\poi-ooxml\5.2.3\poi-ooxml-5.2.3.jar;C:\Users\NGOC\.m2\repository\org\apache\commons\commons-compress\1.21\commons-compress-1.21.jar;C:\Users\NGOC\.m2\repository\org\apache\poi\poi\5.2.3\poi-5.2.3.jar;C:\Users\NGOC\.m2\repository\org\openjfx\javafx-graphics\20.0.1\javafx-graphics-20.0.1-win.jar;C:\Users\NGOC\.m2\repository\org\apache\logging\log4j\log4j-api\2.18.0\log4j-api-2.18.0.jar;C:\Users\NGOC\.m2\repository\org\openjfx\javafx-base\20.0.1\javafx-base-20.0.1-win.jar;C:\Users\NGOC\IdeaProjects\BuildingOperationsApplication\target\classes;C:\Users\NGOC\.m2\repository\com\zaxxer\SparseBitSet\1.2\SparseBitSet-1.2.jar;C:\Users\NGOC\.m2\repository\org\openjfx\javafx-controls\20.0.1\javafx-controls-20.0.1-win.jar;C:\Users\NGOC\.m2\repository\org\apache\poi\poi-ooxml-lite\5.2.3\poi-ooxml-lite-5.2.3.jar;C:\Users\NGOC\.m2\repository\commons-codec\commons-codec\1.15\commons-codec-1.15.jar;C:\Users\NGOC\.m2\repository\org\apache\commons\commons-collections4\4.4\commons-collections4-4.4.jar;C:\Users\NGOC\.m2\repository\com\dlsc\formsfx\formsfx-core\11.6.0\formsfx-core-11.6.0.jar;C:\Users\NGOC\.m2\repository\org\openjfx\javafx-fxml\20.0.1\javafx-fxml-20.0.1-win.jar;C:\Users\NGOC\.m2\repository\org\apache\xmlbeans\xmlbeans\5.1.1\xmlbeans-5.1.1.jar;C:\Users\NGOC\.m2\repository\org\apache\commons\commons-math3\3.6.1\commons-math3-3.6.1.jar -Djdk.module.main=com.example.managingbuildingjava 
java_command: com.example.managingbuildingjava/com.example.managingbuildingjava.BuildingManager
java_class_path (initial): C:\Users\NGOC\.m2\repository\com\microsoft\sqlserver\mssql-jdbc\12.6.1.jre11\mssql-jdbc-12.6.1.jre11.jar;C:\Users\NGOC\.m2\repository\org\openjfx\javafx-controls\20.0.1\javafx-controls-20.0.1.jar;C:\Users\NGOC\.m2\repository\org\openjfx\javafx-graphics\20.0.1\javafx-graphics-20.0.1.jar;C:\Users\NGOC\.m2\repository\org\openjfx\javafx-base\20.0.1\javafx-base-20.0.1.jar;C:\Users\NGOC\.m2\repository\org\openjfx\javafx-fxml\20.0.1\javafx-fxml-20.0.1.jar;C:\Users\NGOC\.m2\repository\org\apache\maven\plugin-tools\maven-plugin-annotations\3.1\maven-plugin-annotations-3.1.jar;C:\Users\NGOC\.m2\repository\org\apache\maven\maven-artifact\3.0\maven-artifact-3.0.jar;C:\Users\NGOC\.m2\repository\org\codehaus\plexus\plexus-utils\2.0.4\plexus-utils-2.0.4.jar;C:\Users\NGOC\.m2\repository\com\github\virtuald\curvesapi\1.07\curvesapi-1.07.jar
Launcher Type: SUN_STANDARD

[Global flags]
     intx CICompilerCount                          = 4                                         {product} {ergonomic}
     uint ConcGCThreads                            = 2                                         {product} {ergonomic}
     uint G1ConcRefinementThreads                  = 8                                         {product} {ergonomic}
   size_t G1HeapRegionSize                         = 1048576                                   {product} {ergonomic}
   size_t InitialHeapSize                          = 62914560                                  {product} {ergonomic}
   size_t MarkStackSize                            = 4194304                                   {product} {ergonomic}
   size_t MaxHeapSize                              = 1004535808                                {product} {ergonomic}
   size_t MaxNewSize                               = 601882624                                 {product} {ergonomic}
   size_t MinHeapDeltaBytes                        = 1048576                                   {product} {ergonomic}
   size_t MinHeapSize                              = 8388608                                   {product} {ergonomic}
    uintx NonNMethodCodeHeapSize                   = 5839372                                {pd product} {ergonomic}
    uintx NonProfiledCodeHeapSize                  = 122909434                              {pd product} {ergonomic}
    uintx ProfiledCodeHeapSize                     = 122909434                              {pd product} {ergonomic}
    uintx ReservedCodeCacheSize                    = 251658240                              {pd product} {ergonomic}
     bool SegmentedCodeCache                       = true                                      {product} {ergonomic}
   size_t SoftMaxHeapSize                          = 1004535808                             {manageable} {ergonomic}
     bool UseCompressedOops                        = true                           {product lp64_product} {ergonomic}
     bool UseG1GC                                  = true                                      {product} {ergonomic}
     bool UseLargePagesIndividualAllocation        = false                                  {pd product} {ergonomic}

Logging:
Log output configuration:
 #0: stdout all=warning uptime,level,tags foldmultilines=false
 #1: stderr all=off uptime,level,tags foldmultilines=false

Environment Variables:
JAVA_HOME=C:\Java\
PATH=C:\Java\bin;C:\Program Files\Common Files\Oracle\Java\javapath;C:\Program Files (x86)\NVIDIA Corporation\PhysX\Common;C:\Program Files (x86)\Common Files\Oracle\Java\javapath;C:\WINDOWS\system32;C:\WINDOWS;C:\WINDOWS\System32\Wbem;C:\WINDOWS\System32\WindowsPowerShell\v1.0\;C:\WINDOWS\System32\OpenSSH\;C:\Program Files (x86)\Microsoft SQL Server\160\Tools\Binn\;C:\Program Files\Microsoft SQL Server\160\Tools\Binn\;C:\Program Files\Microsoft SQL Server\Client SDK\ODBC\170\Tools\Binn\;C:\Program Files\Microsoft SQL Server\160\DTS\Binn\;C:\Program Files (x86)\Microsoft SQL Server\160\DTS\Binn\;C:\Program Files\Azure Data Studio\bin;C:\Program Files\Git\cmd;C:\Program Files\nodejs\;C:\Program Files\Cloudflare\Cloudflare WARP\;C:\Users\NGOC\anaconda3;C:\Users\NGOC\anaconda3\Library\mingw-w64\bin;C:\Users\NGOC\anaconda3\Library\usr\bin;C:\Users\NGOC\anaconda3\Library\bin;C:\Users\NGOC\anaconda3\Scripts;C:\Users\NGOC\AppData\Local\Microsoft\WindowsApps;C:\Users\NGOC\AppData\Local\Programs\Microsoft VS Code\bin;C:\MinGW\bin;C:\Program Files\JetBrains\IntelliJ IDEA Community Edition 2023.2.1\bin;;C:\Program Files\Azure Data Studio\bin;C:\Users\NGOC\AppData\Roaming\npm;C:\Users\NGOC\AppData\Local\GitHubDesktop\bin
USERNAME=NGOC
OS=Windows_NT
PROCESSOR_IDENTIFIER=Intel64 Family 6 Model 140 Stepping 1, GenuineIntel
TMP=C:\Users\NGOC\AppData\Local\Temp
TEMP=C:\Users\NGOC\AppData\Local\Temp




Periodic native trim disabled

---------------  S Y S T E M  ---------------

OS:
 Windows 11 , 64 bit Build 22621 (10.0.22621.3527)
OS uptime: 0 days 23:03 hours
Hyper-V role detected

CPU: total 8 (initial active 8) (4 cores per cpu, 2 threads per core) family 6 model 140 stepping 1 microcode 0xb6, cx8, cmov, fxsr, ht, mmx, 3dnowpref, sse, sse2, sse3, ssse3, sse4.1, sse4.2, popcnt, lzcnt, tsc, tscinvbit, avx, avx2, aes, erms, clmul, bmi1, bmi2, adx, avx512f, avx512dq, avx512cd, avx512bw, avx512vl, sha, fma, vzeroupper, avx512_vpopcntdq, avx512_vpclmulqdq, avx512_vaes, avx512_vnni, clflush, clflushopt, clwb, avx512_vbmi2, avx512_vbmi, hv, rdtscp, rdpid, fsrm, gfni, avx512_bitalg, f16c, cet_ibt, cet_ss, avx512_ifma
Processor Information for all 8 processors :
  Max Mhz: 2419, Current Mhz: 2419, Mhz Limit: 2419

Memory: 4k page, system-wide physical 3824M (66M free)
TotalPageFile size 12016M (AvailPageFile size 0M)
current process WorkingSet (physical memory assigned to process): 159M, peak: 159M
current process commit charge ("private bytes"): 215M, peak: 216M

vm_info: OpenJDK 64-Bit Server VM (22+36) for windows-amd64 JRE (22+36) (Zulu22.28+91-CA), built on 2024-02-28T12:24:10Z by "zulu_re" with MS VC++ 17.1 (VS2022)

END.
