#
# There is insufficient memory for the Java Runtime Environment to continue.
# Native memory allocation (mmap) failed to map 5242880 bytes. Error detail: G1 virtual space
# Possible reasons:
#   The system is out of physical RAM or swap space
#   This process is running with CompressedOops enabled, and the Java Heap may be blocking the growth of the native heap
# Possible solutions:
#   Reduce memory load on the system
#   Increase physical memory or swap space
#   Check if swap backing store is full
#   Decrease Java heap size (-Xmx/-Xms)
#   Decrease number of Java threads
#   Decrease Java thread stack sizes (-Xss)
#   Set larger code cache with -XX:ReservedCodeCacheSize=
#   JVM is running with Unscaled Compressed Oops mode in which the Java heap is
#     placed in the first 4GB address space. The Java Heap base address is the
#     maximum limit for the native heap growth. Please use -XX:HeapBaseMinAddress
#     to set the Java Heap base and to place the Java Heap above 4GB virtual address.
# This output file may be truncated or incomplete.
#
#  Out of Memory Error (os_windows.cpp:3631), pid=12152, tid=15412
#
# JRE version: OpenJDK Runtime Environment Zulu22.28+91-CA (22.0+36) (build 22+36)
# Java VM: OpenJDK 64-Bit Server VM Zulu22.28+91-CA (22+36, mixed mode, sharing, tiered, compressed oops, compressed class ptrs, g1 gc, windows-amd64)
# No core dump will be written. Minidumps are not enabled by default on client versions of Windows
#

---------------  S U M M A R Y ------------

Command Line: -javaagent:C:\Program Files\JetBrains\IntelliJ IDEA 2024.1\lib\idea_rt.jar=56234:C:\Program Files\JetBrains\IntelliJ IDEA 2024.1\bin -Dfile.encoding=UTF-8 -Dsun.stdout.encoding=UTF-8 -Dsun.stderr.encoding=UTF-8 --module-path=C:\Users\NGOC\.m2\repository\org\openjfx\javafx-base\20.0.1\javafx-base-20.0.1-win.jar;C:\Users\NGOC\.m2\repository\org\apache\commons\commons-compress\1.21\commons-compress-1.21.jar;C:\Users\NGOC\.m2\repository\org\apache\xmlbeans\xmlbeans\5.1.1\xmlbeans-5.1.1.jar;C:\Users\NGOC\.m2\repository\org\apache\poi\poi-ooxml\5.2.3\poi-ooxml-5.2.3.jar;C:\Users\NGOC\.m2\repository\org\apache\poi\poi\5.2.3\poi-5.2.3.jar;C:\Users\NGOC\.m2\repository\org\openjfx\javafx-controls\20.0.1\javafx-controls-20.0.1-win.jar;C:\Users\NGOC\IdeaProjects\BuildingOperationsApplication\target\classes;C:\Users\NGOC\.m2\repository\org\apache\poi\poi-ooxml-lite\5.2.3\poi-ooxml-lite-5.2.3.jar;C:\Users\NGOC\.m2\repository\org\openjfx\javafx-fxml\20.0.1\javafx-fxml-20.0.1-win.jar;C:\Users\NGOC\.m2\repository\commons-codec\commons-codec\1.15\commons-codec-1.15.jar;C:\Users\NGOC\.m2\repository\org\apache\commons\commons-math3\3.6.1\commons-math3-3.6.1.jar;C:\Users\NGOC\.m2\repository\org\openjfx\javafx-graphics\20.0.1\javafx-graphics-20.0.1-win.jar;C:\Users\NGOC\.m2\repository\org\apache\commons\commons-collections4\4.4\commons-collections4-4.4.jar;C:\Users\NGOC\.m2\repository\org\apache\logging\log4j\log4j-api\2.18.0\log4j-api-2.18.0.jar;C:\Users\NGOC\.m2\repository\com\zaxxer\SparseBitSet\1.2\SparseBitSet-1.2.jar;C:\Users\NGOC\.m2\repository\commons-io\commons-io\2.11.0\commons-io-2.11.0.jar;C:\Users\NGOC\.m2\repository\com\dlsc\formsfx\formsfx-core\11.6.0\formsfx-core-11.6.0.jar -Djdk.module.main=com.example.managingbuildingjava com.example.managingbuildingjava/com.example.managingbuildingjava.BuildingManager

Host: 11th Gen Intel(R) Core(TM) i5-1135G7 @ 2.40GHz, 8 cores, 3G,  Windows 11 , 64 bit Build 22621 (10.0.22621.3527)
Time: Thu May 16 21:13:43 2024 SE Asia Standard Time elapsed time: 10.746831 seconds (0d 0h 0m 10s)

---------------  T H R E A D  ---------------

Current thread (0x00000200b9d0c510):  VMThread "VM Thread"          [id=15412, stack(0x000000e36fd00000,0x000000e36fe00000) (1024K)]

Stack: [0x000000e36fd00000,0x000000e36fe00000]
Native frames: (J=compiled Java code, j=interpreted, Vv=VM code, C=native code)
V  [jvm.dll+0x6f0f39]  (no source info available)
V  [jvm.dll+0x8d4513]  (no source info available)
V  [jvm.dll+0x8d677e]  (no source info available)
V  [jvm.dll+0x8d6e63]  (no source info available)
V  [jvm.dll+0x28aba6]  (no source info available)
V  [jvm.dll+0x6ed525]  (no source info available)
V  [jvm.dll+0x6e1e9a]  (no source info available)
V  [jvm.dll+0x36576a]  (no source info available)
V  [jvm.dll+0x36dc66]  (no source info available)
V  [jvm.dll+0x3bf9de]  (no source info available)
V  [jvm.dll+0x3bfc88]  (no source info available)
V  [jvm.dll+0x33876c]  (no source info available)
V  [jvm.dll+0x33b126]  (no source info available)
V  [jvm.dll+0x3456f4]  (no source info available)
V  [jvm.dll+0x37c745]  (no source info available)
V  [jvm.dll+0x8dce48]  (no source info available)
V  [jvm.dll+0x8de1c7]  (no source info available)
V  [jvm.dll+0x8de740]  (no source info available)
V  [jvm.dll+0x8de9e3]  (no source info available)
V  [jvm.dll+0x87bae8]  (no source info available)
V  [jvm.dll+0x6ef645]  (no source info available)
C  [ucrtbase.dll+0x29333]  (no source info available)
C  [KERNEL32.DLL+0x1257d]  (no source info available)
C  [ntdll.dll+0x5aa48]  (no source info available)

VM_Operation (0x000000e36f8ff310): G1PauseRemark, mode: safepoint, requested by thread 0x000002009e8111a0


---------------  P R O C E S S  ---------------

Threads class SMR info:
_java_thread_list=0x00000200871ffc40, length=20, elements={
0x000002009e7cfec0, 0x00000200b9d27e20, 0x00000200b9d28ef0, 0x00000200b9d2c140,
0x00000200b9d31710, 0x00000200b9d52ad0, 0x00000200b9d53810, 0x00000200b9d541b0,
0x00000200b9d591f0, 0x00000200ff0802e0, 0x00000200ff3c3c00, 0x00000200ff4d6790,
0x00000200ff8bc3d0, 0x00000200ffa56bf0, 0x00000200ffa48270, 0x0000020084c33fa0,
0x0000020084cca7e0, 0x00000200851c5d40, 0x00000200857a3430, 0x00000200857a19f0
}

Java Threads: ( => current thread )
  0x000002009e7cfec0 JavaThread "main"                              [_thread_blocked, id=17348, stack(0x000000e36f600000,0x000000e36f700000) (1024K)]
  0x00000200b9d27e20 JavaThread "Reference Handler"          daemon [_thread_blocked, id=11564, stack(0x000000e36fe00000,0x000000e36ff00000) (1024K)]
  0x00000200b9d28ef0 JavaThread "Finalizer"                  daemon [_thread_blocked, id=11072, stack(0x000000e36ff00000,0x000000e370000000) (1024K)]
  0x00000200b9d2c140 JavaThread "Signal Dispatcher"          daemon [_thread_blocked, id=11548, stack(0x000000e370000000,0x000000e370100000) (1024K)]
  0x00000200b9d31710 JavaThread "Attach Listener"            daemon [_thread_blocked, id=1336, stack(0x000000e370100000,0x000000e370200000) (1024K)]
  0x00000200b9d52ad0 JavaThread "Service Thread"             daemon [_thread_blocked, id=14772, stack(0x000000e370200000,0x000000e370300000) (1024K)]
  0x00000200b9d53810 JavaThread "Monitor Deflation Thread"   daemon [_thread_blocked, id=10464, stack(0x000000e370300000,0x000000e370400000) (1024K)]
  0x00000200b9d541b0 JavaThread "C2 CompilerThread0"         daemon [_thread_blocked, id=15532, stack(0x000000e370400000,0x000000e370500000) (1024K)]
  0x00000200b9d591f0 JavaThread "C1 CompilerThread0"         daemon [_thread_blocked, id=14352, stack(0x000000e370500000,0x000000e370600000) (1024K)]
  0x00000200ff0802e0 JavaThread "Common-Cleaner"             daemon [_thread_blocked, id=10088, stack(0x000000e370600000,0x000000e370700000) (1024K)]
  0x00000200ff3c3c00 JavaThread "Monitor Ctrl-Break"         daemon [_thread_in_native, id=9388, stack(0x000000e370700000,0x000000e370800000) (1024K)]
  0x00000200ff4d6790 JavaThread "Notification Thread"        daemon [_thread_blocked, id=15756, stack(0x000000e370800000,0x000000e370900000) (1024K)]
  0x00000200ff8bc3d0 JavaThread "QuantumRenderer-0"          daemon [_thread_blocked, id=3660, stack(0x000000e370c00000,0x000000e370d00000) (1024K)]
  0x00000200ffa56bf0 JavaThread "InvokeLaterDispatcher"      daemon [_thread_blocked, id=9872, stack(0x000000e370d00000,0x000000e370e00000) (1024K)]
  0x00000200ffa48270 JavaThread "JavaFX Application Thread"         [_thread_blocked, id=11500, stack(0x000000e370e00000,0x000000e370f00000) (1024K)]
  0x0000020084c33fa0 JavaThread "Thread-1"                   daemon [_thread_blocked, id=1156, stack(0x000000e371200000,0x000000e371300000) (1024K)]
  0x0000020084cca7e0 JavaThread "JavaFX-Launcher"                   [_thread_blocked, id=17892, stack(0x000000e371300000,0x000000e371400000) (1024K)]
  0x00000200851c5d40 JavaThread "Prism Font Disposer"        daemon [_thread_blocked, id=15968, stack(0x000000e371900000,0x000000e371a00000) (1024K)]
  0x00000200857a3430 JavaThread "Thread-3"                          [_thread_blocked, id=16836, stack(0x000000e371b00000,0x000000e371c00000) (1024K)]
  0x00000200857a19f0 JavaThread "Cleaner-0"                  daemon [_thread_blocked, id=696, stack(0x000000e372000000,0x000000e372100000) (1024K)]
Total: 20

Other Threads:
=>0x00000200b9d0c510 VMThread "VM Thread"                           [id=15412, stack(0x000000e36fd00000,0x000000e36fe00000) (1024K)]
  0x00000200b9cfd960 WatcherThread "VM Periodic Task Thread"        [id=7488, stack(0x000000e36fc00000,0x000000e36fd00000) (1024K)]
  0x000002009e808ae0 WorkerThread "GC Thread#0"                     [id=7556, stack(0x000000e36f700000,0x000000e36f800000) (1024K)]
  0x00000200ff484930 WorkerThread "GC Thread#1"                     [id=16088, stack(0x000000e370900000,0x000000e370a00000) (1024K)]
  0x00000200ff4a1d00 WorkerThread "GC Thread#2"                     [id=3692, stack(0x000000e370a00000,0x000000e370b00000) (1024K)]
  0x00000200ff4a20b0 WorkerThread "GC Thread#3"                     [id=1348, stack(0x000000e370b00000,0x000000e370c00000) (1024K)]
  0x0000020084f22230 WorkerThread "GC Thread#4"                     [id=17252, stack(0x000000e371400000,0x000000e371500000) (1024K)]
  0x0000020084cbe0c0 WorkerThread "GC Thread#5"                     [id=15584, stack(0x000000e371500000,0x000000e371600000) (1024K)]
  0x0000020084ca8a90 WorkerThread "GC Thread#6"                     [id=9228, stack(0x000000e371600000,0x000000e371700000) (1024K)]
  0x0000020084ec8500 WorkerThread "GC Thread#7"                     [id=14920, stack(0x000000e371700000,0x000000e371800000) (1024K)]
  0x000002009e8111a0 ConcurrentGCThread "G1 Main Marker"            [id=17556, stack(0x000000e36f800000,0x000000e36f900000) (1024K)]
  0x000002009e811d70 WorkerThread "G1 Conc#0"                       [id=3056, stack(0x000000e36f900000,0x000000e36fa00000) (1024K)]
  0x00000200852e10d0 WorkerThread "G1 Conc#1"                       [id=3212, stack(0x000000e371800000,0x000000e371900000) (1024K)]
  0x000002009e879b50 ConcurrentGCThread "G1 Refine#0"               [id=3836, stack(0x000000e36fa00000,0x000000e36fb00000) (1024K)]
  0x000002009e87a790 ConcurrentGCThread "G1 Service"                [id=904, stack(0x000000e36fb00000,0x000000e36fc00000) (1024K)]
Total: 15

Threads with active compile tasks:
Total: 0

VM state: at safepoint (normal execution)

VM Mutex/Monitor currently owned by a thread:  ([mutex/lock_event])
[0x00007ff83d059f58] Threads_lock - owner thread: 0x00000200b9d0c510
[0x00007ff83d05a058] Heap_lock - owner thread: 0x000002009e8111a0

Heap address: 0x00000000c4200000, size: 958 MB, Compressed Oops mode: 32-bit

CDS archive(s) mapped at: [0x00000200ba000000-0x00000200bac50000-0x00000200bac50000), size 12910592, SharedBaseAddress: 0x00000200ba000000, ArchiveRelocationMode: 1.
Compressed class space mapped at: 0x00000200bb000000-0x00000200fb000000, reserved size: 1073741824
Narrow klass base: 0x00000200ba000000, Narrow klass shift: 0, Narrow klass range: 0x41000000

GC Precious Log:
 CardTable entry size: 512
 Card Set container configuration: InlinePtr #cards 5 size 8 Array Of Cards #cards 12 size 40 Howl #buckets 4 coarsen threshold 1843 Howl Bitmap #cards 512 size 80 coarsen threshold 460 Card regions per heap region 1 cards per card region 2048
 CPUs: 8 total, 8 available
 Memory: 3824M
 Large Page Support: Disabled
 NUMA Support: Disabled
 Compressed Oops: Enabled (32-bit)
 Heap Region Size: 1M
 Heap Min Capacity: 8M
 Heap Initial Capacity: 60M
 Heap Max Capacity: 958M
 Pre-touch: Disabled
 Parallel Workers: 8
 Concurrent Workers: 2
 Concurrent Refinement Workers: 8
 Periodic GC: Disabled

Heap:
 garbage-first heap   total reserved 980992K, committed 70656K, used 44785K [0x00000000c4200000, 0x0000000100000000)
  region size 1024K, 3 young (3072K), 2 survivors (2048K)
 Metaspace       used 26083K, committed 26496K, reserved 1114112K
  class space    used 3503K, committed 3712K, reserved 1048576K

Heap Regions: E=young(eden), S=young(survivor), O=old, HS=humongous(starts), HC=humongous(continues), CS=collection set, F=free, TAMS=top-at-mark-start, PB=parsable bottom
|   0|0x00000000c4200000, 0x00000000c4300000, 0x00000000c4300000|100%| O|  |TAMS 0x00000000c4300000| PB 0x00000000c4300000| Untracked |  0
|   1|0x00000000c4300000, 0x00000000c4400000, 0x00000000c4400000|100%| O|  |TAMS 0x00000000c4400000| PB 0x00000000c4400000| Untracked |  0
|   2|0x00000000c4400000, 0x00000000c4500000, 0x00000000c4500000|100%| O|  |TAMS 0x00000000c4500000| PB 0x00000000c4500000| Untracked |  0
|   3|0x00000000c4500000, 0x00000000c4600000, 0x00000000c4600000|100%| O|  |TAMS 0x00000000c4600000| PB 0x00000000c4600000| Updating |  1
|   4|0x00000000c4600000, 0x00000000c4700000, 0x00000000c4700000|100%|HS|  |TAMS 0x00000000c4700000| PB 0x00000000c4600000| Complete |  0
|   5|0x00000000c4700000, 0x00000000c4800000, 0x00000000c4800000|100%|HC|  |TAMS 0x00000000c4800000| PB 0x00000000c4700000| Complete |  0
|   6|0x00000000c4800000, 0x00000000c4900000, 0x00000000c4900000|100%|HC|  |TAMS 0x00000000c4900000| PB 0x00000000c4800000| Complete |  0
|   7|0x00000000c4900000, 0x00000000c4a00000, 0x00000000c4a00000|100%|HC|  |TAMS 0x00000000c4a00000| PB 0x00000000c4900000| Complete |  0
|   8|0x00000000c4a00000, 0x00000000c4b00000, 0x00000000c4b00000|100%|HC|  |TAMS 0x00000000c4b00000| PB 0x00000000c4a00000| Complete |  0
|   9|0x00000000c4b00000, 0x00000000c4c00000, 0x00000000c4c00000|100%|HC|  |TAMS 0x00000000c4c00000| PB 0x00000000c4b00000| Complete |  0
|  10|0x00000000c4c00000, 0x00000000c4d00000, 0x00000000c4d00000|100%|HC|  |TAMS 0x00000000c4d00000| PB 0x00000000c4c00000| Complete |  0
|  11|0x00000000c4d00000, 0x00000000c4e00000, 0x00000000c4e00000|100%|HC|  |TAMS 0x00000000c4e00000| PB 0x00000000c4d00000| Complete |  0
|  12|0x00000000c4e00000, 0x00000000c4f00000, 0x00000000c4f00000|100%|HC|  |TAMS 0x00000000c4f00000| PB 0x00000000c4e00000| Complete |  0
|  13|0x00000000c4f00000, 0x00000000c5000000, 0x00000000c5000000|100%|HC|  |TAMS 0x00000000c5000000| PB 0x00000000c4f00000| Complete |  0
|  14|0x00000000c5000000, 0x00000000c5100000, 0x00000000c5100000|100%|HC|  |TAMS 0x00000000c5100000| PB 0x00000000c5000000| Complete |  0
|  15|0x00000000c5100000, 0x00000000c5200000, 0x00000000c5200000|100%|HC|  |TAMS 0x00000000c5200000| PB 0x00000000c5100000| Complete |  0
|  16|0x00000000c5200000, 0x00000000c5300000, 0x00000000c5300000|100%|HC|  |TAMS 0x00000000c5300000| PB 0x00000000c5200000| Complete |  0
|  17|0x00000000c5300000, 0x00000000c5400000, 0x00000000c5400000|100%|HS|  |TAMS 0x00000000c5400000| PB 0x00000000c5300000| Complete |  0
|  18|0x00000000c5400000, 0x00000000c5500000, 0x00000000c5500000|100%|HC|  |TAMS 0x00000000c5500000| PB 0x00000000c5400000| Complete |  0
|  19|0x00000000c5500000, 0x00000000c5600000, 0x00000000c5600000|100%| O|  |TAMS 0x00000000c5600000| PB 0x00000000c5600000| Untracked |  1
|  20|0x00000000c5600000, 0x00000000c5700000, 0x00000000c5700000|100%|HS|  |TAMS 0x00000000c5700000| PB 0x00000000c5600000| Complete |  0
|  21|0x00000000c5700000, 0x00000000c5800000, 0x00000000c5800000|100%|HC|  |TAMS 0x00000000c5800000| PB 0x00000000c5700000| Complete |  0
|  22|0x00000000c5800000, 0x00000000c5900000, 0x00000000c5900000|100%| O|  |TAMS 0x00000000c5900000| PB 0x00000000c5900000| Untracked |  0
|  23|0x00000000c5900000, 0x00000000c59bc528, 0x00000000c5a00000| 73%| O|  |TAMS 0x00000000c5900000| PB 0x00000000c5900000| Updating |  0
|  24|0x00000000c5a00000, 0x00000000c5b00000, 0x00000000c5b00000|100%| O|  |TAMS 0x00000000c5b00000| PB 0x00000000c5b00000| Untracked |  0
|  25|0x00000000c5b00000, 0x00000000c5c00000, 0x00000000c5c00000|100%|HS|  |TAMS 0x00000000c5c00000| PB 0x00000000c5b00000| Complete |  0
|  26|0x00000000c5c00000, 0x00000000c5d00000, 0x00000000c5d00000|100%|HC|  |TAMS 0x00000000c5d00000| PB 0x00000000c5c00000| Complete |  0
|  27|0x00000000c5d00000, 0x00000000c5e00000, 0x00000000c5e00000|100%|HS|  |TAMS 0x00000000c5e00000| PB 0x00000000c5d00000| Complete |  0
|  28|0x00000000c5e00000, 0x00000000c5f00000, 0x00000000c5f00000|100%|HC|  |TAMS 0x00000000c5f00000| PB 0x00000000c5e00000| Complete |  0
|  29|0x00000000c5f00000, 0x00000000c6000000, 0x00000000c6000000|100%|HS|  |TAMS 0x00000000c6000000| PB 0x00000000c5f00000| Complete |  0
|  30|0x00000000c6000000, 0x00000000c6100000, 0x00000000c6100000|100%|HC|  |TAMS 0x00000000c6100000| PB 0x00000000c6000000| Complete |  0
|  31|0x00000000c6100000, 0x00000000c6200000, 0x00000000c6200000|100%|HS|  |TAMS 0x00000000c6200000| PB 0x00000000c6100000| Complete |  0
|  32|0x00000000c6200000, 0x00000000c6300000, 0x00000000c6300000|100%|HC|  |TAMS 0x00000000c6300000| PB 0x00000000c6200000| Complete |  0
|  33|0x00000000c6300000, 0x00000000c6400000, 0x00000000c6400000|100%| O|  |TAMS 0x00000000c6400000| PB 0x00000000c6400000| Untracked |  0
|  34|0x00000000c6400000, 0x00000000c6500000, 0x00000000c6500000|100%| O|  |TAMS 0x00000000c6500000| PB 0x00000000c6500000| Untracked |  0
|  35|0x00000000c6500000, 0x00000000c6500000, 0x00000000c6600000|  0%| F|  |TAMS 0x00000000c6500000| PB 0x00000000c6500000| Untracked |  0
|  36|0x00000000c6600000, 0x00000000c6700000, 0x00000000c6700000|100%|HS|  |TAMS 0x00000000c6700000| PB 0x00000000c6600000| Complete |  0
|  37|0x00000000c6700000, 0x00000000c6800000, 0x00000000c6800000|100%|HC|  |TAMS 0x00000000c6800000| PB 0x00000000c6700000| Complete |  0
|  38|0x00000000c6800000, 0x00000000c6900000, 0x00000000c6900000|100%| O|  |TAMS 0x00000000c6900000| PB 0x00000000c6900000| Untracked |  0
|  39|0x00000000c6900000, 0x00000000c6a00000, 0x00000000c6a00000|100%| O|  |TAMS 0x00000000c6a00000| PB 0x00000000c6a00000| Untracked |  0
|  40|0x00000000c6a00000, 0x00000000c6b00000, 0x00000000c6b00000|100%| O|  |TAMS 0x00000000c6aea680| PB 0x00000000c6aea680| Updating |  0
|  41|0x00000000c6b00000, 0x00000000c6c00000, 0x00000000c6c00000|100%|HS|  |TAMS 0x00000000c6b00000| PB 0x00000000c6b00000| Complete |  0
|  42|0x00000000c6c00000, 0x00000000c6d00000, 0x00000000c6d00000|100%|HC|  |TAMS 0x00000000c6c00000| PB 0x00000000c6c00000| Complete |  0
|  43|0x00000000c6d00000, 0x00000000c6d00000, 0x00000000c6e00000|  0%| F|  |TAMS 0x00000000c6d00000| PB 0x00000000c6d00000| Untracked |  0
|  44|0x00000000c6e00000, 0x00000000c6e00000, 0x00000000c6f00000|  0%| F|  |TAMS 0x00000000c6e00000| PB 0x00000000c6e00000| Untracked |  0
|  45|0x00000000c6f00000, 0x00000000c6f00000, 0x00000000c7000000|  0%| F|  |TAMS 0x00000000c6f00000| PB 0x00000000c6f00000| Untracked |  0
|  46|0x00000000c7000000, 0x00000000c7000000, 0x00000000c7100000|  0%| F|  |TAMS 0x00000000c7000000| PB 0x00000000c7000000| Untracked |  0
|  47|0x00000000c7100000, 0x00000000c7100000, 0x00000000c7200000|  0%| F|  |TAMS 0x00000000c7100000| PB 0x00000000c7100000| Untracked |  0
|  48|0x00000000c7200000, 0x00000000c7200000, 0x00000000c7300000|  0%| F|  |TAMS 0x00000000c7200000| PB 0x00000000c7200000| Untracked |  0
|  49|0x00000000c7300000, 0x00000000c7300000, 0x00000000c7400000|  0%| F|  |TAMS 0x00000000c7300000| PB 0x00000000c7300000| Untracked |  0
|  50|0x00000000c7400000, 0x00000000c7400000, 0x00000000c7500000|  0%| F|  |TAMS 0x00000000c7400000| PB 0x00000000c7400000| Untracked |  0
|  51|0x00000000c7500000, 0x00000000c7500000, 0x00000000c7600000|  0%| F|  |TAMS 0x00000000c7500000| PB 0x00000000c7500000| Untracked |  0
|  52|0x00000000c7600000, 0x00000000c7600000, 0x00000000c7700000|  0%| F|  |TAMS 0x00000000c7600000| PB 0x00000000c7600000| Untracked |  0
|  53|0x00000000c7700000, 0x00000000c7700000, 0x00000000c7800000|  0%| F|  |TAMS 0x00000000c7700000| PB 0x00000000c7700000| Untracked |  0
|  54|0x00000000c7800000, 0x00000000c7800000, 0x00000000c7900000|  0%| F|  |TAMS 0x00000000c7800000| PB 0x00000000c7800000| Untracked |  0
|  55|0x00000000c7900000, 0x00000000c7900000, 0x00000000c7a00000|  0%| F|  |TAMS 0x00000000c7900000| PB 0x00000000c7900000| Untracked |  0
|  56|0x00000000c7a00000, 0x00000000c7a00000, 0x00000000c7b00000|  0%| F|  |TAMS 0x00000000c7a00000| PB 0x00000000c7a00000| Untracked |  0
|  57|0x00000000c7b00000, 0x00000000c7b00000, 0x00000000c7c00000|  0%| F|  |TAMS 0x00000000c7b00000| PB 0x00000000c7b00000| Untracked |  0
|  58|0x00000000c7c00000, 0x00000000c7c00000, 0x00000000c7d00000|  0%| F|  |TAMS 0x00000000c7c00000| PB 0x00000000c7c00000| Untracked |  0
|  59|0x00000000c7d00000, 0x00000000c7d00000, 0x00000000c7e00000|  0%| F|  |TAMS 0x00000000c7d00000| PB 0x00000000c7d00000| Untracked |  0
|  60|0x00000000c7e00000, 0x00000000c7e00000, 0x00000000c7f00000|  0%| F|  |TAMS 0x00000000c7e00000| PB 0x00000000c7e00000| Untracked |  0
|  61|0x00000000c7f00000, 0x00000000c7f00000, 0x00000000c8000000|  0%| F|  |TAMS 0x00000000c7f00000| PB 0x00000000c7f00000| Untracked |  0
|  62|0x00000000c8000000, 0x00000000c8000000, 0x00000000c8100000|  0%| F|  |TAMS 0x00000000c8000000| PB 0x00000000c8000000| Untracked |  0
|  63|0x00000000c8100000, 0x00000000c8200000, 0x00000000c8200000|100%| S|CS|TAMS 0x00000000c8100000| PB 0x00000000c8100000| Complete |  0
|  64|0x00000000c8200000, 0x00000000c8300000, 0x00000000c8300000|100%| S|CS|TAMS 0x00000000c8200000| PB 0x00000000c8200000| Complete |  0
|  65|0x00000000c8300000, 0x00000000c8300000, 0x00000000c8400000|  0%| F|  |TAMS 0x00000000c8300000| PB 0x00000000c8300000| Untracked |  0
|  66|0x00000000c8400000, 0x00000000c8400000, 0x00000000c8500000|  0%| F|  |TAMS 0x00000000c8400000| PB 0x00000000c8400000| Untracked |  0
|  67|0x00000000c8500000, 0x00000000c8500000, 0x00000000c8600000|  0%| F|  |TAMS 0x00000000c8500000| PB 0x00000000c8500000| Untracked |  0
|  68|0x00000000c8600000, 0x00000000c8640aa0, 0x00000000c8700000| 25%| E|  |TAMS 0x00000000c8600000| PB 0x00000000c8600000| Complete |  0

Card table byte_map: [0x00000200b6280000,0x00000200b6460000] _byte_map_base: 0x00000200b5c5f000

Marking Bits: (CMBitMap*) 0x000002009e809100
 Bits: [0x00000200b6460000, 0x00000200b7358000)

Polling page: 0x000002009c730000

Metaspace:

Usage:
  Non-class:     22.05 MB used.
      Class:      3.42 MB used.
       Both:     25.47 MB used.

Virtual space:
  Non-class space:       64.00 MB reserved,      22.25 MB ( 35%) committed,  1 nodes.
      Class space:        1.00 GB reserved,       3.62 MB ( <1%) committed,  1 nodes.
             Both:        1.06 GB reserved,      25.88 MB (  2%) committed. 

Chunk freelists:
   Non-Class:  9.64 MB
       Class:  12.34 MB
        Both:  21.99 MB

MaxMetaspaceSize: unlimited
CompressedClassSpaceSize: 1.00 GB
Initial GC threshold: 21.00 MB
Current GC threshold: 35.62 MB
CDS: on
 - commit_granule_bytes: 65536.
 - commit_granule_words: 8192.
 - virtual_space_node_default_size: 8388608.
 - enlarge_chunks_in_place: 1.
 - use_allocation_guard: 0.


Internal statistics:

num_allocs_failed_limit: 6.
num_arena_births: 464.
num_arena_deaths: 0.
num_vsnodes_births: 2.
num_vsnodes_deaths: 0.
num_space_committed: 414.
num_space_uncommitted: 0.
num_chunks_returned_to_freelist: 6.
num_chunks_taken_from_freelist: 1132.
num_chunk_merges: 3.
num_chunk_splits: 783.
num_chunks_enlarged: 565.
num_inconsistent_stats: 0.

CodeHeap 'non-profiled nmethods': size=120000Kb used=1600Kb max_used=1706Kb free=118399Kb
 bounds [0x00000200ae840000, 0x00000200aeab0000, 0x00000200b5d70000]
CodeHeap 'profiled nmethods': size=120000Kb used=7564Kb max_used=8000Kb free=112436Kb
 bounds [0x00000200a6d70000, 0x00000200a7550000, 0x00000200ae2a0000]
CodeHeap 'non-nmethods': size=5760Kb used=2235Kb max_used=2250Kb free=3524Kb
 bounds [0x00000200ae2a0000, 0x00000200ae510000, 0x00000200ae840000]
 total_blobs=4941 nmethods=4000 adapters=844
 compilation: enabled
              stopped_count=0, restarted_count=0
 full_count=0

Compilation events (20 events):
Event: 10.695 Thread 0x00000200b9d591f0 nmethod 4469 0x00000200a753e890 code [0x00000200a753ea20, 0x00000200a753eb38]
Event: 10.695 Thread 0x00000200b9d591f0 4468       3       sun.misc.Unsafe::putByte (9 bytes)
Event: 10.695 Thread 0x00000200b9d591f0 nmethod 4468 0x00000200a753ec10 code [0x00000200a753eda0, 0x00000200a753ef20]
Event: 10.695 Thread 0x00000200b9d591f0 4471       3       sun.misc.Unsafe::getInt (8 bytes)
Event: 10.696 Thread 0x00000200b9d591f0 nmethod 4471 0x00000200a753f010 code [0x00000200a753f1a0, 0x00000200a753f320]
Event: 10.696 Thread 0x00000200b9d591f0 4472       3       sun.misc.Unsafe::putInt (9 bytes)
Event: 10.696 Thread 0x00000200b9d591f0 nmethod 4472 0x00000200a753f410 code [0x00000200a753f5a0, 0x00000200a753f720]
Event: 10.696 Thread 0x00000200b9d591f0 4473       3       jdk.internal.misc.Unsafe::putInt (8 bytes)
Event: 10.696 Thread 0x00000200b9d591f0 nmethod 4473 0x00000200a753f810 code [0x00000200a753f9a0, 0x00000200a753fab8]
Event: 10.696 Thread 0x00000200b9d591f0 4474       3       sun.misc.Unsafe::getByte (8 bytes)
Event: 10.697 Thread 0x00000200b9d591f0 nmethod 4474 0x00000200a753fb90 code [0x00000200a753fd20, 0x00000200a753fea8]
Event: 10.697 Thread 0x00000200b9d591f0 4475       3       jdk.internal.misc.Unsafe::getByte (7 bytes)
Event: 10.697 Thread 0x00000200b9d591f0 nmethod 4475 0x00000200a753ff90 code [0x00000200a7540120, 0x00000200a7540240]
Event: 10.708 Thread 0x00000200b9d541b0 nmethod 4458 0x00000200ae9e4e90 code [0x00000200ae9e5cc0, 0x00000200ae9e7788]
Event: 10.709 Thread 0x00000200b9d541b0 4464       4       java.lang.AbstractStringBuilder::append (77 bytes)
Event: 10.719 Thread 0x00000200b9d541b0 nmethod 4464 0x00000200ae9e9290 code [0x00000200ae9e9480, 0x00000200ae9e9be0]
Event: 10.719 Thread 0x00000200b9d541b0 4459       4       java.lang.invoke.MethodType::equals (27 bytes)
Event: 10.723 Thread 0x00000200b9d541b0 nmethod 4459 0x00000200ae9e9f10 code [0x00000200ae9ea0c0, 0x00000200ae9ea2f8]
Event: 10.723 Thread 0x00000200b9d541b0 4470       4       jdk.internal.misc.Unsafe::putByte (8 bytes)
Event: 10.724 Thread 0x00000200b9d541b0 nmethod 4470 0x00000200ae9ea510 code [0x00000200ae9ea680, 0x00000200ae9ea710]

GC Heap History (20 events):
Event: 0.694 GC heap before
{Heap before GC invocations=0 (full 0):
 garbage-first heap   total reserved 980992K, committed 61440K, used 23552K [0x00000000c4200000, 0x0000000100000000)
  region size 1024K, 24 young (24576K), 0 survivors (0K)
 Metaspace       used 1708K, committed 1856K, reserved 1114112K
  class space    used 163K, committed 192K, reserved 1048576K
}
Event: 0.700 GC heap after
{Heap after GC invocations=1 (full 0):
 garbage-first heap   total reserved 980992K, committed 61440K, used 1808K [0x00000000c4200000, 0x0000000100000000)
  region size 1024K, 2 young (2048K), 2 survivors (2048K)
 Metaspace       used 1708K, committed 1856K, reserved 1114112K
  class space    used 163K, committed 192K, reserved 1048576K
}
Event: 2.747 GC heap before
{Heap before GC invocations=1 (full 0):
 garbage-first heap   total reserved 980992K, committed 61440K, used 34576K [0x00000000c4200000, 0x0000000100000000)
  region size 1024K, 35 young (35840K), 2 survivors (2048K)
 Metaspace       used 8766K, committed 9024K, reserved 1114112K
  class space    used 1216K, committed 1344K, reserved 1048576K
}
Event: 2.759 GC heap after
{Heap after GC invocations=2 (full 0):
 garbage-first heap   total reserved 980992K, committed 61440K, used 8546K [0x00000000c4200000, 0x0000000100000000)
  region size 1024K, 5 young (5120K), 5 survivors (5120K)
 Metaspace       used 8766K, committed 9024K, reserved 1114112K
  class space    used 1216K, committed 1344K, reserved 1048576K
}
Event: 3.378 GC heap before
{Heap before GC invocations=2 (full 0):
 garbage-first heap   total reserved 980992K, committed 61440K, used 41314K [0x00000000c4200000, 0x0000000100000000)
  region size 1024K, 16 young (16384K), 5 survivors (5120K)
 Metaspace       used 12171K, committed 12416K, reserved 1114112K
  class space    used 1664K, committed 1792K, reserved 1048576K
}
Event: 3.385 GC heap after
{Heap after GC invocations=3 (full 0):
 garbage-first heap   total reserved 980992K, committed 61440K, used 33593K [0x00000000c4200000, 0x0000000100000000)
  region size 1024K, 3 young (3072K), 3 survivors (3072K)
 Metaspace       used 12171K, committed 12416K, reserved 1114112K
  class space    used 1664K, committed 1792K, reserved 1048576K
}
Event: 3.408 GC heap before
{Heap before GC invocations=4 (full 0):
 garbage-first heap   total reserved 980992K, committed 61440K, used 35641K [0x00000000c4200000, 0x0000000100000000)
  region size 1024K, 4 young (4096K), 3 survivors (3072K)
 Metaspace       used 12177K, committed 12416K, reserved 1114112K
  class space    used 1664K, committed 1792K, reserved 1048576K
}
Event: 3.411 GC heap after
{Heap after GC invocations=5 (full 0):
 garbage-first heap   total reserved 980992K, committed 61440K, used 35940K [0x00000000c4200000, 0x0000000100000000)
  region size 1024K, 1 young (1024K), 1 survivors (1024K)
 Metaspace       used 12177K, committed 12416K, reserved 1114112K
  class space    used 1664K, committed 1792K, reserved 1048576K
}
Event: 4.957 GC heap before
{Heap before GC invocations=6 (full 0):
 garbage-first heap   total reserved 980992K, committed 65536K, used 55396K [0x00000000c4200000, 0x0000000100000000)
  region size 1024K, 19 young (19456K), 1 survivors (1024K)
 Metaspace       used 19836K, committed 20224K, reserved 1114112K
  class space    used 2695K, committed 2880K, reserved 1048576K
}
Event: 4.961 GC heap after
{Heap after GC invocations=7 (full 0):
 garbage-first heap   total reserved 980992K, committed 65536K, used 40386K [0x00000000c4200000, 0x0000000100000000)
  region size 1024K, 3 young (3072K), 3 survivors (3072K)
 Metaspace       used 19836K, committed 20224K, reserved 1114112K
  class space    used 2695K, committed 2880K, reserved 1048576K
}
Event: 5.908 GC heap before
{Heap before GC invocations=7 (full 0):
 garbage-first heap   total reserved 980992K, committed 65536K, used 44482K [0x00000000c4200000, 0x0000000100000000)
  region size 1024K, 9 young (9216K), 3 survivors (3072K)
 Metaspace       used 21164K, committed 21504K, reserved 1114112K
  class space    used 2788K, committed 2944K, reserved 1048576K
}
Event: 5.917 GC heap after
{Heap after GC invocations=8 (full 0):
 garbage-first heap   total reserved 980992K, committed 65536K, used 40722K [0x00000000c4200000, 0x0000000100000000)
  region size 1024K, 1 young (1024K), 1 survivors (1024K)
 Metaspace       used 21164K, committed 21504K, reserved 1114112K
  class space    used 2788K, committed 2944K, reserved 1048576K
}
Event: 6.280 GC heap before
{Heap before GC invocations=8 (full 0):
 garbage-first heap   total reserved 980992K, committed 65536K, used 42770K [0x00000000c4200000, 0x0000000100000000)
  region size 1024K, 4 young (4096K), 1 survivors (1024K)
 Metaspace       used 21503K, committed 21824K, reserved 1114112K
  class space    used 2812K, committed 2944K, reserved 1048576K
}
Event: 6.283 GC heap after
{Heap after GC invocations=9 (full 0):
 garbage-first heap   total reserved 980992K, committed 65536K, used 40548K [0x00000000c4200000, 0x0000000100000000)
  region size 1024K, 1 young (1024K), 1 survivors (1024K)
 Metaspace       used 21503K, committed 21824K, reserved 1114112K
  class space    used 2812K, committed 2944K, reserved 1048576K
}
Event: 8.913 GC heap before
{Heap before GC invocations=10 (full 0):
 garbage-first heap   total reserved 980992K, committed 70656K, used 57956K [0x00000000c4200000, 0x0000000100000000)
  region size 1024K, 18 young (18432K), 1 survivors (1024K)
 Metaspace       used 22073K, committed 22464K, reserved 1114112K
  class space    used 2830K, committed 3008K, reserved 1048576K
}
Event: 8.917 GC heap after
{Heap after GC invocations=11 (full 0):
 garbage-first heap   total reserved 980992K, committed 70656K, used 41023K [0x00000000c4200000, 0x0000000100000000)
  region size 1024K, 1 young (1024K), 1 survivors (1024K)
 Metaspace       used 22073K, committed 22464K, reserved 1114112K
  class space    used 2830K, committed 3008K, reserved 1048576K
}
Event: 10.362 GC heap before
{Heap before GC invocations=11 (full 0):
 garbage-first heap   total reserved 980992K, committed 70656K, used 62527K [0x00000000c4200000, 0x0000000100000000)
  region size 1024K, 23 young (23552K), 1 survivors (1024K)
 Metaspace       used 25380K, committed 25792K, reserved 1114112K
  class space    used 3415K, committed 3648K, reserved 1048576K
}
Event: 10.367 GC heap after
{Heap after GC invocations=12 (full 0):
 garbage-first heap   total reserved 980992K, committed 70656K, used 42177K [0x00000000c4200000, 0x0000000100000000)
  region size 1024K, 3 young (3072K), 3 survivors (3072K)
 Metaspace       used 25380K, committed 25792K, reserved 1114112K
  class space    used 3415K, committed 3648K, reserved 1048576K
}
Event: 10.698 GC heap before
{Heap before GC invocations=12 (full 0):
 garbage-first heap   total reserved 980992K, committed 70656K, used 44225K [0x00000000c4200000, 0x0000000100000000)
  region size 1024K, 7 young (7168K), 3 survivors (3072K)
 Metaspace       used 26050K, committed 26496K, reserved 1114112K
  class space    used 3498K, committed 3712K, reserved 1048576K
}
Event: 10.704 GC heap after
{Heap after GC invocations=13 (full 0):
 garbage-first heap   total reserved 980992K, committed 70656K, used 42737K [0x00000000c4200000, 0x0000000100000000)
  region size 1024K, 2 young (2048K), 2 survivors (2048K)
 Metaspace       used 26050K, committed 26496K, reserved 1114112K
  class space    used 3498K, committed 3712K, reserved 1048576K
}

Dll operation events (20 events):
Event: 1.051 Loaded shared library C:\Users\NGOC\.openjfx\cache\20.0.1+2\amd64\api-ms-win-crt-multibyte-l1-1-0.dll
Event: 1.059 Loaded shared library C:\Users\NGOC\.openjfx\cache\20.0.1+2\amd64\api-ms-win-crt-private-l1-1-0.dll
Event: 1.064 Loaded shared library C:\Users\NGOC\.openjfx\cache\20.0.1+2\amd64\api-ms-win-crt-process-l1-1-0.dll
Event: 1.069 Loaded shared library C:\Users\NGOC\.openjfx\cache\20.0.1+2\amd64\api-ms-win-crt-runtime-l1-1-0.dll
Event: 1.077 Loaded shared library C:\Users\NGOC\.openjfx\cache\20.0.1+2\amd64\api-ms-win-crt-stdio-l1-1-0.dll
Event: 1.082 Loaded shared library C:\Users\NGOC\.openjfx\cache\20.0.1+2\amd64\api-ms-win-crt-string-l1-1-0.dll
Event: 1.088 Loaded shared library C:\Users\NGOC\.openjfx\cache\20.0.1+2\amd64\api-ms-win-crt-time-l1-1-0.dll
Event: 1.094 Loaded shared library C:\Users\NGOC\.openjfx\cache\20.0.1+2\amd64\api-ms-win-crt-utility-l1-1-0.dll
Event: 1.170 Loaded shared library C:\Users\NGOC\.openjfx\cache\20.0.1+2\amd64\ucrtbase.dll
Event: 1.181 Loaded shared library C:\Users\NGOC\.openjfx\cache\20.0.1+2\amd64\vcruntime140.dll
Event: 1.188 Loaded shared library C:\Users\NGOC\.openjfx\cache\20.0.1+2\amd64\vcruntime140_1.dll
Event: 1.228 Loaded shared library C:\Users\NGOC\.openjfx\cache\20.0.1+2\amd64\msvcp140.dll
Event: 1.236 Loaded shared library C:\Users\NGOC\.openjfx\cache\20.0.1+2\amd64\msvcp140_1.dll
Event: 1.253 Loaded shared library C:\Users\NGOC\.openjfx\cache\20.0.1+2\amd64\msvcp140_2.dll
Event: 1.343 Loaded shared library C:\Users\NGOC\.openjfx\cache\20.0.1+2\amd64\prism_d3d.dll
Event: 1.598 Loaded shared library C:\Users\NGOC\.openjfx\cache\20.0.1+2\amd64\glass.dll
Event: 2.079 Loaded shared library C:\Users\NGOC\.jdks\azul-22\bin\jimage.dll
Event: 2.501 Loaded shared library C:\Users\NGOC\.openjfx\cache\20.0.1+2\amd64\javafx_font.dll
Event: 3.062 Loaded shared library C:\Users\NGOC\.openjfx\cache\20.0.1+2\amd64\javafx_iio.dll
Event: 4.544 Loaded shared library C:\Users\NGOC\.jdks\azul-22\bin\sunmscapi.dll

Deoptimization events (20 events):
Event: 9.984 Thread 0x00000200ffa48270 Uncommon trap: trap_request=0xffffffde fr.pc=0x00000200ae8927ac relative=0x000000000000018c
Event: 9.984 Thread 0x00000200ffa48270 Uncommon trap: reason=class_check action=maybe_recompile pc=0x00000200ae8927ac method=java.lang.String.equals(Ljava/lang/Object;)Z @ 8 c2
Event: 9.984 Thread 0x00000200ffa48270 DEOPT PACKING pc=0x00000200ae8927ac sp=0x000000e370efd900
Event: 9.984 Thread 0x00000200ffa48270 DEOPT UNPACKING pc=0x00000200ae2f7da2 sp=0x000000e370efd898 mode 2
Event: 9.985 Thread 0x00000200ffa48270 Uncommon trap: trap_request=0xffffff66 fr.pc=0x00000200ae9b95b4 relative=0x0000000000000194
Event: 9.985 Thread 0x00000200ffa48270 Uncommon trap: reason=speculate_class_check action=maybe_recompile pc=0x00000200ae9b95b4 method=com.sun.javafx.css.BitSet.containsAll(Ljava/util/Collection;)Z @ 20 c2
Event: 9.985 Thread 0x00000200ffa48270 DEOPT PACKING pc=0x00000200ae9b95b4 sp=0x000000e370efd540
Event: 9.985 Thread 0x00000200ffa48270 DEOPT UNPACKING pc=0x00000200ae2f7da2 sp=0x000000e370efd4c8 mode 2
Event: 9.985 Thread 0x00000200ffa48270 Uncommon trap: trap_request=0xffffff66 fr.pc=0x00000200ae9b95b4 relative=0x0000000000000194
Event: 9.985 Thread 0x00000200ffa48270 Uncommon trap: reason=speculate_class_check action=maybe_recompile pc=0x00000200ae9b95b4 method=com.sun.javafx.css.BitSet.containsAll(Ljava/util/Collection;)Z @ 20 c2
Event: 9.985 Thread 0x00000200ffa48270 DEOPT PACKING pc=0x00000200ae9b95b4 sp=0x000000e370efd3b0
Event: 9.985 Thread 0x00000200ffa48270 DEOPT UNPACKING pc=0x00000200ae2f7da2 sp=0x000000e370efd338 mode 2
Event: 9.988 Thread 0x00000200ffa48270 Uncommon trap: trap_request=0xffffffde fr.pc=0x00000200ae8927ac relative=0x000000000000018c
Event: 9.988 Thread 0x00000200ffa48270 Uncommon trap: reason=class_check action=maybe_recompile pc=0x00000200ae8927ac method=java.lang.String.equals(Ljava/lang/Object;)Z @ 8 c2
Event: 9.988 Thread 0x00000200ffa48270 DEOPT PACKING pc=0x00000200ae8927ac sp=0x000000e370efd840
Event: 9.988 Thread 0x00000200ffa48270 DEOPT UNPACKING pc=0x00000200ae2f7da2 sp=0x000000e370efd7d8 mode 2
Event: 10.387 Thread 0x00000200ffa48270 Uncommon trap: trap_request=0xffffff45 fr.pc=0x00000200ae9682f8 relative=0x0000000000000078
Event: 10.387 Thread 0x00000200ffa48270 Uncommon trap: reason=unstable_if action=reinterpret pc=0x00000200ae9682f8 method=java.util.RegularEnumSet.isEmpty()Z @ 6 c2
Event: 10.387 Thread 0x00000200ffa48270 DEOPT PACKING pc=0x00000200ae9682f8 sp=0x000000e370efdc00
Event: 10.387 Thread 0x00000200ffa48270 DEOPT UNPACKING pc=0x00000200ae2f7da2 sp=0x000000e370efdb88 mode 2

Classes loaded (20 events):
Event: 10.200 Loading class jdk/internal/math/FDBigInteger
Event: 10.201 Loading class jdk/internal/math/FDBigInteger done
Event: 10.286 Loading class java/util/WeakHashMap$EntrySet
Event: 10.287 Loading class java/util/WeakHashMap$EntrySet done
Event: 10.287 Loading class java/util/WeakHashMap$EntryIterator
Event: 10.287 Loading class java/util/WeakHashMap$EntryIterator done
Event: 10.290 Loading class java/util/ConcurrentModificationException
Event: 10.291 Loading class java/util/ConcurrentModificationException done
Event: 10.336 Loading class java/lang/FdLibm$Hypot
Event: 10.336 Loading class java/lang/FdLibm$Hypot done
Event: 10.337 Loading class java/lang/FdLibm
Event: 10.337 Loading class java/lang/FdLibm done
Event: 10.339 Loading class java/lang/FdLibm$Acos
Event: 10.340 Loading class java/lang/FdLibm$Acos done
Event: 10.640 Loading class jdk/internal/ref/CleanerImpl$InnocuousThreadFactory
Event: 10.641 Loading class jdk/internal/ref/CleanerImpl$InnocuousThreadFactory done
Event: 10.656 Loading class sun/misc/Unsafe
Event: 10.658 Loading class sun/misc/Unsafe done
Event: 10.658 Loading class java/lang/invoke/DirectMethodHandle$StaticAccessor
Event: 10.660 Loading class java/lang/invoke/DirectMethodHandle$StaticAccessor done

Classes unloaded (0 events):
No events

Classes redefined (0 events):
No events

Internal exceptions (20 events):
Event: 4.202 Thread 0x00000200ffa48270 Exception <a 'sun/nio/fs/WindowsException'{0x00000000c751b468}> (0x00000000c751b468) 
thrown [s\src\hotspot\share\prims\jni.cpp, line 520]
Event: 4.214 Thread 0x00000200ffa48270 Exception <a 'sun/nio/fs/WindowsException'{0x00000000c753f6c0}> (0x00000000c753f6c0) 
thrown [s\src\hotspot\share\prims\jni.cpp, line 520]
Event: 4.245 Thread 0x00000200ffa48270 Exception <a 'java/lang/NoSuchMethodError'{0x00000000c74f8928}: 'java.lang.Object java.lang.invoke.DirectMethodHandle$Holder.invokeStatic(java.lang.Object, long, java.lang.Object)'> (0x00000000c74f8928) 
thrown [s\src\hotspot\share\interpreter\linkResolver.cpp, line 774]
Event: 4.245 Thread 0x00000200ffa48270 Exception <a 'java/lang/NoSuchMethodError'{0x00000000c74fbfb0}: 'java.lang.Object java.lang.invoke.DirectMethodHandle$Holder.invokeStaticInit(java.lang.Object, long, java.lang.Object)'> (0x00000000c74fbfb0) 
thrown [s\src\hotspot\share\interpreter\linkResolver.cpp, line 774]
Event: 4.246 Thread 0x00000200ffa48270 Exception <a 'java/lang/NoSuchMethodError'{0x00000000c734a308}: 'java.lang.Object java.lang.invoke.DirectMethodHandle$Holder.newInvokeSpecial(java.lang.Object, long)'> (0x00000000c734a308) 
thrown [s\src\hotspot\share\interpreter\linkResolver.cpp, line 774]
Event: 4.334 Thread 0x00000200ffa48270 Exception <a 'sun/nio/fs/WindowsException'{0x00000000c720cf20}> (0x00000000c720cf20) 
thrown [s\src\hotspot\share\prims\jni.cpp, line 520]
Event: 4.396 Thread 0x00000200ffa48270 Exception <a 'java/lang/NoSuchMethodError'{0x00000000c728c628}: 'java.lang.Object java.lang.invoke.DirectMethodHandle$Holder.invokeStaticInit(java.lang.Object, int, int, int, int)'> (0x00000000c728c628) 
thrown [s\src\hotspot\share\interpreter\linkResolver.cpp, line 774]
Event: 4.420 Thread 0x00000200ffa48270 Exception <a 'java/lang/NoSuchMethodError'{0x00000000c72e1748}: 'java.lang.Object java.lang.invoke.DirectMethodHandle$Holder.invokeStaticInit(java.lang.Object, java.lang.Object, int, int, int, int)'> (0x00000000c72e1748) 
thrown [s\src\hotspot\share\interpreter\linkResolver.cpp, line 774]
Event: 4.447 Thread 0x00000200ffa48270 Exception <a 'sun/nio/fs/WindowsException'{0x00000000c71617d8}> (0x00000000c71617d8) 
thrown [s\src\hotspot\share\prims\jni.cpp, line 520]
Event: 4.456 Thread 0x00000200ffa48270 Exception <a 'sun/nio/fs/WindowsException'{0x00000000c7172028}> (0x00000000c7172028) 
thrown [s\src\hotspot\share\prims\jni.cpp, line 520]
Event: 9.585 Thread 0x00000200ffa48270 Exception <a 'java/io/FileNotFoundException'{0x00000000c7f36ce0}> (0x00000000c7f36ce0) 
thrown [s\src\hotspot\share\prims\jni.cpp, line 520]
Event: 9.649 Thread 0x00000200ffa48270 Implicit null exception at 0x00000200ae8cfb01 to 0x00000200ae8d0034
Event: 10.014 Thread 0x00000200ffa48270 Exception <a 'java/lang/IncompatibleClassChangeError'{0x00000000c777ce58}: Found class java.lang.Object, but interface was expected> (0x00000000c777ce58) 
thrown [s\src\hotspot\share\interpreter\linkResolver.cpp, line 841]
Event: 10.141 Thread 0x00000200ffa48270 Exception <a 'java/lang/NoSuchMethodError'{0x00000000c75f9500}: 'int java.lang.invoke.DirectMethodHandle$Holder.invokeSpecial(java.lang.Object, java.lang.Object, int)'> (0x00000000c75f9500) 
thrown [s\src\hotspot\share\interpreter\linkResolver.cpp, line 774]
Event: 10.229 Thread 0x00000200ffa48270 Exception <a 'java/lang/NoSuchMethodError'{0x00000000c71ede98}: 'java.lang.Object java.lang.invoke.DirectMethodHandle$Holder.newInvokeSpecial(java.lang.Object, java.lang.Object, int)'> (0x00000000c71ede98) 
thrown [s\src\hotspot\share\interpreter\linkResolver.cpp, line 774]
Event: 10.298 Thread 0x00000200ffa48270 Exception <a 'java/lang/NoSuchMethodError'{0x00000000c70351a0}: 'long java.lang.invoke.DirectMethodHandle$Holder.invokeStatic(java.lang.Object, java.lang.Object, java.lang.Object)'> (0x00000000c70351a0) 
thrown [s\src\hotspot\share\interpreter\linkResolver.cpp, line 774]
Event: 10.299 Thread 0x00000200ffa48270 Exception <a 'java/lang/NoSuchMethodError'{0x00000000c7038570}: 'long java.lang.invoke.DirectMethodHandle$Holder.invokeStaticInit(java.lang.Object, java.lang.Object, java.lang.Object)'> (0x00000000c7038570) 
thrown [s\src\hotspot\share\interpreter\linkResolver.cpp, line 774]
Event: 10.303 Thread 0x00000200ffa48270 Exception <a 'java/lang/NoSuchMethodError'{0x00000000c704cc50}: 'java.lang.Object java.lang.invoke.DirectMethodHandle$Holder.newInvokeSpecial(java.lang.Object, java.lang.Object, long)'> (0x00000000c704cc50) 
thrown [s\src\hotspot\share\interpreter\linkResolver.cpp, line 774]
Event: 10.303 Thread 0x00000200ffa48270 Exception <a 'java/lang/NoSuchMethodError'{0x00000000c7050568}: 'java.lang.Object java.lang.invoke.Invokers$Holder.linkToTargetMethod(java.lang.Object, long, java.lang.Object)'> (0x00000000c7050568) 
thrown [s\src\hotspot\share\interpreter\linkResolver.cpp, line 774]
Event: 10.412 Thread 0x00000200ff8bc3d0 Exception <a 'java/lang/NoSuchMethodError'{0x00000000c86bf300}: 'int java.lang.invoke.DirectMethodHandle$Holder.invokeStaticInit(java.lang.Object, java.lang.Object)'> (0x00000000c86bf300) 
thrown [s\src\hotspot\share\interpreter\linkResolver.cpp, line 774]

ZGC Phase Switch (0 events):
No events

VM Operations (20 events):
Event: 6.304 Executing VM operation: G1PauseRemark done
Event: 6.310 Executing VM operation: G1PauseCleanup
Event: 6.310 Executing VM operation: G1PauseCleanup done
Event: 7.311 Executing VM operation: Cleanup
Event: 7.312 Executing VM operation: Cleanup done
Event: 8.312 Executing VM operation: Cleanup
Event: 8.312 Executing VM operation: Cleanup done
Event: 8.912 Executing VM operation: G1CollectForAllocation (G1 Evacuation Pause)
Event: 8.918 Executing VM operation: G1CollectForAllocation (G1 Evacuation Pause) done
Event: 9.816 Executing VM operation: HandshakeAllThreads (Deoptimize)
Event: 9.816 Executing VM operation: HandshakeAllThreads (Deoptimize) done
Event: 10.082 Executing VM operation: HandshakeAllThreads (Deoptimize)
Event: 10.082 Executing VM operation: HandshakeAllThreads (Deoptimize) done
Event: 10.082 Executing VM operation: Cleanup
Event: 10.082 Executing VM operation: Cleanup done
Event: 10.362 Executing VM operation: G1CollectForAllocation (G1 Evacuation Pause)
Event: 10.367 Executing VM operation: G1CollectForAllocation (G1 Evacuation Pause) done
Event: 10.698 Executing VM operation: G1TryInitiateConcMark (G1 Humongous Allocation)
Event: 10.704 Executing VM operation: G1TryInitiateConcMark (G1 Humongous Allocation) done
Event: 10.728 Executing VM operation: G1PauseRemark

Events (20 events):
Event: 10.731 Thread 0x00000200b9d0c510 flushing nmethod 0x00000200a6ed7a90
Event: 10.731 Thread 0x00000200b9d0c510 flushing nmethod 0x00000200a6f63490
Event: 10.731 Thread 0x00000200b9d0c510 flushing nmethod 0x00000200a6f64610
Event: 10.731 Thread 0x00000200b9d0c510 flushing nmethod 0x00000200a6fa6310
Event: 10.731 Thread 0x00000200b9d0c510 flushing nmethod 0x00000200a6fa6e10
Event: 10.731 Thread 0x00000200b9d0c510 flushing nmethod 0x00000200a7071190
Event: 10.731 Thread 0x00000200b9d0c510 flushing nmethod 0x00000200a7073490
Event: 10.731 Thread 0x00000200b9d0c510 flushing nmethod 0x00000200a7076590
Event: 10.731 Thread 0x00000200b9d0c510 flushing nmethod 0x00000200a70d6410
Event: 10.731 Thread 0x00000200b9d0c510 flushing nmethod 0x00000200a70d6790
Event: 10.731 Thread 0x00000200b9d0c510 flushing nmethod 0x00000200a70d6d10
Event: 10.731 Thread 0x00000200b9d0c510 flushing nmethod 0x00000200a70d7110
Event: 10.731 Thread 0x00000200b9d0c510 flushing nmethod 0x00000200a70d9790
Event: 10.731 Thread 0x00000200b9d0c510 flushing nmethod 0x00000200a70e0690
Event: 10.732 Thread 0x00000200b9d0c510 flushing nmethod 0x00000200a70e1c10
Event: 10.732 Thread 0x00000200b9d0c510 flushing nmethod 0x00000200a70e2110
Event: 10.732 Thread 0x00000200b9d0c510 flushing nmethod 0x00000200a717dc10
Event: 10.732 Thread 0x00000200b9d0c510 flushing nmethod 0x00000200a717df90
Event: 10.732 Thread 0x00000200b9d0c510 flushing nmethod 0x00000200a717e810
Event: 10.732 Thread 0x00000200b9d0c510 flushing nmethod 0x00000200a717f510


Dynamic libraries:
0x00007ff71caa0000 - 0x00007ff71caae000 	C:\Users\NGOC\.jdks\azul-22\bin\java.exe
0x00007ff8a65f0000 - 0x00007ff8a6807000 	C:\WINDOWS\SYSTEM32\ntdll.dll
0x00007ff8a4cb0000 - 0x00007ff8a4d74000 	C:\WINDOWS\System32\KERNEL32.DLL
0x00007ff8a3b50000 - 0x00007ff8a3ef7000 	C:\WINDOWS\System32\KERNELBASE.dll
0x00007ff8a3f00000 - 0x00007ff8a4011000 	C:\WINDOWS\System32\ucrtbase.dll
0x00007ff8852e0000 - 0x00007ff8852f7000 	C:\Users\NGOC\.jdks\azul-22\bin\jli.dll
0x00007ff8852c0000 - 0x00007ff8852db000 	C:\Users\NGOC\.jdks\azul-22\bin\VCRUNTIME140.dll
0x00007ff8a47b0000 - 0x00007ff8a495e000 	C:\WINDOWS\System32\USER32.dll
0x00007ff8a3910000 - 0x00007ff8a3936000 	C:\WINDOWS\System32\win32u.dll
0x00007ff8a6580000 - 0x00007ff8a65a9000 	C:\WINDOWS\System32\GDI32.dll
0x00007ff87d100000 - 0x00007ff87d393000 	C:\WINDOWS\WinSxS\amd64_microsoft.windows.common-controls_6595b64144ccf1df_6.0.22621.3527_none_270e469b73872a76\COMCTL32.dll
0x00007ff8a39c0000 - 0x00007ff8a3ad9000 	C:\WINDOWS\System32\gdi32full.dll
0x00007ff8a4020000 - 0x00007ff8a40ba000 	C:\WINDOWS\System32\msvcp_win.dll
0x00007ff8a4aa0000 - 0x00007ff8a4b47000 	C:\WINDOWS\System32\msvcrt.dll
0x00007ff8a5410000 - 0x00007ff8a5441000 	C:\WINDOWS\System32\IMM32.DLL
0x00007ff88f1f0000 - 0x00007ff88f1fc000 	C:\Users\NGOC\.jdks\azul-22\bin\vcruntime140_1.dll
0x00007ff87b910000 - 0x00007ff87b99e000 	C:\Users\NGOC\.jdks\azul-22\bin\msvcp140.dll
0x00007ff83c370000 - 0x00007ff83d13c000 	C:\Users\NGOC\.jdks\azul-22\bin\server\jvm.dll
0x00007ff8a5350000 - 0x00007ff8a5402000 	C:\WINDOWS\System32\ADVAPI32.dll
0x00007ff8a5ff0000 - 0x00007ff8a6098000 	C:\WINDOWS\System32\sechost.dll
0x00007ff8a40c0000 - 0x00007ff8a40e8000 	C:\WINDOWS\System32\bcrypt.dll
0x00007ff8a54c0000 - 0x00007ff8a55d5000 	C:\WINDOWS\System32\RPCRT4.dll
0x00007ff8a5160000 - 0x00007ff8a51d1000 	C:\WINDOWS\System32\WS2_32.dll
0x00007ff8a33d0000 - 0x00007ff8a341d000 	C:\WINDOWS\SYSTEM32\POWRPROF.dll
0x00007ff89bf50000 - 0x00007ff89bf5a000 	C:\WINDOWS\SYSTEM32\VERSION.dll
0x00007ff89bf70000 - 0x00007ff89bfa4000 	C:\WINDOWS\SYSTEM32\WINMM.dll
0x00007ff8a3270000 - 0x00007ff8a3283000 	C:\WINDOWS\SYSTEM32\UMPDC.dll
0x00007ff8a2890000 - 0x00007ff8a28a8000 	C:\WINDOWS\SYSTEM32\kernel.appcore.dll
0x00007ff88ebe0000 - 0x00007ff88ebea000 	C:\Users\NGOC\.jdks\azul-22\bin\jimage.dll
0x00007ff8a0850000 - 0x00007ff8a0a82000 	C:\WINDOWS\SYSTEM32\DBGHELP.DLL
0x00007ff8a4d80000 - 0x00007ff8a5108000 	C:\WINDOWS\System32\combase.dll
0x00007ff8a51f0000 - 0x00007ff8a52c7000 	C:\WINDOWS\System32\OLEAUT32.dll
0x00007ff899620000 - 0x00007ff899652000 	C:\WINDOWS\SYSTEM32\dbgcore.DLL
0x00007ff8a3940000 - 0x00007ff8a39b9000 	C:\WINDOWS\System32\bcryptPrimitives.dll
0x00007ff8849b0000 - 0x00007ff8849bf000 	C:\Users\NGOC\.jdks\azul-22\bin\instrument.dll
0x00007ff8852a0000 - 0x00007ff8852be000 	C:\Users\NGOC\.jdks\azul-22\bin\java.dll
0x00007ff8a5790000 - 0x00007ff8a5fec000 	C:\WINDOWS\System32\SHELL32.dll
0x00007ff8a55e0000 - 0x00007ff8a5785000 	C:\WINDOWS\System32\ole32.dll
0x00007ff8a1800000 - 0x00007ff8a20f6000 	C:\WINDOWS\SYSTEM32\windows.storage.dll
0x00007ff8a16c0000 - 0x00007ff8a17fe000 	C:\WINDOWS\SYSTEM32\wintypes.dll
0x00007ff8a45b0000 - 0x00007ff8a46a5000 	C:\WINDOWS\System32\SHCORE.dll
0x00007ff8a6520000 - 0x00007ff8a657e000 	C:\WINDOWS\System32\shlwapi.dll
0x00007ff8a3840000 - 0x00007ff8a3861000 	C:\WINDOWS\SYSTEM32\profapi.dll
0x00007ff872340000 - 0x00007ff872417000 	C:\Users\NGOC\.jdks\azul-22\bin\jsvml.dll
0x00007ff885540000 - 0x00007ff885550000 	C:\Users\NGOC\.jdks\azul-22\bin\net.dll
0x00007ff8a2d60000 - 0x00007ff8a2dc9000 	C:\WINDOWS\system32\mswsock.dll
0x00007ff8848a0000 - 0x00007ff8848b6000 	C:\Users\NGOC\.jdks\azul-22\bin\nio.dll
0x00007ff8840d0000 - 0x00007ff8840e7000 	C:\Users\NGOC\.jdks\azul-22\bin\zip.dll
0x00007ff8836b0000 - 0x00007ff8836ca000 	C:\Program Files\JetBrains\IntelliJ IDEA 2024.1\bin\breakgen64.dll
0x000002009e6d0000 - 0x000002009e6d3000 	C:\Users\NGOC\.openjfx\cache\20.0.1+2\amd64\api-ms-win-core-console-l1-1-0.dll
0x000002009e6e0000 - 0x000002009e6e3000 	C:\Users\NGOC\.openjfx\cache\20.0.1+2\amd64\api-ms-win-core-console-l1-2-0.dll
0x000002009e6f0000 - 0x000002009e6f3000 	C:\Users\NGOC\.openjfx\cache\20.0.1+2\amd64\api-ms-win-core-datetime-l1-1-0.dll
0x000002009e700000 - 0x000002009e703000 	C:\Users\NGOC\.openjfx\cache\20.0.1+2\amd64\api-ms-win-core-debug-l1-1-0.dll
0x000002009e710000 - 0x000002009e713000 	C:\Users\NGOC\.openjfx\cache\20.0.1+2\amd64\api-ms-win-core-errorhandling-l1-1-0.dll
0x000002009e720000 - 0x000002009e724000 	C:\Users\NGOC\.openjfx\cache\20.0.1+2\amd64\api-ms-win-core-file-l1-1-0.dll
0x000002009e730000 - 0x000002009e733000 	C:\Users\NGOC\.openjfx\cache\20.0.1+2\amd64\api-ms-win-core-file-l1-2-0.dll
0x000002009e740000 - 0x000002009e743000 	C:\Users\NGOC\.openjfx\cache\20.0.1+2\amd64\api-ms-win-core-file-l2-1-0.dll
0x000002009e750000 - 0x000002009e753000 	C:\Users\NGOC\.openjfx\cache\20.0.1+2\amd64\api-ms-win-core-handle-l1-1-0.dll
0x000002009e760000 - 0x000002009e763000 	C:\Users\NGOC\.openjfx\cache\20.0.1+2\amd64\api-ms-win-core-heap-l1-1-0.dll
0x000002009e770000 - 0x000002009e773000 	C:\Users\NGOC\.openjfx\cache\20.0.1+2\amd64\api-ms-win-core-interlocked-l1-1-0.dll
0x000002009e780000 - 0x000002009e783000 	C:\Users\NGOC\.openjfx\cache\20.0.1+2\amd64\api-ms-win-core-libraryloader-l1-1-0.dll
0x00000200b9ee0000 - 0x00000200b9ee3000 	C:\Users\NGOC\.openjfx\cache\20.0.1+2\amd64\api-ms-win-core-localization-l1-2-0.dll
0x00000200b9ef0000 - 0x00000200b9ef3000 	C:\Users\NGOC\.openjfx\cache\20.0.1+2\amd64\api-ms-win-core-memory-l1-1-0.dll
0x00000200b9f00000 - 0x00000200b9f03000 	C:\Users\NGOC\.openjfx\cache\20.0.1+2\amd64\api-ms-win-core-namedpipe-l1-1-0.dll
0x00000200b9f10000 - 0x00000200b9f13000 	C:\Users\NGOC\.openjfx\cache\20.0.1+2\amd64\api-ms-win-core-processenvironment-l1-1-0.dll
0x00000200b9f20000 - 0x00000200b9f23000 	C:\Users\NGOC\.openjfx\cache\20.0.1+2\amd64\api-ms-win-core-processthreads-l1-1-0.dll
0x00000200b9f30000 - 0x00000200b9f33000 	C:\Users\NGOC\.openjfx\cache\20.0.1+2\amd64\api-ms-win-core-processthreads-l1-1-1.dll
0x00000200b9f40000 - 0x00000200b9f43000 	C:\Users\NGOC\.openjfx\cache\20.0.1+2\amd64\api-ms-win-core-profile-l1-1-0.dll
0x00000200b9f50000 - 0x00000200b9f53000 	C:\Users\NGOC\.openjfx\cache\20.0.1+2\amd64\api-ms-win-core-rtlsupport-l1-1-0.dll
0x00000200b9f60000 - 0x00000200b9f63000 	C:\Users\NGOC\.openjfx\cache\20.0.1+2\amd64\api-ms-win-core-string-l1-1-0.dll
0x00000200b9f70000 - 0x00000200b9f73000 	C:\Users\NGOC\.openjfx\cache\20.0.1+2\amd64\api-ms-win-core-synch-l1-1-0.dll
0x00000200b9f80000 - 0x00000200b9f83000 	C:\Users\NGOC\.openjfx\cache\20.0.1+2\amd64\api-ms-win-core-synch-l1-2-0.dll
0x00000200b9f90000 - 0x00000200b9f93000 	C:\Users\NGOC\.openjfx\cache\20.0.1+2\amd64\api-ms-win-core-sysinfo-l1-1-0.dll
0x00000200b9fa0000 - 0x00000200b9fa3000 	C:\Users\NGOC\.openjfx\cache\20.0.1+2\amd64\api-ms-win-core-timezone-l1-1-0.dll
0x00000200b9fb0000 - 0x00000200b9fb3000 	C:\Users\NGOC\.openjfx\cache\20.0.1+2\amd64\api-ms-win-core-util-l1-1-0.dll
0x00000200b9fc0000 - 0x00000200b9fc3000 	C:\Users\NGOC\.openjfx\cache\20.0.1+2\amd64\api-ms-win-crt-conio-l1-1-0.dll
0x00000200b9fd0000 - 0x00000200b9fd4000 	C:\Users\NGOC\.openjfx\cache\20.0.1+2\amd64\api-ms-win-crt-convert-l1-1-0.dll
0x00000200b9fe0000 - 0x00000200b9fe3000 	C:\Users\NGOC\.openjfx\cache\20.0.1+2\amd64\api-ms-win-crt-environment-l1-1-0.dll
0x00000200b9ff0000 - 0x00000200b9ff3000 	C:\Users\NGOC\.openjfx\cache\20.0.1+2\amd64\api-ms-win-crt-filesystem-l1-1-0.dll
0x00000200ffc00000 - 0x00000200ffc03000 	C:\Users\NGOC\.openjfx\cache\20.0.1+2\amd64\api-ms-win-crt-heap-l1-1-0.dll
0x00000200ffc10000 - 0x00000200ffc13000 	C:\Users\NGOC\.openjfx\cache\20.0.1+2\amd64\api-ms-win-crt-locale-l1-1-0.dll
0x00000200ffc20000 - 0x00000200ffc25000 	C:\Users\NGOC\.openjfx\cache\20.0.1+2\amd64\api-ms-win-crt-math-l1-1-0.dll
0x00000200ffc30000 - 0x00000200ffc35000 	C:\Users\NGOC\.openjfx\cache\20.0.1+2\amd64\api-ms-win-crt-multibyte-l1-1-0.dll
0x00000200ffc40000 - 0x00000200ffc50000 	C:\Users\NGOC\.openjfx\cache\20.0.1+2\amd64\api-ms-win-crt-private-l1-1-0.dll
0x00000200ffc50000 - 0x00000200ffc53000 	C:\Users\NGOC\.openjfx\cache\20.0.1+2\amd64\api-ms-win-crt-process-l1-1-0.dll
0x00000200ffc60000 - 0x00000200ffc64000 	C:\Users\NGOC\.openjfx\cache\20.0.1+2\amd64\api-ms-win-crt-runtime-l1-1-0.dll
0x00000200ffc70000 - 0x00000200ffc74000 	C:\Users\NGOC\.openjfx\cache\20.0.1+2\amd64\api-ms-win-crt-stdio-l1-1-0.dll
0x00000200ffc80000 - 0x00000200ffc84000 	C:\Users\NGOC\.openjfx\cache\20.0.1+2\amd64\api-ms-win-crt-string-l1-1-0.dll
0x00000200ffc90000 - 0x00000200ffc93000 	C:\Users\NGOC\.openjfx\cache\20.0.1+2\amd64\api-ms-win-crt-time-l1-1-0.dll
0x00000200ffca0000 - 0x00000200ffca3000 	C:\Users\NGOC\.openjfx\cache\20.0.1+2\amd64\api-ms-win-crt-utility-l1-1-0.dll
0x00007ff870e40000 - 0x00007ff870f3c000 	C:\Users\NGOC\.openjfx\cache\20.0.1+2\amd64\ucrtbase.dll
0x00007ff87a8f0000 - 0x00007ff87a90b000 	C:\Users\NGOC\.openjfx\cache\20.0.1+2\amd64\vcruntime140.dll
0x00007ff8845f0000 - 0x00007ff8845fc000 	C:\Users\NGOC\.openjfx\cache\20.0.1+2\amd64\vcruntime140_1.dll
0x00007ff8715c0000 - 0x00007ff87164e000 	C:\Users\NGOC\.openjfx\cache\20.0.1+2\amd64\msvcp140.dll
0x00007ff882560000 - 0x00007ff882569000 	C:\Users\NGOC\.openjfx\cache\20.0.1+2\amd64\msvcp140_1.dll
0x00007ff871c50000 - 0x00007ff871c80000 	C:\Users\NGOC\.openjfx\cache\20.0.1+2\amd64\msvcp140_2.dll
0x00007ff871c20000 - 0x00007ff871c4f000 	C:\Users\NGOC\.openjfx\cache\20.0.1+2\amd64\prism_d3d.dll
0x00007ff831d90000 - 0x00007ff831f39000 	C:\WINDOWS\system32\d3d9.dll
0x00007ff8a1050000 - 0x00007ff8a107b000 	C:\WINDOWS\SYSTEM32\dwmapi.dll
0x00007ff8a0ee0000 - 0x00007ff8a0f19000 	C:\WINDOWS\SYSTEM32\dxcore.dll
0x00007ff8a0df0000 - 0x00007ff8a0e9b000 	C:\WINDOWS\system32\uxtheme.dll
0x00007ff82e270000 - 0x00007ff82e4cc000 	C:\WINDOWS\System32\DriverStore\FileRepository\iigd_dch.inf_amd64_da775d7ecf291310\igdumdim64.dll
0x00007ff8251d0000 - 0x00007ff826531000 	C:\WINDOWS\System32\DriverStore\FileRepository\iigd_dch.inf_amd64_da775d7ecf291310\igd9dxva64.dll
0x00007ff8a60a0000 - 0x00007ff8a6514000 	C:\WINDOWS\System32\SETUPAPI.dll
0x00007ff8a35f0000 - 0x00007ff8a363e000 	C:\WINDOWS\SYSTEM32\cfgmgr32.dll
0x00007ff8234a0000 - 0x00007ff8251c9000 	C:\WINDOWS\System32\DriverStore\FileRepository\iigd_dch.inf_amd64_da775d7ecf291310\media_bin_64.dll
0x00007ff88a1d0000 - 0x00007ff88a60c000 	C:\WINDOWS\System32\DriverStore\FileRepository\iigd_dch.inf_amd64_da775d7ecf291310\igdgmm64.dll
0x00007ff88e4b0000 - 0x00007ff88e4fa000 	C:\WINDOWS\SYSTEM32\directxdatabasehelper.dll
0x00007ff870df0000 - 0x00007ff870e32000 	C:\Users\NGOC\.openjfx\cache\20.0.1+2\amd64\glass.dll
0x00007ff8a46b0000 - 0x00007ff8a47a7000 	C:\WINDOWS\System32\COMDLG32.dll
0x00007ff8a4b50000 - 0x00007ff8a4ca3000 	C:\WINDOWS\System32\MSCTF.dll
0x00007ff8815c0000 - 0x00007ff8815e7000 	C:\WINDOWS\System32\DriverStore\FileRepository\iigd_dch.inf_amd64_da775d7ecf291310\igdinfo64.dll
0x00007ff886100000 - 0x00007ff88a166000 	C:\WINDOWS\System32\DriverStore\FileRepository\iigd_dch.inf_amd64_da775d7ecf291310\igc64.dll
0x00007ff872990000 - 0x00007ff8729a4000 	C:\Users\NGOC\.openjfx\cache\20.0.1+2\amd64\javafx_font.dll
0x00007ff870dc0000 - 0x00007ff870ded000 	C:\Users\NGOC\.openjfx\cache\20.0.1+2\amd64\javafx_iio.dll
0x00007ff89f670000 - 0x00007ff89f8e4000 	C:\WINDOWS\SYSTEM32\dwrite.dll
0x00007ff868b40000 - 0x00007ff868b57000 	C:\WINDOWS\system32\napinsp.dll
0x00007ff86a570000 - 0x00007ff86a58b000 	C:\WINDOWS\system32\pnrpnsp.dll
0x00007ff8a2390000 - 0x00007ff8a2488000 	C:\WINDOWS\SYSTEM32\DNSAPI.dll
0x00007ff8a2360000 - 0x00007ff8a238d000 	C:\WINDOWS\SYSTEM32\IPHLPAPI.DLL
0x00007ff8a52d0000 - 0x00007ff8a52d9000 	C:\WINDOWS\System32\NSI.dll
0x00007ff86a550000 - 0x00007ff86a561000 	C:\WINDOWS\System32\winrnr.dll
0x00007ff89be60000 - 0x00007ff89be75000 	C:\WINDOWS\system32\wshbth.dll
0x00007ff86a590000 - 0x00007ff86a5b7000 	C:\WINDOWS\system32\nlansp_c.dll
0x00007ff89b780000 - 0x00007ff89b78a000 	C:\Windows\System32\rasadhlp.dll
0x00007ff89bec0000 - 0x00007ff89bf43000 	C:\WINDOWS\System32\fwpuclnt.dll
0x00007ff8a2f80000 - 0x00007ff8a2f9b000 	C:\WINDOWS\SYSTEM32\CRYPTSP.dll
0x00007ff8a2850000 - 0x00007ff8a2885000 	C:\WINDOWS\system32\rsaenh.dll

dbghelp: loaded successfully - version: 4.0.5 - missing functions: none
symbol engine: initialized successfully - sym options: 0x614 - pdb path: .;C:\Users\NGOC\.jdks\azul-22\bin;C:\WINDOWS\SYSTEM32;C:\WINDOWS\WinSxS\amd64_microsoft.windows.common-controls_6595b64144ccf1df_6.0.22621.3527_none_270e469b73872a76;C:\Users\NGOC\.jdks\azul-22\bin\server;C:\Program Files\JetBrains\IntelliJ IDEA 2024.1\bin;C:\Users\NGOC\.openjfx\cache\20.0.1+2\amd64;C:\WINDOWS\System32\DriverStore\FileRepository\iigd_dch.inf_amd64_da775d7ecf291310;C:\Program Files\Common Files\Microsoft Shared\Ink

VM Arguments:
jvm_args: -javaagent:C:\Program Files\JetBrains\IntelliJ IDEA 2024.1\lib\idea_rt.jar=56234:C:\Program Files\JetBrains\IntelliJ IDEA 2024.1\bin -Dfile.encoding=UTF-8 -Dsun.stdout.encoding=UTF-8 -Dsun.stderr.encoding=UTF-8 --module-path=C:\Users\NGOC\.m2\repository\org\openjfx\javafx-base\20.0.1\javafx-base-20.0.1-win.jar;C:\Users\NGOC\.m2\repository\org\apache\commons\commons-compress\1.21\commons-compress-1.21.jar;C:\Users\NGOC\.m2\repository\org\apache\xmlbeans\xmlbeans\5.1.1\xmlbeans-5.1.1.jar;C:\Users\NGOC\.m2\repository\org\apache\poi\poi-ooxml\5.2.3\poi-ooxml-5.2.3.jar;C:\Users\NGOC\.m2\repository\org\apache\poi\poi\5.2.3\poi-5.2.3.jar;C:\Users\NGOC\.m2\repository\org\openjfx\javafx-controls\20.0.1\javafx-controls-20.0.1-win.jar;C:\Users\NGOC\IdeaProjects\BuildingOperationsApplication\target\classes;C:\Users\NGOC\.m2\repository\org\apache\poi\poi-ooxml-lite\5.2.3\poi-ooxml-lite-5.2.3.jar;C:\Users\NGOC\.m2\repository\org\openjfx\javafx-fxml\20.0.1\javafx-fxml-20.0.1-win.jar;C:\Users\NGOC\.m2\repository\commons-codec\commons-codec\1.15\commons-codec-1.15.jar;C:\Users\NGOC\.m2\repository\org\apache\commons\commons-math3\3.6.1\commons-math3-3.6.1.jar;C:\Users\NGOC\.m2\repository\org\openjfx\javafx-graphics\20.0.1\javafx-graphics-20.0.1-win.jar;C:\Users\NGOC\.m2\repository\org\apache\commons\commons-collections4\4.4\commons-collections4-4.4.jar;C:\Users\NGOC\.m2\repository\org\apache\logging\log4j\log4j-api\2.18.0\log4j-api-2.18.0.jar;C:\Users\NGOC\.m2\repository\com\zaxxer\SparseBitSet\1.2\SparseBitSet-1.2.jar;C:\Users\NGOC\.m2\repository\commons-io\commons-io\2.11.0\commons-io-2.11.0.jar;C:\Users\NGOC\.m2\repository\com\dlsc\formsfx\formsfx-core\11.6.0\formsfx-core-11.6.0.jar -Djdk.module.main=com.example.managingbuildingjava 
java_command: com.example.managingbuildingjava/com.example.managingbuildingjava.BuildingManager
java_class_path (initial): C:\Users\NGOC\.m2\repository\com\microsoft\sqlserver\mssql-jdbc\12.6.1.jre11\mssql-jdbc-12.6.1.jre11.jar;C:\Users\NGOC\.m2\repository\org\openjfx\javafx-controls\20.0.1\javafx-controls-20.0.1.jar;C:\Users\NGOC\.m2\repository\org\openjfx\javafx-graphics\20.0.1\javafx-graphics-20.0.1.jar;C:\Users\NGOC\.m2\repository\org\openjfx\javafx-base\20.0.1\javafx-base-20.0.1.jar;C:\Users\NGOC\.m2\repository\org\openjfx\javafx-fxml\20.0.1\javafx-fxml-20.0.1.jar;C:\Users\NGOC\.m2\repository\org\apache\maven\plugin-tools\maven-plugin-annotations\3.1\maven-plugin-annotations-3.1.jar;C:\Users\NGOC\.m2\repository\org\apache\maven\maven-artifact\3.0\maven-artifact-3.0.jar;C:\Users\NGOC\.m2\repository\org\codehaus\plexus\plexus-utils\2.0.4\plexus-utils-2.0.4.jar;C:\Users\NGOC\.m2\repository\com\github\virtuald\curvesapi\1.07\curvesapi-1.07.jar
Launcher Type: SUN_STANDARD

[Global flags]
     intx CICompilerCount                          = 4                                         {product} {ergonomic}
     uint ConcGCThreads                            = 2                                         {product} {ergonomic}
     uint G1ConcRefinementThreads                  = 8                                         {product} {ergonomic}
   size_t G1HeapRegionSize                         = 1048576                                   {product} {ergonomic}
   size_t InitialHeapSize                          = 62914560                                  {product} {ergonomic}
   size_t MarkStackSize                            = 4194304                                   {product} {ergonomic}
   size_t MaxHeapSize                              = 1004535808                                {product} {ergonomic}
   size_t MaxNewSize                               = 601882624                                 {product} {ergonomic}
   size_t MinHeapDeltaBytes                        = 1048576                                   {product} {ergonomic}
   size_t MinHeapSize                              = 8388608                                   {product} {ergonomic}
    uintx NonNMethodCodeHeapSize                   = 5839372                                {pd product} {ergonomic}
    uintx NonProfiledCodeHeapSize                  = 122909434                              {pd product} {ergonomic}
    uintx ProfiledCodeHeapSize                     = 122909434                              {pd product} {ergonomic}
    uintx ReservedCodeCacheSize                    = 251658240                              {pd product} {ergonomic}
     bool SegmentedCodeCache                       = true                                      {product} {ergonomic}
   size_t SoftMaxHeapSize                          = 1004535808                             {manageable} {ergonomic}
     bool UseCompressedOops                        = true                           {product lp64_product} {ergonomic}
     bool UseG1GC                                  = true                                      {product} {ergonomic}
     bool UseLargePagesIndividualAllocation        = false                                  {pd product} {ergonomic}

Logging:
Log output configuration:
 #0: stdout all=warning uptime,level,tags foldmultilines=false
 #1: stderr all=off uptime,level,tags foldmultilines=false

Environment Variables:
JAVA_HOME=C:\Java\
PATH=C:\Java\bin;C:\Program Files\Common Files\Oracle\Java\javapath;C:\Program Files (x86)\NVIDIA Corporation\PhysX\Common;C:\Program Files (x86)\Common Files\Oracle\Java\javapath;C:\WINDOWS\system32;C:\WINDOWS;C:\WINDOWS\System32\Wbem;C:\WINDOWS\System32\WindowsPowerShell\v1.0\;C:\WINDOWS\System32\OpenSSH\;C:\Program Files (x86)\Microsoft SQL Server\160\Tools\Binn\;C:\Program Files\Microsoft SQL Server\160\Tools\Binn\;C:\Program Files\Microsoft SQL Server\Client SDK\ODBC\170\Tools\Binn\;C:\Program Files\Microsoft SQL Server\160\DTS\Binn\;C:\Program Files (x86)\Microsoft SQL Server\160\DTS\Binn\;C:\Program Files\Azure Data Studio\bin;C:\Program Files\Git\cmd;C:\Program Files\nodejs\;C:\Program Files\Cloudflare\Cloudflare WARP\;C:\Users\NGOC\anaconda3;C:\Users\NGOC\anaconda3\Library\mingw-w64\bin;C:\Users\NGOC\anaconda3\Library\usr\bin;C:\Users\NGOC\anaconda3\Library\bin;C:\Users\NGOC\anaconda3\Scripts;C:\Users\NGOC\AppData\Local\Microsoft\WindowsApps;C:\Users\NGOC\AppData\Local\Programs\Microsoft VS Code\bin;C:\MinGW\bin;C:\Program Files\JetBrains\IntelliJ IDEA Community Edition 2023.2.1\bin;;C:\Program Files\Azure Data Studio\bin;C:\Users\NGOC\AppData\Roaming\npm;C:\Users\NGOC\AppData\Local\GitHubDesktop\bin
USERNAME=NGOC
OS=Windows_NT
PROCESSOR_IDENTIFIER=Intel64 Family 6 Model 140 Stepping 1, GenuineIntel
TMP=C:\Users\NGOC\AppData\Local\Temp
TEMP=C:\Users\NGOC\AppData\Local\Temp




Periodic native trim disabled

---------------  S Y S T E M  ---------------

OS:
 Windows 11 , 64 bit Build 22621 (10.0.22621.3527)
OS uptime: 1 days 4:03 hours
Hyper-V role detected

CPU: total 8 (initial active 8) (4 cores per cpu, 2 threads per core) family 6 model 140 stepping 1 microcode 0xb6, cx8, cmov, fxsr, ht, mmx, 3dnowpref, sse, sse2, sse3, ssse3, sse4.1, sse4.2, popcnt, lzcnt, tsc, tscinvbit, avx, avx2, aes, erms, clmul, bmi1, bmi2, adx, avx512f, avx512dq, avx512cd, avx512bw, avx512vl, sha, fma, vzeroupper, avx512_vpopcntdq, avx512_vpclmulqdq, avx512_vaes, avx512_vnni, clflush, clflushopt, clwb, avx512_vbmi2, avx512_vbmi, hv, rdtscp, rdpid, fsrm, gfni, avx512_bitalg, f16c, cet_ibt, cet_ss, avx512_ifma
Processor Information for all 8 processors :
  Max Mhz: 2419, Current Mhz: 2419, Mhz Limit: 2419

Memory: 4k page, system-wide physical 3824M (317M free)
TotalPageFile size 12016M (AvailPageFile size 8M)
current process WorkingSet (physical memory assigned to process): 224M, peak: 224M
current process commit charge ("private bytes"): 337M, peak: 341M

vm_info: OpenJDK 64-Bit Server VM (22+36) for windows-amd64 JRE (22+36) (Zulu22.28+91-CA), built on 2024-02-28T12:24:10Z by "zulu_re" with MS VC++ 17.1 (VS2022)

END.
