#
# There is insufficient memory for the Java Runtime Environment to continue.
# Native memory allocation (malloc) failed to allocate 163936 bytes. Error detail: Chunk::new
# Possible reasons:
#   The system is out of physical RAM or swap space
#   This process is running with CompressedOops enabled, and the Java Heap may be blocking the growth of the native heap
# Possible solutions:
#   Reduce memory load on the system
#   Increase physical memory or swap space
#   Check if swap backing store is full
#   Decrease Java heap size (-Xmx/-Xms)
#   Decrease number of Java threads
#   Decrease Java thread stack sizes (-Xss)
#   Set larger code cache with -XX:ReservedCodeCacheSize=
#   JVM is running with Unscaled Compressed Oops mode in which the Java heap is
#     placed in the first 4GB address space. The Java Heap base address is the
#     maximum limit for the native heap growth. Please use -XX:HeapBaseMinAddress
#     to set the Java Heap base and to place the Java Heap above 4GB virtual address.
# This output file may be truncated or incomplete.
#
#  Out of Memory Error (arena.cpp:150), pid=9404, tid=9904
#
# JRE version: OpenJDK Runtime Environment Zulu22.28+91-CA (22.0+36) (build 22+36)
# Java VM: OpenJDK 64-Bit Server VM Zulu22.28+91-CA (22+36, mixed mode, sharing, tiered, compressed oops, compressed class ptrs, g1 gc, windows-amd64)
# No core dump will be written. Minidumps are not enabled by default on client versions of Windows
#

---------------  S U M M A R Y ------------

Command Line: -javaagent:C:\Program Files\JetBrains\IntelliJ IDEA 2024.1\lib\idea_rt.jar=61728:C:\Program Files\JetBrains\IntelliJ IDEA 2024.1\bin -Dfile.encoding=UTF-8 -Dsun.stdout.encoding=UTF-8 -Dsun.stderr.encoding=UTF-8 --module-path=C:\Users\NGOC\.m2\repository\com\zaxxer\SparseBitSet\1.2\SparseBitSet-1.2.jar;C:\Users\NGOC\IdeaProjects\BuildingOperationsApplication\target\classes;C:\Users\NGOC\.m2\repository\org\apache\xmlbeans\xmlbeans\5.1.1\xmlbeans-5.1.1.jar;C:\Users\NGOC\.m2\repository\org\openjfx\javafx-controls\20.0.1\javafx-controls-20.0.1-win.jar;C:\Users\NGOC\.m2\repository\org\apache\commons\commons-math3\3.6.1\commons-math3-3.6.1.jar;C:\Users\NGOC\.m2\repository\com\dlsc\formsfx\formsfx-core\11.6.0\formsfx-core-11.6.0.jar;C:\Users\NGOC\.m2\repository\commons-codec\commons-codec\1.15\commons-codec-1.15.jar;C:\Users\NGOC\.m2\repository\org\openjfx\javafx-graphics\20.0.1\javafx-graphics-20.0.1-win.jar;C:\Users\NGOC\.m2\repository\org\apache\commons\commons-collections4\4.4\commons-collections4-4.4.jar;C:\Users\NGOC\.m2\repository\org\openjfx\javafx-fxml\20.0.1\javafx-fxml-20.0.1-win.jar;C:\Users\NGOC\.m2\repository\org\apache\poi\poi-ooxml\5.2.3\poi-ooxml-5.2.3.jar;C:\Users\NGOC\.m2\repository\org\openjfx\javafx-base\20.0.1\javafx-base-20.0.1-win.jar;C:\Users\NGOC\.m2\repository\org\apache\poi\poi\5.2.3\poi-5.2.3.jar;C:\Users\NGOC\.m2\repository\org\apache\poi\poi-ooxml-lite\5.2.3\poi-ooxml-lite-5.2.3.jar;C:\Users\NGOC\.m2\repository\org\apache\commons\commons-compress\1.21\commons-compress-1.21.jar;C:\Users\NGOC\.m2\repository\commons-io\commons-io\2.11.0\commons-io-2.11.0.jar;C:\Users\NGOC\.m2\repository\org\apache\logging\log4j\log4j-api\2.18.0\log4j-api-2.18.0.jar -Djdk.module.main=com.example.managingbuildingjava com.example.managingbuildingjava/com.example.managingbuildingjava.BuildingManager

Host: 11th Gen Intel(R) Core(TM) i5-1135G7 @ 2.40GHz, 8 cores, 3G,  Windows 11 , 64 bit Build 22621 (10.0.22621.3527)
Time: Wed May 15 16:01:57 2024 SE Asia Standard Time elapsed time: 0.616762 seconds (0d 0h 0m 0s)

---------------  T H R E A D  ---------------

Current thread (0x000001d51da49d10):  JavaThread "C2 CompilerThread0" daemon [_thread_in_native, id=9904, stack(0x000000028dd00000,0x000000028de00000) (1024K)]


Current CompileTask:
C2:616  862       4       jdk.internal.module.Checks::isPackageName (5 bytes)

Stack: [0x000000028dd00000,0x000000028de00000]
Native frames: (J=compiled Java code, j=interpreted, Vv=VM code, C=native code)
V  [jvm.dll+0x6f0f39]  (no source info available)
V  [jvm.dll+0x8d4513]  (no source info available)
V  [jvm.dll+0x8d677e]  (no source info available)
V  [jvm.dll+0x8d6e63]  (no source info available)
V  [jvm.dll+0x28aba6]  (no source info available)
V  [jvm.dll+0xc4c9f]  (no source info available)
V  [jvm.dll+0xc4efb]  (no source info available)
V  [jvm.dll+0x2ff52f]  (no source info available)
V  [jvm.dll+0x617d96]  (no source info available)
V  [jvm.dll+0x25b1cf]  (no source info available)
V  [jvm.dll+0x253211]  (no source info available)
V  [jvm.dll+0x25127d]  (no source info available)
V  [jvm.dll+0x1cd73a]  (no source info available)
V  [jvm.dll+0x2610d9]  (no source info available)
V  [jvm.dll+0x25f39a]  (no source info available)
V  [jvm.dll+0x401dc6]  (no source info available)
V  [jvm.dll+0x87bae8]  (no source info available)
V  [jvm.dll+0x6ef645]  (no source info available)
C  [ucrtbase.dll+0x29333]  (no source info available)
C  [KERNEL32.DLL+0x1257d]  (no source info available)
C  [ntdll.dll+0x5aa48]  (no source info available)


---------------  P R O C E S S  ---------------

Threads class SMR info:
_java_thread_list=0x000001d51df24cb0, length=12, elements={
0x000001d5002f5f00, 0x000001d51da32390, 0x000001d51da333a0, 0x000001d51da36100,
0x000001d51da38c60, 0x000001d51da397b0, 0x000001d51da42440, 0x000001d51da49d10,
0x000001d51da4b9f0, 0x000001d51dc54a40, 0x000001d51dc55760, 0x000001d51dc53690
}

Java Threads: ( => current thread )
  0x000001d5002f5f00 JavaThread "main"                              [_thread_in_native, id=4956, stack(0x000000028cf00000,0x000000028d000000) (1024K)]
  0x000001d51da32390 JavaThread "Reference Handler"          daemon [_thread_blocked, id=4876, stack(0x000000028d700000,0x000000028d800000) (1024K)]
  0x000001d51da333a0 JavaThread "Finalizer"                  daemon [_thread_blocked, id=9620, stack(0x000000028d800000,0x000000028d900000) (1024K)]
  0x000001d51da36100 JavaThread "Signal Dispatcher"          daemon [_thread_blocked, id=11016, stack(0x000000028d900000,0x000000028da00000) (1024K)]
  0x000001d51da38c60 JavaThread "Attach Listener"            daemon [_thread_blocked, id=4424, stack(0x000000028da00000,0x000000028db00000) (1024K)]
  0x000001d51da397b0 JavaThread "Service Thread"             daemon [_thread_blocked, id=5000, stack(0x000000028db00000,0x000000028dc00000) (1024K)]
  0x000001d51da42440 JavaThread "Monitor Deflation Thread"   daemon [_thread_blocked, id=8068, stack(0x000000028dc00000,0x000000028dd00000) (1024K)]
=>0x000001d51da49d10 JavaThread "C2 CompilerThread0"         daemon [_thread_in_native, id=9904, stack(0x000000028dd00000,0x000000028de00000) (1024K)]
  0x000001d51da4b9f0 JavaThread "C1 CompilerThread0"         daemon [_thread_blocked, id=10616, stack(0x000000028de00000,0x000000028df00000) (1024K)]
  0x000001d51dc54a40 JavaThread "Common-Cleaner"             daemon [_thread_blocked, id=12564, stack(0x000000028df00000,0x000000028e000000) (1024K)]
  0x000001d51dc55760 JavaThread "Monitor Ctrl-Break"         daemon [_thread_in_native, id=7204, stack(0x000000028e000000,0x000000028e100000) (1024K)]
  0x000001d51dc53690 JavaThread "Notification Thread"        daemon [_thread_blocked, id=14312, stack(0x000000028e100000,0x000000028e200000) (1024K)]
Total: 12

Other Threads:
  0x000001d51da15320 VMThread "VM Thread"                           [id=9796, stack(0x000000028d600000,0x000000028d700000) (1024K)]
  0x000001d51da00aa0 WatcherThread "VM Periodic Task Thread"        [id=1064, stack(0x000000028d500000,0x000000028d600000) (1024K)]
  0x000001d5024b73f0 WorkerThread "GC Thread#0"                     [id=15540, stack(0x000000028d000000,0x000000028d100000) (1024K)]
  0x000001d563062ba0 WorkerThread "GC Thread#1"                     [id=16692, stack(0x000000028e200000,0x000000028e300000) (1024K)]
  0x000001d51dfac700 WorkerThread "GC Thread#2"                     [id=13424, stack(0x000000028e300000,0x000000028e400000) (1024K)]
  0x000001d51dfacab0 WorkerThread "GC Thread#3"                     [id=15232, stack(0x000000028e400000,0x000000028e500000) (1024K)]
  0x000001d5024bfba0 ConcurrentGCThread "G1 Main Marker"            [id=7596, stack(0x000000028d100000,0x000000028d200000) (1024K)]
  0x000001d5024c0860 WorkerThread "G1 Conc#0"                       [id=11176, stack(0x000000028d200000,0x000000028d300000) (1024K)]
  0x000001d50253e4e0 ConcurrentGCThread "G1 Refine#0"               [id=16632, stack(0x000000028d300000,0x000000028d400000) (1024K)]
  0x000001d51d8d6230 ConcurrentGCThread "G1 Service"                [id=9100, stack(0x000000028d400000,0x000000028d500000) (1024K)]
Total: 10

Threads with active compile tasks:
C2 CompilerThread0  703  862       4       jdk.internal.module.Checks::isPackageName (5 bytes)
Total: 1

VM state: not at safepoint (normal execution)

VM Mutex/Monitor currently owned by a thread: None

Heap address: 0x00000000c4200000, size: 958 MB, Compressed Oops mode: 32-bit

CDS archive(s) mapped at: [0x000001d51e000000-0x000001d51ec50000-0x000001d51ec50000), size 12910592, SharedBaseAddress: 0x000001d51e000000, ArchiveRelocationMode: 1.
Compressed class space mapped at: 0x000001d51f000000-0x000001d55f000000, reserved size: 1073741824
Narrow klass base: 0x000001d51e000000, Narrow klass shift: 0, Narrow klass range: 0x41000000

GC Precious Log:
 CardTable entry size: 512
 Card Set container configuration: InlinePtr #cards 5 size 8 Array Of Cards #cards 12 size 40 Howl #buckets 4 coarsen threshold 1843 Howl Bitmap #cards 512 size 80 coarsen threshold 460 Card regions per heap region 1 cards per card region 2048
 CPUs: 8 total, 8 available
 Memory: 3824M
 Large Page Support: Disabled
 NUMA Support: Disabled
 Compressed Oops: Enabled (32-bit)
 Heap Region Size: 1M
 Heap Min Capacity: 8M
 Heap Initial Capacity: 60M
 Heap Max Capacity: 958M
 Pre-touch: Disabled
 Parallel Workers: 8
 Concurrent Workers: 2
 Concurrent Refinement Workers: 8
 Periodic GC: Disabled

Heap:
 garbage-first heap   total reserved 980992K, committed 61440K, used 3904K [0x00000000c4200000, 0x0000000100000000)
  region size 1024K, 5 young (5120K), 2 survivors (2048K)
 Metaspace       used 2501K, committed 2624K, reserved 1114112K
  class space    used 265K, committed 320K, reserved 1048576K

Heap Regions: E=young(eden), S=young(survivor), O=old, HS=humongous(starts), HC=humongous(continues), CS=collection set, F=free, TAMS=top-at-mark-start, PB=parsable bottom
|   0|0x00000000c4200000, 0x00000000c4200000, 0x00000000c4300000|  0%| F|  |TAMS 0x00000000c4200000| PB 0x00000000c4200000| Untracked |  0
|   1|0x00000000c4300000, 0x00000000c4300000, 0x00000000c4400000|  0%| F|  |TAMS 0x00000000c4300000| PB 0x00000000c4300000| Untracked |  0
|   2|0x00000000c4400000, 0x00000000c4400000, 0x00000000c4500000|  0%| F|  |TAMS 0x00000000c4400000| PB 0x00000000c4400000| Untracked |  0
|   3|0x00000000c4500000, 0x00000000c4500000, 0x00000000c4600000|  0%| F|  |TAMS 0x00000000c4500000| PB 0x00000000c4500000| Untracked |  0
|   4|0x00000000c4600000, 0x00000000c4600000, 0x00000000c4700000|  0%| F|  |TAMS 0x00000000c4600000| PB 0x00000000c4600000| Untracked |  0
|   5|0x00000000c4700000, 0x00000000c4700000, 0x00000000c4800000|  0%| F|  |TAMS 0x00000000c4700000| PB 0x00000000c4700000| Untracked |  0
|   6|0x00000000c4800000, 0x00000000c4800000, 0x00000000c4900000|  0%| F|  |TAMS 0x00000000c4800000| PB 0x00000000c4800000| Untracked |  0
|   7|0x00000000c4900000, 0x00000000c4900000, 0x00000000c4a00000|  0%| F|  |TAMS 0x00000000c4900000| PB 0x00000000c4900000| Untracked |  0
|   8|0x00000000c4a00000, 0x00000000c4a00000, 0x00000000c4b00000|  0%| F|  |TAMS 0x00000000c4a00000| PB 0x00000000c4a00000| Untracked |  0
|   9|0x00000000c4b00000, 0x00000000c4b00000, 0x00000000c4c00000|  0%| F|  |TAMS 0x00000000c4b00000| PB 0x00000000c4b00000| Untracked |  0
|  10|0x00000000c4c00000, 0x00000000c4c00000, 0x00000000c4d00000|  0%| F|  |TAMS 0x00000000c4c00000| PB 0x00000000c4c00000| Untracked |  0
|  11|0x00000000c4d00000, 0x00000000c4d00000, 0x00000000c4e00000|  0%| F|  |TAMS 0x00000000c4d00000| PB 0x00000000c4d00000| Untracked |  0
|  12|0x00000000c4e00000, 0x00000000c4e00000, 0x00000000c4f00000|  0%| F|  |TAMS 0x00000000c4e00000| PB 0x00000000c4e00000| Untracked |  0
|  13|0x00000000c4f00000, 0x00000000c4f00000, 0x00000000c5000000|  0%| F|  |TAMS 0x00000000c4f00000| PB 0x00000000c4f00000| Untracked |  0
|  14|0x00000000c5000000, 0x00000000c5000000, 0x00000000c5100000|  0%| F|  |TAMS 0x00000000c5000000| PB 0x00000000c5000000| Untracked |  0
|  15|0x00000000c5100000, 0x00000000c5100000, 0x00000000c5200000|  0%| F|  |TAMS 0x00000000c5100000| PB 0x00000000c5100000| Untracked |  0
|  16|0x00000000c5200000, 0x00000000c5200000, 0x00000000c5300000|  0%| F|  |TAMS 0x00000000c5200000| PB 0x00000000c5200000| Untracked |  0
|  17|0x00000000c5300000, 0x00000000c5300000, 0x00000000c5400000|  0%| F|  |TAMS 0x00000000c5300000| PB 0x00000000c5300000| Untracked |  0
|  18|0x00000000c5400000, 0x00000000c5400000, 0x00000000c5500000|  0%| F|  |TAMS 0x00000000c5400000| PB 0x00000000c5400000| Untracked |  0
|  19|0x00000000c5500000, 0x00000000c5500000, 0x00000000c5600000|  0%| F|  |TAMS 0x00000000c5500000| PB 0x00000000c5500000| Untracked |  0
|  20|0x00000000c5600000, 0x00000000c5600000, 0x00000000c5700000|  0%| F|  |TAMS 0x00000000c5600000| PB 0x00000000c5600000| Untracked |  0
|  21|0x00000000c5700000, 0x00000000c5700000, 0x00000000c5800000|  0%| F|  |TAMS 0x00000000c5700000| PB 0x00000000c5700000| Untracked |  0
|  22|0x00000000c5800000, 0x00000000c5800000, 0x00000000c5900000|  0%| F|  |TAMS 0x00000000c5800000| PB 0x00000000c5800000| Untracked |  0
|  23|0x00000000c5900000, 0x00000000c5900000, 0x00000000c5a00000|  0%| F|  |TAMS 0x00000000c5900000| PB 0x00000000c5900000| Untracked |  0
|  24|0x00000000c5a00000, 0x00000000c5a00000, 0x00000000c5b00000|  0%| F|  |TAMS 0x00000000c5a00000| PB 0x00000000c5a00000| Untracked |  0
|  25|0x00000000c5b00000, 0x00000000c5b00000, 0x00000000c5c00000|  0%| F|  |TAMS 0x00000000c5b00000| PB 0x00000000c5b00000| Untracked |  0
|  26|0x00000000c5c00000, 0x00000000c5c00000, 0x00000000c5d00000|  0%| F|  |TAMS 0x00000000c5c00000| PB 0x00000000c5c00000| Untracked |  0
|  27|0x00000000c5d00000, 0x00000000c5d00000, 0x00000000c5e00000|  0%| F|  |TAMS 0x00000000c5d00000| PB 0x00000000c5d00000| Untracked |  0
|  28|0x00000000c5e00000, 0x00000000c5e00000, 0x00000000c5f00000|  0%| F|  |TAMS 0x00000000c5e00000| PB 0x00000000c5e00000| Untracked |  0
|  29|0x00000000c5f00000, 0x00000000c5f00000, 0x00000000c6000000|  0%| F|  |TAMS 0x00000000c5f00000| PB 0x00000000c5f00000| Untracked |  0
|  30|0x00000000c6000000, 0x00000000c6000000, 0x00000000c6100000|  0%| F|  |TAMS 0x00000000c6000000| PB 0x00000000c6000000| Untracked |  0
|  31|0x00000000c6100000, 0x00000000c6100000, 0x00000000c6200000|  0%| F|  |TAMS 0x00000000c6100000| PB 0x00000000c6100000| Untracked |  0
|  32|0x00000000c6200000, 0x00000000c6200000, 0x00000000c6300000|  0%| F|  |TAMS 0x00000000c6200000| PB 0x00000000c6200000| Untracked |  0
|  33|0x00000000c6300000, 0x00000000c6300000, 0x00000000c6400000|  0%| F|  |TAMS 0x00000000c6300000| PB 0x00000000c6300000| Untracked |  0
|  34|0x00000000c6400000, 0x00000000c64d0220, 0x00000000c6500000| 81%| S|CS|TAMS 0x00000000c6400000| PB 0x00000000c6400000| Complete |  0
|  35|0x00000000c6500000, 0x00000000c6600000, 0x00000000c6600000|100%| S|CS|TAMS 0x00000000c6500000| PB 0x00000000c6500000| Complete |  0
|  36|0x00000000c6600000, 0x00000000c6600000, 0x00000000c6700000|  0%| F|  |TAMS 0x00000000c6600000| PB 0x00000000c6600000| Untracked |  0
|  37|0x00000000c6700000, 0x00000000c6700000, 0x00000000c6800000|  0%| F|  |TAMS 0x00000000c6700000| PB 0x00000000c6700000| Untracked |  0
|  38|0x00000000c6800000, 0x00000000c6800000, 0x00000000c6900000|  0%| F|  |TAMS 0x00000000c6800000| PB 0x00000000c6800000| Untracked |  0
|  39|0x00000000c6900000, 0x00000000c6900000, 0x00000000c6a00000|  0%| F|  |TAMS 0x00000000c6900000| PB 0x00000000c6900000| Untracked |  0
|  40|0x00000000c6a00000, 0x00000000c6a00000, 0x00000000c6b00000|  0%| F|  |TAMS 0x00000000c6a00000| PB 0x00000000c6a00000| Untracked |  0
|  41|0x00000000c6b00000, 0x00000000c6b00000, 0x00000000c6c00000|  0%| F|  |TAMS 0x00000000c6b00000| PB 0x00000000c6b00000| Untracked |  0
|  42|0x00000000c6c00000, 0x00000000c6c00000, 0x00000000c6d00000|  0%| F|  |TAMS 0x00000000c6c00000| PB 0x00000000c6c00000| Untracked |  0
|  43|0x00000000c6d00000, 0x00000000c6d00000, 0x00000000c6e00000|  0%| F|  |TAMS 0x00000000c6d00000| PB 0x00000000c6d00000| Untracked |  0
|  44|0x00000000c6e00000, 0x00000000c6e00000, 0x00000000c6f00000|  0%| F|  |TAMS 0x00000000c6e00000| PB 0x00000000c6e00000| Untracked |  0
|  45|0x00000000c6f00000, 0x00000000c6f00000, 0x00000000c7000000|  0%| F|  |TAMS 0x00000000c6f00000| PB 0x00000000c6f00000| Untracked |  0
|  46|0x00000000c7000000, 0x00000000c7000000, 0x00000000c7100000|  0%| F|  |TAMS 0x00000000c7000000| PB 0x00000000c7000000| Untracked |  0
|  47|0x00000000c7100000, 0x00000000c7100000, 0x00000000c7200000|  0%| F|  |TAMS 0x00000000c7100000| PB 0x00000000c7100000| Untracked |  0
|  48|0x00000000c7200000, 0x00000000c7200000, 0x00000000c7300000|  0%| F|  |TAMS 0x00000000c7200000| PB 0x00000000c7200000| Untracked |  0
|  49|0x00000000c7300000, 0x00000000c7300000, 0x00000000c7400000|  0%| F|  |TAMS 0x00000000c7300000| PB 0x00000000c7300000| Untracked |  0
|  50|0x00000000c7400000, 0x00000000c7400000, 0x00000000c7500000|  0%| F|  |TAMS 0x00000000c7400000| PB 0x00000000c7400000| Untracked |  0
|  51|0x00000000c7500000, 0x00000000c7500000, 0x00000000c7600000|  0%| F|  |TAMS 0x00000000c7500000| PB 0x00000000c7500000| Untracked |  0
|  52|0x00000000c7600000, 0x00000000c7600000, 0x00000000c7700000|  0%| F|  |TAMS 0x00000000c7600000| PB 0x00000000c7600000| Untracked |  0
|  53|0x00000000c7700000, 0x00000000c7700000, 0x00000000c7800000|  0%| F|  |TAMS 0x00000000c7700000| PB 0x00000000c7700000| Untracked |  0
|  54|0x00000000c7800000, 0x00000000c7800000, 0x00000000c7900000|  0%| F|  |TAMS 0x00000000c7800000| PB 0x00000000c7800000| Untracked |  0
|  55|0x00000000c7900000, 0x00000000c7900000, 0x00000000c7a00000|  0%| F|  |TAMS 0x00000000c7900000| PB 0x00000000c7900000| Untracked |  0
|  56|0x00000000c7a00000, 0x00000000c7a00000, 0x00000000c7b00000|  0%| F|  |TAMS 0x00000000c7a00000| PB 0x00000000c7a00000| Untracked |  0
|  57|0x00000000c7b00000, 0x00000000c7be0400, 0x00000000c7c00000| 87%| E|  |TAMS 0x00000000c7b00000| PB 0x00000000c7b00000| Complete |  0
|  58|0x00000000c7c00000, 0x00000000c7d00000, 0x00000000c7d00000|100%| E|CS|TAMS 0x00000000c7c00000| PB 0x00000000c7c00000| Complete |  0
|  59|0x00000000c7d00000, 0x00000000c7e00000, 0x00000000c7e00000|100%| E|CS|TAMS 0x00000000c7d00000| PB 0x00000000c7d00000| Complete |  0

Card table byte_map: [0x000001d519f40000,0x000001d51a120000] _byte_map_base: 0x000001d51991f000

Marking Bits: (CMBitMap*) 0x000001d5024b7b00
 Bits: [0x000001d51a120000, 0x000001d51b018000)

Polling page: 0x000001d5003e0000

Metaspace:

Usage:
  Non-class:      2.18 MB used.
      Class:    265.17 KB used.
       Both:      2.44 MB used.

Virtual space:
  Non-class space:       64.00 MB reserved,       2.25 MB (  4%) committed,  1 nodes.
      Class space:        1.00 GB reserved,     320.00 KB ( <1%) committed,  1 nodes.
             Both:        1.06 GB reserved,       2.56 MB ( <1%) committed. 

Chunk freelists:
   Non-Class:  11.51 MB
       Class:  15.63 MB
        Both:  27.14 MB

MaxMetaspaceSize: unlimited
CompressedClassSpaceSize: 1.00 GB
Initial GC threshold: 21.00 MB
Current GC threshold: 21.00 MB
CDS: on
 - commit_granule_bytes: 65536.
 - commit_granule_words: 8192.
 - virtual_space_node_default_size: 8388608.
 - enlarge_chunks_in_place: 1.
 - use_allocation_guard: 0.


Internal statistics:

num_allocs_failed_limit: 0.
num_arena_births: 104.
num_arena_deaths: 0.
num_vsnodes_births: 2.
num_vsnodes_deaths: 0.
num_space_committed: 41.
num_space_uncommitted: 0.
num_chunks_returned_to_freelist: 0.
num_chunks_taken_from_freelist: 141.
num_chunk_merges: 0.
num_chunk_splits: 92.
num_chunks_enlarged: 50.
num_inconsistent_stats: 0.

CodeHeap 'non-profiled nmethods': size=120000Kb used=333Kb max_used=333Kb free=119666Kb
 bounds [0x000001d5124f0000, 0x000001d512760000, 0x000001d519a20000]
CodeHeap 'profiled nmethods': size=120000Kb used=1257Kb max_used=1257Kb free=118742Kb
 bounds [0x000001d50aa20000, 0x000001d50ac90000, 0x000001d511f50000]
CodeHeap 'non-nmethods': size=5760Kb used=1478Kb max_used=1493Kb free=4281Kb
 bounds [0x000001d511f50000, 0x000001d5121c0000, 0x000001d5124f0000]
 total_blobs=1319 nmethods=867 adapters=357
 compilation: enabled
              stopped_count=0, restarted_count=0
 full_count=0

Compilation events (20 events):
Event: 0.599 Thread 0x000001d51da49d10  846       4       java.lang.Integer::rotateLeft (9 bytes)
Event: 0.599 Thread 0x000001d51da49d10 nmethod 846 0x000001d512541e90 code [0x000001d512542000, 0x000001d512542070]
Event: 0.599 Thread 0x000001d51da49d10  853       4       java.lang.invoke.VarHandleGuards::guard_LI_I (78 bytes)
Event: 0.604 Thread 0x000001d51da4b9f0 nmethod 856 0x000001d50ab4a190 code [0x000001d50ab4ad40, 0x000001d50ab52100]
Event: 0.604 Thread 0x000001d51da49d10 nmethod 853 0x000001d512542190 code [0x000001d512542380, 0x000001d512542940]
Event: 0.604 Thread 0x000001d51da4b9f0  863       3       java.util.WeakHashMap::indexFor (6 bytes)
Event: 0.604 Thread 0x000001d51da49d10  862       4       jdk.internal.module.Checks::isPackageName (5 bytes)
Event: 0.604 Thread 0x000001d51da4b9f0 nmethod 863 0x000001d50ab55690 code [0x000001d50ab55820, 0x000001d50ab55918]
Event: 0.608 Thread 0x000001d51da4b9f0  864       3       java.util.concurrent.locks.AbstractQueuedSynchronizer::release (19 bytes)
Event: 0.608 Thread 0x000001d51da4b9f0 nmethod 864 0x000001d50ab55990 code [0x000001d50ab55ba0, 0x000001d50ab56198]
Event: 0.608 Thread 0x000001d51da4b9f0  865       3       java.util.concurrent.locks.ReentrantLock$Sync::tryRelease (51 bytes)
Event: 0.609 Thread 0x000001d51da4b9f0 nmethod 865 0x000001d50ab56390 code [0x000001d50ab56540, 0x000001d50ab56858]
Event: 0.609 Thread 0x000001d51da4b9f0  866       3       java.io.WinNTFileSystem::normalize (148 bytes)
Event: 0.610 Thread 0x000001d51da4b9f0 nmethod 866 0x000001d50ab56910 code [0x000001d50ab56ba0, 0x000001d50ab57658]
Event: 0.610 Thread 0x000001d51da4b9f0  867       3       java.lang.invoke.DirectMethodHandle::allocateInstance (16 bytes)
Event: 0.610 Thread 0x000001d51da4b9f0 nmethod 867 0x000001d50ab57a90 code [0x000001d50ab57c40, 0x000001d50ab57e48]
Event: 0.610 Thread 0x000001d51da4b9f0  869       3       java.lang.invoke.DirectMethodHandle::constructorMethod (10 bytes)
Event: 0.610 Thread 0x000001d51da4b9f0 nmethod 869 0x000001d50ab57f10 code [0x000001d50ab580a0, 0x000001d50ab58268]
Event: 0.612 Thread 0x000001d51da4b9f0  870       3       java.util.concurrent.locks.ReentrantLock::unlock (10 bytes)
Event: 0.612 Thread 0x000001d51da4b9f0 nmethod 870 0x000001d50ab58310 code [0x000001d50ab584e0, 0x000001d50ab587b8]

GC Heap History (2 events):
Event: 0.508 GC heap before
{Heap before GC invocations=0 (full 0):
 garbage-first heap   total reserved 980992K, committed 61440K, used 23552K [0x00000000c4200000, 0x0000000100000000)
  region size 1024K, 24 young (24576K), 0 survivors (0K)
 Metaspace       used 1703K, committed 1856K, reserved 1114112K
  class space    used 163K, committed 192K, reserved 1048576K
}
Event: 0.512 GC heap after
{Heap after GC invocations=1 (full 0):
 garbage-first heap   total reserved 980992K, committed 61440K, used 1856K [0x00000000c4200000, 0x0000000100000000)
  region size 1024K, 2 young (2048K), 2 survivors (2048K)
 Metaspace       used 1703K, committed 1856K, reserved 1114112K
  class space    used 163K, committed 192K, reserved 1048576K
}

Dll operation events (11 events):
Event: 0.019 Loaded shared library C:\Users\NGOC\.jdks\azul-22\bin\java.dll
Event: 0.056 Loaded shared library C:\Users\NGOC\.jdks\azul-22\bin\jsvml.dll
Event: 0.089 Loaded shared library C:\Users\NGOC\.jdks\azul-22\bin\net.dll
Event: 0.092 Loaded shared library C:\Users\NGOC\.jdks\azul-22\bin\nio.dll
Event: 0.096 Loaded shared library C:\Users\NGOC\.jdks\azul-22\bin\zip.dll
Event: 0.431 Loaded shared library C:\Users\NGOC\.jdks\azul-22\bin\zip.dll
Event: 0.435 Loaded shared library C:\Users\NGOC\.jdks\azul-22\bin\instrument.dll
Event: 0.467 Loaded shared library C:\Program Files\JetBrains\IntelliJ IDEA 2024.1\bin\breakgen64.dll
Event: 0.602 Loaded shared library C:\Users\NGOC\.openjfx\cache\20.0.1+2\amd64\api-ms-win-core-console-l1-1-0.dll
Event: 0.608 Loaded shared library C:\Users\NGOC\.openjfx\cache\20.0.1+2\amd64\api-ms-win-core-console-l1-2-0.dll
Event: 0.612 Loaded shared library C:\Users\NGOC\.openjfx\cache\20.0.1+2\amd64\api-ms-win-core-datetime-l1-1-0.dll

Deoptimization events (20 events):
Event: 0.422 Thread 0x000001d5002f5f00 Uncommon trap: trap_request=0xffffff45 fr.pc=0x000001d51250e1ac relative=0x000000000000056c
Event: 0.422 Thread 0x000001d5002f5f00 Uncommon trap: reason=unstable_if action=reinterpret pc=0x000001d51250e1ac method=java.lang.StringLatin1.newString([BII)Ljava/lang/String; @ 1 c2
Event: 0.422 Thread 0x000001d5002f5f00 DEOPT PACKING pc=0x000001d51250e1ac sp=0x000000028cffed30
Event: 0.422 Thread 0x000001d5002f5f00 DEOPT UNPACKING pc=0x000001d511fa7da2 sp=0x000000028cffed10 mode 2
Event: 0.468 Thread 0x000001d5002f5f00 Uncommon trap: trap_request=0xffffff45 fr.pc=0x000001d5124fb8e0 relative=0x00000000000000c0
Event: 0.468 Thread 0x000001d5002f5f00 Uncommon trap: reason=unstable_if action=reinterpret pc=0x000001d5124fb8e0 method=java.lang.String.isLatin1()Z @ 10 c2
Event: 0.468 Thread 0x000001d5002f5f00 DEOPT PACKING pc=0x000001d5124fb8e0 sp=0x000000028cfff1a0
Event: 0.468 Thread 0x000001d5002f5f00 DEOPT UNPACKING pc=0x000001d511fa7da2 sp=0x000000028cfff0e0 mode 2
Event: 0.557 Thread 0x000001d5002f5f00 Uncommon trap: trap_request=0xffffff45 fr.pc=0x000001d512513118 relative=0x0000000000001e58
Event: 0.557 Thread 0x000001d5002f5f00 Uncommon trap: reason=unstable_if action=reinterpret pc=0x000001d512513118 method=jdk.internal.module.Checks.isJavaIdentifier(Ljava/lang/String;)Z @ 4 c2
Event: 0.557 Thread 0x000001d5002f5f00 DEOPT PACKING pc=0x000001d512513118 sp=0x000000028cffec10
Event: 0.557 Thread 0x000001d5002f5f00 DEOPT UNPACKING pc=0x000001d511fa7da2 sp=0x000000028cffeb88 mode 2
Event: 0.562 Thread 0x000001d5002f5f00 Uncommon trap: trap_request=0xffffff45 fr.pc=0x000001d51250fa2c relative=0x000000000000026c
Event: 0.562 Thread 0x000001d5002f5f00 Uncommon trap: reason=unstable_if action=reinterpret pc=0x000001d51250fa2c method=java.lang.String.startsWith(Ljava/lang/String;I)Z @ 1 c2
Event: 0.562 Thread 0x000001d5002f5f00 DEOPT PACKING pc=0x000001d51250fa2c sp=0x000000028cffdc00
Event: 0.562 Thread 0x000001d5002f5f00 DEOPT UNPACKING pc=0x000001d511fa7da2 sp=0x000000028cffdb90 mode 2
Event: 0.596 Thread 0x000001d5002f5f00 Uncommon trap: trap_request=0xffffff45 fr.pc=0x000001d51250a6d8 relative=0x00000000000006d8
Event: 0.596 Thread 0x000001d5002f5f00 Uncommon trap: reason=unstable_if action=reinterpret pc=0x000001d51250a6d8 method=jdk.internal.module.Checks.isJavaIdentifier(Ljava/lang/String;)Z @ 4 c2
Event: 0.596 Thread 0x000001d5002f5f00 DEOPT PACKING pc=0x000001d51250a6d8 sp=0x000000028cffeb10
Event: 0.596 Thread 0x000001d5002f5f00 DEOPT UNPACKING pc=0x000001d511fa7da2 sp=0x000000028cffeab8 mode 2

Classes loaded (20 events):
Event: 0.585 Loading class java/util/LinkedHashMap$LinkedKeyIterator
Event: 0.586 Loading class java/util/LinkedHashMap$LinkedKeyIterator done
Event: 0.587 Loading class jdk/internal/event/SecurityProviderServiceEvent
Event: 0.587 Loading class jdk/internal/event/SecurityProviderServiceEvent done
Event: 0.587 Loading class sun/security/provider/MD5
Event: 0.588 Loading class sun/security/provider/DigestBase
Event: 0.589 Loading class sun/security/provider/DigestBase done
Event: 0.589 Loading class sun/security/provider/MD5 done
Event: 0.589 Loading class sun/security/jca/GetInstance$Instance
Event: 0.590 Loading class sun/security/jca/GetInstance$Instance done
Event: 0.590 Loading class java/security/MessageDigest$Delegate
Event: 0.591 Loading class sun/security/util/MessageDigestSpi2
Event: 0.591 Loading class sun/security/util/MessageDigestSpi2 done
Event: 0.591 Loading class java/security/MessageDigest$Delegate done
Event: 0.591 Loading class java/security/MessageDigest$Delegate$CloneableDelegate
Event: 0.592 Loading class java/security/MessageDigest$Delegate$CloneableDelegate done
Event: 0.592 Loading class sun/security/provider/ByteArrayAccess$LE
Event: 0.593 Loading class sun/security/provider/ByteArrayAccess$LE done
Event: 0.595 Loading class sun/security/provider/ByteArrayAccess
Event: 0.595 Loading class sun/security/provider/ByteArrayAccess done

Classes unloaded (0 events):
No events

Classes redefined (0 events):
No events

Internal exceptions (13 events):
Event: 0.132 Thread 0x000001d5002f5f00 Exception <a 'java/lang/NoSuchMethodError'{0x00000000c7cec730}: 'void java.lang.invoke.DirectMethodHandle$Holder.invokeVirtual(java.lang.Object, java.lang.Object)'> (0x00000000c7cec730) 
thrown [s\src\hotspot\share\interpreter\linkResolver.cpp, line 774]
Event: 0.134 Thread 0x000001d5002f5f00 Exception <a 'java/lang/NoSuchMethodError'{0x00000000c7b01aa8}: 'java.lang.Object java.lang.invoke.DirectMethodHandle$Holder.invokeInterface(java.lang.Object, java.lang.Object, java.lang.Object)'> (0x00000000c7b01aa8) 
thrown [s\src\hotspot\share\interpreter\linkResolver.cpp, line 774]
Event: 0.242 Thread 0x000001d5002f5f00 Exception <a 'java/lang/NoSuchMethodError'{0x00000000c7bd3910}: 'java.lang.Object java.lang.invoke.DirectMethodHandle$Holder.invokeVirtual(java.lang.Object, java.lang.Object, java.lang.Object)'> (0x00000000c7bd3910) 
thrown [s\src\hotspot\share\interpreter\linkResolver.cpp, line 774]
Event: 0.341 Thread 0x000001d5002f5f00 Exception <a 'java/lang/NoSuchMethodError'{0x00000000c73794f0}: 'void java.lang.invoke.DirectMethodHandle$Holder.invokeSpecial(java.lang.Object, java.lang.Object, java.lang.Object)'> (0x00000000c73794f0) 
thrown [s\src\hotspot\share\interpreter\linkResolver.cpp, line 774]
Event: 0.406 Thread 0x000001d5002f5f00 Exception <a 'java/lang/NoSuchMethodError'{0x00000000c69a52d8}: 'void java.lang.invoke.DirectMethodHandle$Holder.invokeSpecial(java.lang.Object, java.lang.Object, java.lang.Object, java.lang.Object, java.lang.Object)'> (0x00000000c69a52d8) 
thrown [s\src\hotspot\share\interpreter\linkResolver.cpp, line 774]
Event: 0.410 Thread 0x000001d5002f5f00 Exception <a 'java/lang/NoSuchMethodError'{0x00000000c69bca60}: 'java.lang.Object java.lang.invoke.DirectMethodHandle$Holder.invokeInterface(java.lang.Object, java.lang.Object)'> (0x00000000c69bca60) 
thrown [s\src\hotspot\share\interpreter\linkResolver.cpp, line 774]
Event: 0.411 Thread 0x000001d5002f5f00 Exception <a 'java/lang/IncompatibleClassChangeError'{0x00000000c69bfcd8}: Found class java.lang.Object, but interface was expected> (0x00000000c69bfcd8) 
thrown [s\src\hotspot\share\interpreter\linkResolver.cpp, line 841]
Event: 0.411 Thread 0x000001d5002f5f00 Exception <a 'java/lang/NoSuchMethodError'{0x00000000c69c26b8}: 'void java.lang.invoke.DirectMethodHandle$Holder.invokeStatic(java.lang.Object, java.lang.Object, java.lang.Object, java.lang.Object)'> (0x00000000c69c26b8) 
thrown [s\src\hotspot\share\interpreter\linkResolver.cpp, line 774]
Event: 0.455 Thread 0x000001d5002f5f00 Exception <a 'java/lang/NoSuchMethodError'{0x00000000c68f77f0}: 'void java.lang.invoke.DirectMethodHandle$Holder.invokeStatic(java.lang.Object, java.lang.Object, java.lang.Object)'> (0x00000000c68f77f0) 
thrown [s\src\hotspot\share\interpreter\linkResolver.cpp, line 774]
Event: 0.459 Thread 0x000001d5002f5f00 Exception <a 'java/lang/NoSuchMethodError'{0x00000000c670db20}: 'java.lang.Object java.lang.invoke.Invokers$Holder.invokeExact_MT(java.lang.Object, java.lang.Object, java.lang.Object, java.lang.Object, java.lang.Object)'> (0x00000000c670db20) 
thrown [s\src\hotspot\share\interpreter\linkResolver.cpp, line 774]
Event: 0.476 Thread 0x000001d51dc55760 Exception <a 'java/lang/ClassNotFoundException'{0x00000000c677f020}: jdk/net/ExtendedSocketOptions> (0x00000000c677f020) 
thrown [s\src\hotspot\share\classfile\systemDictionary.cpp, line 313]
Event: 0.477 Thread 0x000001d51dc55760 Exception <a 'java/lang/NoSuchMethodError'{0x00000000c6780770}: 'void java.lang.invoke.DirectMethodHandle$Holder.invokeStatic(java.lang.Object, java.lang.Object)'> (0x00000000c6780770) 
thrown [s\src\hotspot\share\interpreter\linkResolver.cpp, line 774]
Event: 0.489 Thread 0x000001d5002f5f00 Exception <a 'java/lang/NoSuchMethodError'{0x00000000c663c4b0}: 'java.lang.Object java.lang.invoke.Invokers$Holder.invokeExact_MT(java.lang.Object, java.lang.Object, java.lang.Object, java.lang.Object, java.lang.Object, java.lang.Object)'> (0x00000000c663c4b0) 
thrown [s\src\hotspot\share\interpreter\linkResolver.cpp, line 774]

ZGC Phase Switch (0 events):
No events

VM Operations (4 events):
Event: 0.408 Executing VM operation: HandshakeAllThreads (Deoptimize)
Event: 0.408 Executing VM operation: HandshakeAllThreads (Deoptimize) done
Event: 0.508 Executing VM operation: G1CollectForAllocation (G1 Evacuation Pause)
Event: 0.512 Executing VM operation: G1CollectForAllocation (G1 Evacuation Pause) done

Events (12 events):
Event: 0.038 Thread 0x000001d5002f5f00 Thread added: 0x000001d5002f5f00
Event: 0.054 Thread 0x000001d51da32390 Thread added: 0x000001d51da32390
Event: 0.054 Thread 0x000001d51da333a0 Thread added: 0x000001d51da333a0
Event: 0.054 Thread 0x000001d51da36100 Thread added: 0x000001d51da36100
Event: 0.054 Thread 0x000001d51da38c60 Thread added: 0x000001d51da38c60
Event: 0.054 Thread 0x000001d51da397b0 Thread added: 0x000001d51da397b0
Event: 0.054 Thread 0x000001d51da42440 Thread added: 0x000001d51da42440
Event: 0.054 Thread 0x000001d51da49d10 Thread added: 0x000001d51da49d10
Event: 0.054 Thread 0x000001d51da4b9f0 Thread added: 0x000001d51da4b9f0
Event: 0.084 Thread 0x000001d51dc54a40 Thread added: 0x000001d51dc54a40
Event: 0.467 Thread 0x000001d51dc55760 Thread added: 0x000001d51dc55760
Event: 0.467 Thread 0x000001d51dc53690 Thread added: 0x000001d51dc53690


Dynamic libraries:
0x00007ff7d0420000 - 0x00007ff7d042e000 	C:\Users\NGOC\.jdks\azul-22\bin\java.exe
0x00007fff3a670000 - 0x00007fff3a887000 	C:\WINDOWS\SYSTEM32\ntdll.dll
0x00007fff39780000 - 0x00007fff39844000 	C:\WINDOWS\System32\KERNEL32.DLL
0x00007fff37990000 - 0x00007fff37d37000 	C:\WINDOWS\System32\KERNELBASE.dll
0x00007fff37f80000 - 0x00007fff38091000 	C:\WINDOWS\System32\ucrtbase.dll
0x00007fff32a70000 - 0x00007fff32a87000 	C:\Users\NGOC\.jdks\azul-22\bin\jli.dll
0x00007fff328e0000 - 0x00007fff328fb000 	C:\Users\NGOC\.jdks\azul-22\bin\VCRUNTIME140.dll
0x00007fff39df0000 - 0x00007fff39f9e000 	C:\WINDOWS\System32\USER32.dll
0x00007fff37f20000 - 0x00007fff37f46000 	C:\WINDOWS\System32\win32u.dll
0x00007fff191e0000 - 0x00007fff19473000 	C:\WINDOWS\WinSxS\amd64_microsoft.windows.common-controls_6595b64144ccf1df_6.0.22621.3527_none_270e469b73872a76\COMCTL32.dll
0x00007fff39850000 - 0x00007fff39879000 	C:\WINDOWS\System32\GDI32.dll
0x00007fff37d40000 - 0x00007fff37e59000 	C:\WINDOWS\System32\gdi32full.dll
0x00007fff394f0000 - 0x00007fff39597000 	C:\WINDOWS\System32\msvcrt.dll
0x00007fff38290000 - 0x00007fff3832a000 	C:\WINDOWS\System32\msvcp_win.dll
0x00007fff39ce0000 - 0x00007fff39d11000 	C:\WINDOWS\System32\IMM32.DLL
0x00007fff33de0000 - 0x00007fff33dec000 	C:\Users\NGOC\.jdks\azul-22\bin\vcruntime140_1.dll
0x00007fff1c4c0000 - 0x00007fff1c54e000 	C:\Users\NGOC\.jdks\azul-22\bin\msvcp140.dll
0x00007ffeebd30000 - 0x00007ffeecafc000 	C:\Users\NGOC\.jdks\azul-22\bin\server\jvm.dll
0x00007fff39980000 - 0x00007fff39a32000 	C:\WINDOWS\System32\ADVAPI32.dll
0x00007fff38680000 - 0x00007fff38728000 	C:\WINDOWS\System32\sechost.dll
0x00007fff37f50000 - 0x00007fff37f78000 	C:\WINDOWS\System32\bcrypt.dll
0x00007fff383a0000 - 0x00007fff384b5000 	C:\WINDOWS\System32\RPCRT4.dll
0x00007fff39fa0000 - 0x00007fff3a011000 	C:\WINDOWS\System32\WS2_32.dll
0x00007fff376a0000 - 0x00007fff376ed000 	C:\WINDOWS\SYSTEM32\POWRPROF.dll
0x00007fff2e9f0000 - 0x00007fff2e9fa000 	C:\WINDOWS\SYSTEM32\VERSION.dll
0x00007fff2f160000 - 0x00007fff2f194000 	C:\WINDOWS\SYSTEM32\WINMM.dll
0x00007fff375d0000 - 0x00007fff375e3000 	C:\WINDOWS\SYSTEM32\UMPDC.dll
0x00007fff36980000 - 0x00007fff36998000 	C:\WINDOWS\SYSTEM32\kernel.appcore.dll
0x00007fff328b0000 - 0x00007fff328ba000 	C:\Users\NGOC\.jdks\azul-22\bin\jimage.dll
0x00007fff34990000 - 0x00007fff34bc3000 	C:\WINDOWS\SYSTEM32\DBGHELP.DLL
0x00007fff3a290000 - 0x00007fff3a618000 	C:\WINDOWS\System32\combase.dll
0x00007fff395a0000 - 0x00007fff39677000 	C:\WINDOWS\System32\OLEAUT32.dll
0x00007fff09d20000 - 0x00007fff09d52000 	C:\WINDOWS\SYSTEM32\dbgcore.DLL
0x00007fff380a0000 - 0x00007fff38119000 	C:\WINDOWS\System32\bcryptPrimitives.dll
0x00007fff328a0000 - 0x00007fff328af000 	C:\Users\NGOC\.jdks\azul-22\bin\instrument.dll
0x00007fff32830000 - 0x00007fff3284e000 	C:\Users\NGOC\.jdks\azul-22\bin\java.dll
0x00007fff38730000 - 0x00007fff38f8c000 	C:\WINDOWS\System32\SHELL32.dll
0x00007fff39a50000 - 0x00007fff39bf5000 	C:\WINDOWS\System32\ole32.dll
0x00007fff35880000 - 0x00007fff36176000 	C:\WINDOWS\SYSTEM32\windows.storage.dll
0x00007fff35740000 - 0x00007fff3587e000 	C:\WINDOWS\SYSTEM32\wintypes.dll
0x00007fff39680000 - 0x00007fff39775000 	C:\WINDOWS\System32\SHCORE.dll
0x00007fff39c80000 - 0x00007fff39cde000 	C:\WINDOWS\System32\shlwapi.dll
0x00007fff378c0000 - 0x00007fff378e1000 	C:\WINDOWS\SYSTEM32\profapi.dll
0x00007fff1b330000 - 0x00007fff1b407000 	C:\Users\NGOC\.jdks\azul-22\bin\jsvml.dll
0x00007fff32820000 - 0x00007fff32830000 	C:\Users\NGOC\.jdks\azul-22\bin\net.dll
0x00007fff36de0000 - 0x00007fff36e49000 	C:\WINDOWS\system32\mswsock.dll
0x00007fff326f0000 - 0x00007fff32706000 	C:\Users\NGOC\.jdks\azul-22\bin\nio.dll
0x00007fff31e20000 - 0x00007fff31e37000 	C:\Users\NGOC\.jdks\azul-22\bin\zip.dll
0x00007fff30830000 - 0x00007fff3084a000 	C:\Program Files\JetBrains\IntelliJ IDEA 2024.1\bin\breakgen64.dll
0x000001d502380000 - 0x000001d502383000 	C:\Users\NGOC\.openjfx\cache\20.0.1+2\amd64\api-ms-win-core-console-l1-1-0.dll
0x000001d502390000 - 0x000001d502393000 	C:\Users\NGOC\.openjfx\cache\20.0.1+2\amd64\api-ms-win-core-console-l1-2-0.dll
0x000001d5023a0000 - 0x000001d5023a3000 	C:\Users\NGOC\.openjfx\cache\20.0.1+2\amd64\api-ms-win-core-datetime-l1-1-0.dll
0x000001d5023b0000 - 0x000001d5023b3000 	C:\Users\NGOC\.openjfx\cache\20.0.1+2\amd64\api-ms-win-core-debug-l1-1-0.dll
0x000001d5023c0000 - 0x000001d5023c3000 	C:\Users\NGOC\.openjfx\cache\20.0.1+2\amd64\api-ms-win-core-errorhandling-l1-1-0.dll
0x000001d5023d0000 - 0x000001d5023d4000 	C:\Users\NGOC\.openjfx\cache\20.0.1+2\amd64\api-ms-win-core-file-l1-1-0.dll
0x000001d5023e0000 - 0x000001d5023e3000 	C:\Users\NGOC\.openjfx\cache\20.0.1+2\amd64\api-ms-win-core-file-l1-2-0.dll

dbghelp: loaded successfully - version: 4.0.5 - missing functions: none
symbol engine: initialized successfully - sym options: 0x614 - pdb path: .;C:\Users\NGOC\.jdks\azul-22\bin;C:\WINDOWS\SYSTEM32;C:\WINDOWS\WinSxS\amd64_microsoft.windows.common-controls_6595b64144ccf1df_6.0.22621.3527_none_270e469b73872a76;C:\Users\NGOC\.jdks\azul-22\bin\server;C:\Program Files\JetBrains\IntelliJ IDEA 2024.1\bin;C:\Users\NGOC\.openjfx\cache\20.0.1+2\amd64

VM Arguments:
jvm_args: -javaagent:C:\Program Files\JetBrains\IntelliJ IDEA 2024.1\lib\idea_rt.jar=61728:C:\Program Files\JetBrains\IntelliJ IDEA 2024.1\bin -Dfile.encoding=UTF-8 -Dsun.stdout.encoding=UTF-8 -Dsun.stderr.encoding=UTF-8 --module-path=C:\Users\NGOC\.m2\repository\com\zaxxer\SparseBitSet\1.2\SparseBitSet-1.2.jar;C:\Users\NGOC\IdeaProjects\BuildingOperationsApplication\target\classes;C:\Users\NGOC\.m2\repository\org\apache\xmlbeans\xmlbeans\5.1.1\xmlbeans-5.1.1.jar;C:\Users\NGOC\.m2\repository\org\openjfx\javafx-controls\20.0.1\javafx-controls-20.0.1-win.jar;C:\Users\NGOC\.m2\repository\org\apache\commons\commons-math3\3.6.1\commons-math3-3.6.1.jar;C:\Users\NGOC\.m2\repository\com\dlsc\formsfx\formsfx-core\11.6.0\formsfx-core-11.6.0.jar;C:\Users\NGOC\.m2\repository\commons-codec\commons-codec\1.15\commons-codec-1.15.jar;C:\Users\NGOC\.m2\repository\org\openjfx\javafx-graphics\20.0.1\javafx-graphics-20.0.1-win.jar;C:\Users\NGOC\.m2\repository\org\apache\commons\commons-collections4\4.4\commons-collections4-4.4.jar;C:\Users\NGOC\.m2\repository\org\openjfx\javafx-fxml\20.0.1\javafx-fxml-20.0.1-win.jar;C:\Users\NGOC\.m2\repository\org\apache\poi\poi-ooxml\5.2.3\poi-ooxml-5.2.3.jar;C:\Users\NGOC\.m2\repository\org\openjfx\javafx-base\20.0.1\javafx-base-20.0.1-win.jar;C:\Users\NGOC\.m2\repository\org\apache\poi\poi\5.2.3\poi-5.2.3.jar;C:\Users\NGOC\.m2\repository\org\apache\poi\poi-ooxml-lite\5.2.3\poi-ooxml-lite-5.2.3.jar;C:\Users\NGOC\.m2\repository\org\apache\commons\commons-compress\1.21\commons-compress-1.21.jar;C:\Users\NGOC\.m2\repository\commons-io\commons-io\2.11.0\commons-io-2.11.0.jar;C:\Users\NGOC\.m2\repository\org\apache\logging\log4j\log4j-api\2.18.0\log4j-api-2.18.0.jar -Djdk.module.main=com.example.managingbuildingjava 
java_command: com.example.managingbuildingjava/com.example.managingbuildingjava.BuildingManager
java_class_path (initial): C:\Users\NGOC\.m2\repository\com\microsoft\sqlserver\mssql-jdbc\12.6.1.jre11\mssql-jdbc-12.6.1.jre11.jar;C:\Users\NGOC\.m2\repository\org\openjfx\javafx-controls\20.0.1\javafx-controls-20.0.1.jar;C:\Users\NGOC\.m2\repository\org\openjfx\javafx-graphics\20.0.1\javafx-graphics-20.0.1.jar;C:\Users\NGOC\.m2\repository\org\openjfx\javafx-base\20.0.1\javafx-base-20.0.1.jar;C:\Users\NGOC\.m2\repository\org\openjfx\javafx-fxml\20.0.1\javafx-fxml-20.0.1.jar;C:\Users\NGOC\.m2\repository\org\apache\maven\plugin-tools\maven-plugin-annotations\3.1\maven-plugin-annotations-3.1.jar;C:\Users\NGOC\.m2\repository\org\apache\maven\maven-artifact\3.0\maven-artifact-3.0.jar;C:\Users\NGOC\.m2\repository\org\codehaus\plexus\plexus-utils\2.0.4\plexus-utils-2.0.4.jar;C:\Users\NGOC\.m2\repository\com\github\virtuald\curvesapi\1.07\curvesapi-1.07.jar
Launcher Type: SUN_STANDARD

[Global flags]
     intx CICompilerCount                          = 4                                         {product} {ergonomic}
     uint ConcGCThreads                            = 2                                         {product} {ergonomic}
     uint G1ConcRefinementThreads                  = 8                                         {product} {ergonomic}
   size_t G1HeapRegionSize                         = 1048576                                   {product} {ergonomic}
   size_t InitialHeapSize                          = 62914560                                  {product} {ergonomic}
   size_t MarkStackSize                            = 4194304                                   {product} {ergonomic}
   size_t MaxHeapSize                              = 1004535808                                {product} {ergonomic}
   size_t MaxNewSize                               = 601882624                                 {product} {ergonomic}
   size_t MinHeapDeltaBytes                        = 1048576                                   {product} {ergonomic}
   size_t MinHeapSize                              = 8388608                                   {product} {ergonomic}
    uintx NonNMethodCodeHeapSize                   = 5839372                                {pd product} {ergonomic}
    uintx NonProfiledCodeHeapSize                  = 122909434                              {pd product} {ergonomic}
    uintx ProfiledCodeHeapSize                     = 122909434                              {pd product} {ergonomic}
    uintx ReservedCodeCacheSize                    = 251658240                              {pd product} {ergonomic}
     bool SegmentedCodeCache                       = true                                      {product} {ergonomic}
   size_t SoftMaxHeapSize                          = 1004535808                             {manageable} {ergonomic}
     bool UseCompressedOops                        = true                           {product lp64_product} {ergonomic}
     bool UseG1GC                                  = true                                      {product} {ergonomic}
     bool UseLargePagesIndividualAllocation        = false                                  {pd product} {ergonomic}

Logging:
Log output configuration:
 #0: stdout all=warning uptime,level,tags foldmultilines=false
 #1: stderr all=off uptime,level,tags foldmultilines=false

Environment Variables:
JAVA_HOME=C:\Java\
PATH=C:\Java\bin;C:\Program Files\Common Files\Oracle\Java\javapath;C:\Program Files (x86)\NVIDIA Corporation\PhysX\Common;C:\Program Files (x86)\Common Files\Oracle\Java\javapath;C:\WINDOWS\system32;C:\WINDOWS;C:\WINDOWS\System32\Wbem;C:\WINDOWS\System32\WindowsPowerShell\v1.0\;C:\WINDOWS\System32\OpenSSH\;C:\Program Files (x86)\Microsoft SQL Server\160\Tools\Binn\;C:\Program Files\Microsoft SQL Server\160\Tools\Binn\;C:\Program Files\Microsoft SQL Server\Client SDK\ODBC\170\Tools\Binn\;C:\Program Files\Microsoft SQL Server\160\DTS\Binn\;C:\Program Files (x86)\Microsoft SQL Server\160\DTS\Binn\;C:\Program Files\Azure Data Studio\bin;C:\Program Files\Git\cmd;C:\Program Files\nodejs\;C:\Program Files\Cloudflare\Cloudflare WARP\;C:\Users\NGOC\anaconda3;C:\Users\NGOC\anaconda3\Library\mingw-w64\bin;C:\Users\NGOC\anaconda3\Library\usr\bin;C:\Users\NGOC\anaconda3\Library\bin;C:\Users\NGOC\anaconda3\Scripts;C:\Users\NGOC\AppData\Local\Microsoft\WindowsApps;C:\Users\NGOC\AppData\Local\Programs\Microsoft VS Code\bin;C:\MinGW\bin;C:\Program Files\JetBrains\IntelliJ IDEA Community Edition 2023.2.1\bin;;C:\Program Files\Azure Data Studio\bin;C:\Users\NGOC\AppData\Roaming\npm;C:\Users\NGOC\AppData\Local\GitHubDesktop\bin
USERNAME=NGOC
OS=Windows_NT
PROCESSOR_IDENTIFIER=Intel64 Family 6 Model 140 Stepping 1, GenuineIntel
TMP=C:\Users\NGOC\AppData\Local\Temp
TEMP=C:\Users\NGOC\AppData\Local\Temp




Periodic native trim disabled

---------------  S Y S T E M  ---------------

OS:
 Windows 11 , 64 bit Build 22621 (10.0.22621.3527)
OS uptime: 1 days 0:35 hours
Hyper-V role detected

CPU: total 8 (initial active 8) (4 cores per cpu, 2 threads per core) family 6 model 140 stepping 1 microcode 0xb6, cx8, cmov, fxsr, ht, mmx, 3dnowpref, sse, sse2, sse3, ssse3, sse4.1, sse4.2, popcnt, lzcnt, tsc, tscinvbit, avx, avx2, aes, erms, clmul, bmi1, bmi2, adx, avx512f, avx512dq, avx512cd, avx512bw, avx512vl, sha, fma, vzeroupper, avx512_vpopcntdq, avx512_vpclmulqdq, avx512_vaes, avx512_vnni, clflush, clflushopt, clwb, avx512_vbmi2, avx512_vbmi, hv, rdtscp, rdpid, fsrm, gfni, avx512_bitalg, f16c, cet_ibt, cet_ss, avx512_ifma
Processor Information for all 8 processors :
  Max Mhz: 2419, Current Mhz: 2419, Mhz Limit: 2419

Memory: 4k page, system-wide physical 3824M (352M free)
TotalPageFile size 12016M (AvailPageFile size 141M)
current process WorkingSet (physical memory assigned to process): 70M, peak: 70M
current process commit charge ("private bytes"): 146M, peak: 146M

vm_info: OpenJDK 64-Bit Server VM (22+36) for windows-amd64 JRE (22+36) (Zulu22.28+91-CA), built on 2024-02-28T12:24:10Z by "zulu_re" with MS VC++ 17.1 (VS2022)

END.
