#
# There is insufficient memory for the Java Runtime Environment to continue.
# Native memory allocation (malloc) failed to allocate 1069616 bytes. Error detail: Chunk::new
# Possible reasons:
#   The system is out of physical RAM or swap space
#   This process is running with CompressedOops enabled, and the Java Heap may be blocking the growth of the native heap
# Possible solutions:
#   Reduce memory load on the system
#   Increase physical memory or swap space
#   Check if swap backing store is full
#   Decrease Java heap size (-Xmx/-Xms)
#   Decrease number of Java threads
#   Decrease Java thread stack sizes (-Xss)
#   Set larger code cache with -XX:ReservedCodeCacheSize=
#   JVM is running with Unscaled Compressed Oops mode in which the Java heap is
#     placed in the first 4GB address space. The Java Heap base address is the
#     maximum limit for the native heap growth. Please use -XX:HeapBaseMinAddress
#     to set the Java Heap base and to place the Java Heap above 4GB virtual address.
# This output file may be truncated or incomplete.
#
#  Out of Memory Error (arena.cpp:150), pid=13632, tid=3680
#
# JRE version: OpenJDK Runtime Environment Zulu22.28+91-CA (22.0+36) (build 22+36)
# Java VM: OpenJDK 64-Bit Server VM Zulu22.28+91-CA (22+36, mixed mode, sharing, tiered, compressed oops, compressed class ptrs, g1 gc, windows-amd64)
# No core dump will be written. Minidumps are not enabled by default on client versions of Windows
#

---------------  S U M M A R Y ------------

Command Line: -javaagent:C:\Program Files\JetBrains\IntelliJ IDEA 2024.1\lib\idea_rt.jar=62846:C:\Program Files\JetBrains\IntelliJ IDEA 2024.1\bin -Dfile.encoding=UTF-8 -Dsun.stdout.encoding=UTF-8 -Dsun.stderr.encoding=UTF-8 --module-path=C:\Users\NGOC\IdeaProjects\BuildingOperationsApplication\target\classes;C:\Users\NGOC\.m2\repository\org\openjfx\javafx-fxml\20.0.1\javafx-fxml-20.0.1-win.jar;C:\Users\NGOC\.m2\repository\org\openjfx\javafx-base\20.0.1\javafx-base-20.0.1-win.jar;C:\Users\NGOC\.m2\repository\org\openjfx\javafx-controls\20.0.1\javafx-controls-20.0.1-win.jar;C:\Users\NGOC\.m2\repository\com\dlsc\formsfx\formsfx-core\11.6.0\formsfx-core-11.6.0.jar;C:\Users\NGOC\.m2\repository\org\openjfx\javafx-graphics\20.0.1\javafx-graphics-20.0.1-win.jar -Djdk.module.main=com.example.managingbuildingjava com.example.managingbuildingjava/com.example.managingbuildingjava.BuildingManager

Host: 11th Gen Intel(R) Core(TM) i5-1135G7 @ 2.40GHz, 8 cores, 3G,  Windows 11 , 64 bit Build 22621 (10.0.22621.3527)
Time: Thu May  9 21:13:30 2024 SE Asia Standard Time elapsed time: 24.722790 seconds (0d 0h 0m 24s)

---------------  T H R E A D  ---------------

Current thread (0x0000025acbcf3700):  JavaThread "C2 CompilerThread1" daemon [_thread_in_native, id=3680, stack(0x0000005e4e600000,0x0000005e4e700000) (1024K)]


Current CompileTask:
C2:24723 6778   !   4       javafx.scene.CssStyleHelper::transitionToState (1039 bytes)

Stack: [0x0000005e4e600000,0x0000005e4e700000]
Native frames: (J=compiled Java code, j=interpreted, Vv=VM code, C=native code)
V  [jvm.dll+0x6f0f39]  (no source info available)
V  [jvm.dll+0x8d4513]  (no source info available)
V  [jvm.dll+0x8d677e]  (no source info available)
V  [jvm.dll+0x8d6e63]  (no source info available)
V  [jvm.dll+0x28aba6]  (no source info available)
V  [jvm.dll+0xc4c9f]  (no source info available)
V  [jvm.dll+0xc4efb]  (no source info available)
V  [jvm.dll+0x2ff52f]  (no source info available)
V  [jvm.dll+0x617d96]  (no source info available)
V  [jvm.dll+0x25b1cf]  (no source info available)
V  [jvm.dll+0x253b38]  (no source info available)
V  [jvm.dll+0x25127d]  (no source info available)
V  [jvm.dll+0x1cd73a]  (no source info available)
V  [jvm.dll+0x2610d9]  (no source info available)
V  [jvm.dll+0x25f39a]  (no source info available)
V  [jvm.dll+0x401dc6]  (no source info available)
V  [jvm.dll+0x87bae8]  (no source info available)
V  [jvm.dll+0x6ef645]  (no source info available)
C  [ucrtbase.dll+0x29333]  (no source info available)
C  [KERNEL32.DLL+0x1257d]  (no source info available)
C  [ntdll.dll+0x5aa48]  (no source info available)


---------------  P R O C E S S  ---------------

Threads class SMR info:
_java_thread_list=0x0000025ac1420190, length=20, elements={
0x0000025acd6a4a30, 0x0000025ac114d5d0, 0x0000025ac114e5e0, 0x0000025ac1150eb0,
0x0000025ac11523c0, 0x0000025ac1156550, 0x0000025ac1157900, 0x0000025ac1160ac0,
0x0000025ac116a590, 0x0000025ac1155ec0, 0x0000025ac1159340, 0x0000025ac1157f90,
0x0000025ac1156be0, 0x0000025ac1158cb0, 0x0000025ac1157270, 0x0000025ac1158620,
0x0000025ac1f1f610, 0x0000025ac1f21050, 0x0000025ac1f20330, 0x0000025acbcf3700
}

Java Threads: ( => current thread )
  0x0000025acd6a4a30 JavaThread "main"                              [_thread_blocked, id=12052, stack(0x0000005e4ba00000,0x0000005e4bb00000) (1024K)]
  0x0000025ac114d5d0 JavaThread "Reference Handler"          daemon [_thread_blocked, id=16880, stack(0x0000005e4c200000,0x0000005e4c300000) (1024K)]
  0x0000025ac114e5e0 JavaThread "Finalizer"                  daemon [_thread_blocked, id=14292, stack(0x0000005e4c300000,0x0000005e4c400000) (1024K)]
  0x0000025ac1150eb0 JavaThread "Signal Dispatcher"          daemon [_thread_blocked, id=12796, stack(0x0000005e4c400000,0x0000005e4c500000) (1024K)]
  0x0000025ac11523c0 JavaThread "Attach Listener"            daemon [_thread_blocked, id=7648, stack(0x0000005e4c500000,0x0000005e4c600000) (1024K)]
  0x0000025ac1156550 JavaThread "Service Thread"             daemon [_thread_blocked, id=16048, stack(0x0000005e4c600000,0x0000005e4c700000) (1024K)]
  0x0000025ac1157900 JavaThread "Monitor Deflation Thread"   daemon [_thread_blocked, id=8900, stack(0x0000005e4c700000,0x0000005e4c800000) (1024K)]
  0x0000025ac1160ac0 JavaThread "C2 CompilerThread0"         daemon [_thread_blocked, id=3176, stack(0x0000005e4c800000,0x0000005e4c900000) (1024K)]
  0x0000025ac116a590 JavaThread "C1 CompilerThread0"         daemon [_thread_blocked, id=7584, stack(0x0000005e4c900000,0x0000005e4ca00000) (1024K)]
  0x0000025ac1155ec0 JavaThread "Common-Cleaner"             daemon [_thread_blocked, id=16964, stack(0x0000005e4ca00000,0x0000005e4cb00000) (1024K)]
  0x0000025ac1159340 JavaThread "Monitor Ctrl-Break"         daemon [_thread_in_native, id=17216, stack(0x0000005e4cb00000,0x0000005e4cc00000) (1024K)]
  0x0000025ac1157f90 JavaThread "Notification Thread"        daemon [_thread_blocked, id=4960, stack(0x0000005e4cc00000,0x0000005e4cd00000) (1024K)]
  0x0000025ac1156be0 JavaThread "QuantumRenderer-0"          daemon [_thread_blocked, id=7516, stack(0x0000005e4cd00000,0x0000005e4ce00000) (1024K)]
  0x0000025ac1158cb0 JavaThread "InvokeLaterDispatcher"      daemon [_thread_blocked, id=17308, stack(0x0000005e4ce00000,0x0000005e4cf00000) (1024K)]
  0x0000025ac1157270 JavaThread "JavaFX Application Thread"         [_thread_blocked, id=10448, stack(0x0000005e4cf00000,0x0000005e4d000000) (1024K)]
  0x0000025ac1158620 JavaThread "Thread-1"                   daemon [_thread_blocked, id=16024, stack(0x0000005e4d300000,0x0000005e4d400000) (1024K)]
  0x0000025ac1f1f610 JavaThread "JavaFX-Launcher"                   [_thread_blocked, id=10676, stack(0x0000005e4d400000,0x0000005e4d500000) (1024K)]
  0x0000025ac1f21050 JavaThread "Prism Font Disposer"        daemon [_thread_blocked, id=7816, stack(0x0000005e4de00000,0x0000005e4df00000) (1024K)]
  0x0000025ac1f20330 JavaThread "Cleaner-0"                  daemon [_thread_blocked, id=7212, stack(0x0000005e4e200000,0x0000005e4e300000) (1024K)]
=>0x0000025acbcf3700 JavaThread "C2 CompilerThread1"         daemon [_thread_in_native, id=3680, stack(0x0000005e4e600000,0x0000005e4e700000) (1024K)]
Total: 20

Other Threads:
  0x0000025ac1130560 VMThread "VM Thread"                           [id=16192, stack(0x0000005e4c100000,0x0000005e4c200000) (1024K)]
  0x0000025ac111bbf0 WatcherThread "VM Periodic Task Thread"        [id=1556, stack(0x0000005e4c000000,0x0000005e4c100000) (1024K)]
  0x0000025acf8e99e0 WorkerThread "GC Thread#0"                     [id=12000, stack(0x0000005e4bb00000,0x0000005e4bc00000) (1024K)]
  0x0000025ac1e75290 WorkerThread "GC Thread#1"                     [id=11852, stack(0x0000005e4d500000,0x0000005e4d600000) (1024K)]
  0x0000025ac1e75640 WorkerThread "GC Thread#2"                     [id=1548, stack(0x0000005e4d600000,0x0000005e4d700000) (1024K)]
  0x0000025ac1e759f0 WorkerThread "GC Thread#3"                     [id=2240, stack(0x0000005e4d700000,0x0000005e4d800000) (1024K)]
  0x0000025ac1e75da0 WorkerThread "GC Thread#4"                     [id=9896, stack(0x0000005e4d800000,0x0000005e4d900000) (1024K)]
  0x0000025ac1e76150 WorkerThread "GC Thread#5"                     [id=12596, stack(0x0000005e4d900000,0x0000005e4da00000) (1024K)]
  0x0000025ac1e62240 WorkerThread "GC Thread#6"                     [id=10052, stack(0x0000005e4da00000,0x0000005e4db00000) (1024K)]
  0x0000025ac1e8bf20 WorkerThread "GC Thread#7"                     [id=11692, stack(0x0000005e4db00000,0x0000005e4dc00000) (1024K)]
  0x0000025acf8f0390 ConcurrentGCThread "G1 Main Marker"            [id=13212, stack(0x0000005e4bc00000,0x0000005e4bd00000) (1024K)]
  0x0000025acf8f1050 WorkerThread "G1 Conc#0"                       [id=10304, stack(0x0000005e4bd00000,0x0000005e4be00000) (1024K)]
  0x0000025ac1ee6e20 WorkerThread "G1 Conc#1"                       [id=7620, stack(0x0000005e4dc00000,0x0000005e4dd00000) (1024K)]
  0x0000025acf95b120 ConcurrentGCThread "G1 Refine#0"               [id=12600, stack(0x0000005e4be00000,0x0000005e4bf00000) (1024K)]
  0x0000025acf95bca0 ConcurrentGCThread "G1 Service"                [id=5268, stack(0x0000005e4bf00000,0x0000005e4c000000) (1024K)]
Total: 15

Threads with active compile tasks:
C2 CompilerThread0  24864 6762       4       javafx.scene.CssStyleHelper::createStyleHelper (304 bytes)
C2 CompilerThread1  24864 6778   !   4       javafx.scene.CssStyleHelper::transitionToState (1039 bytes)
Total: 2

VM state: at safepoint (normal execution)

VM Mutex/Monitor currently owned by a thread:  ([mutex/lock_event])
[0x00007ffa75439f58] Threads_lock - owner thread: 0x0000025ac1130560
[0x00007ffa7543a058] Heap_lock - owner thread: 0x0000025acf8f0390

Heap address: 0x00000000c4200000, size: 958 MB, Compressed Oops mode: 32-bit

CDS archive(s) mapped at: [0x0000025a80000000-0x0000025a80c50000-0x0000025a80c50000), size 12910592, SharedBaseAddress: 0x0000025a80000000, ArchiveRelocationMode: 1.
Compressed class space mapped at: 0x0000025a81000000-0x0000025ac1000000, reserved size: 1073741824
Narrow klass base: 0x0000025a80000000, Narrow klass shift: 0, Narrow klass range: 0x41000000

GC Precious Log:
 CardTable entry size: 512
 Card Set container configuration: InlinePtr #cards 5 size 8 Array Of Cards #cards 12 size 40 Howl #buckets 4 coarsen threshold 1843 Howl Bitmap #cards 512 size 80 coarsen threshold 460 Card regions per heap region 1 cards per card region 2048
 CPUs: 8 total, 8 available
 Memory: 3824M
 Large Page Support: Disabled
 NUMA Support: Disabled
 Compressed Oops: Enabled (32-bit)
 Heap Region Size: 1M
 Heap Min Capacity: 8M
 Heap Initial Capacity: 60M
 Heap Max Capacity: 958M
 Pre-touch: Disabled
 Parallel Workers: 8
 Concurrent Workers: 2
 Concurrent Refinement Workers: 8
 Periodic GC: Disabled

Heap:
 garbage-first heap   total reserved 980992K, committed 119808K, used 73563K [0x00000000c4200000, 0x0000000100000000)
  region size 1024K, 3 young (3072K), 2 survivors (2048K)
 Metaspace       used 30820K, committed 31232K, reserved 1114112K
  class space    used 4174K, committed 4352K, reserved 1048576K

Heap Regions: E=young(eden), S=young(survivor), O=old, HS=humongous(starts), HC=humongous(continues), CS=collection set, F=free, TAMS=top-at-mark-start, PB=parsable bottom
|   0|0x00000000c4200000, 0x00000000c4300000, 0x00000000c4300000|100%| O|  |TAMS 0x00000000c4300000| PB 0x00000000c4300000| Untracked |  0
|   1|0x00000000c4300000, 0x00000000c4400000, 0x00000000c4400000|100%|HS|  |TAMS 0x00000000c4400000| PB 0x00000000c4300000| Complete |  0
|   2|0x00000000c4400000, 0x00000000c4500000, 0x00000000c4500000|100%|HC|  |TAMS 0x00000000c4500000| PB 0x00000000c4400000| Complete |  0
|   3|0x00000000c4500000, 0x00000000c4600000, 0x00000000c4600000|100%|HC|  |TAMS 0x00000000c4600000| PB 0x00000000c4500000| Complete |  0
|   4|0x00000000c4600000, 0x00000000c4700000, 0x00000000c4700000|100%|HC|  |TAMS 0x00000000c4700000| PB 0x00000000c4600000| Complete |  0
|   5|0x00000000c4700000, 0x00000000c4800000, 0x00000000c4800000|100%|HC|  |TAMS 0x00000000c4800000| PB 0x00000000c4700000| Complete |  0
|   6|0x00000000c4800000, 0x00000000c4900000, 0x00000000c4900000|100%|HC|  |TAMS 0x00000000c4900000| PB 0x00000000c4800000| Complete |  0
|   7|0x00000000c4900000, 0x00000000c4a00000, 0x00000000c4a00000|100%|HC|  |TAMS 0x00000000c4a00000| PB 0x00000000c4900000| Complete |  0
|   8|0x00000000c4a00000, 0x00000000c4b00000, 0x00000000c4b00000|100%|HC|  |TAMS 0x00000000c4b00000| PB 0x00000000c4a00000| Complete |  0
|   9|0x00000000c4b00000, 0x00000000c4c00000, 0x00000000c4c00000|100%|HC|  |TAMS 0x00000000c4c00000| PB 0x00000000c4b00000| Complete |  0
|  10|0x00000000c4c00000, 0x00000000c4d00000, 0x00000000c4d00000|100%|HC|  |TAMS 0x00000000c4d00000| PB 0x00000000c4c00000| Complete |  0
|  11|0x00000000c4d00000, 0x00000000c4e00000, 0x00000000c4e00000|100%|HC|  |TAMS 0x00000000c4e00000| PB 0x00000000c4d00000| Complete |  0
|  12|0x00000000c4e00000, 0x00000000c4f00000, 0x00000000c4f00000|100%|HC|  |TAMS 0x00000000c4f00000| PB 0x00000000c4e00000| Complete |  0
|  13|0x00000000c4f00000, 0x00000000c5000000, 0x00000000c5000000|100%|HC|  |TAMS 0x00000000c5000000| PB 0x00000000c4f00000| Complete |  0
|  14|0x00000000c5000000, 0x00000000c5100000, 0x00000000c5100000|100%|HS|  |TAMS 0x00000000c5100000| PB 0x00000000c5000000| Complete |  0
|  15|0x00000000c5100000, 0x00000000c5200000, 0x00000000c5200000|100%|HC|  |TAMS 0x00000000c5200000| PB 0x00000000c5100000| Complete |  0
|  16|0x00000000c5200000, 0x00000000c5300000, 0x00000000c5300000|100%|HS|  |TAMS 0x00000000c5300000| PB 0x00000000c5200000| Complete |  0
|  17|0x00000000c5300000, 0x00000000c5400000, 0x00000000c5400000|100%|HC|  |TAMS 0x00000000c5400000| PB 0x00000000c5300000| Complete |  0
|  18|0x00000000c5400000, 0x00000000c5500000, 0x00000000c5500000|100%|HS|  |TAMS 0x00000000c5500000| PB 0x00000000c5400000| Complete |  0
|  19|0x00000000c5500000, 0x00000000c5600000, 0x00000000c5600000|100%|HC|  |TAMS 0x00000000c5600000| PB 0x00000000c5500000| Complete |  0
|  20|0x00000000c5600000, 0x00000000c5700000, 0x00000000c5700000|100%|HS|  |TAMS 0x00000000c5700000| PB 0x00000000c5600000| Complete |  0
|  21|0x00000000c5700000, 0x00000000c5800000, 0x00000000c5800000|100%|HC|  |TAMS 0x00000000c5800000| PB 0x00000000c5700000| Complete |  0
|  22|0x00000000c5800000, 0x00000000c5900000, 0x00000000c5900000|100%|HS|  |TAMS 0x00000000c5900000| PB 0x00000000c5800000| Complete |  0
|  23|0x00000000c5900000, 0x00000000c5a00000, 0x00000000c5a00000|100%|HC|  |TAMS 0x00000000c5a00000| PB 0x00000000c5900000| Complete |  0
|  24|0x00000000c5a00000, 0x00000000c5b00000, 0x00000000c5b00000|100%|HS|  |TAMS 0x00000000c5b00000| PB 0x00000000c5a00000| Complete |  0
|  25|0x00000000c5b00000, 0x00000000c5c00000, 0x00000000c5c00000|100%|HC|  |TAMS 0x00000000c5c00000| PB 0x00000000c5b00000| Complete |  0
|  26|0x00000000c5c00000, 0x00000000c5d00000, 0x00000000c5d00000|100%| O|  |TAMS 0x00000000c5d00000| PB 0x00000000c5d00000| Updating |  0
|  27|0x00000000c5d00000, 0x00000000c5e00000, 0x00000000c5e00000|100%| O|  |TAMS 0x00000000c5e00000| PB 0x00000000c5e00000| Untracked |  0
|  28|0x00000000c5e00000, 0x00000000c5f00000, 0x00000000c5f00000|100%| O|  |TAMS 0x00000000c5f00000| PB 0x00000000c5f00000| Untracked |  0
|  29|0x00000000c5f00000, 0x00000000c6000000, 0x00000000c6000000|100%|HS|  |TAMS 0x00000000c6000000| PB 0x00000000c5f00000| Complete |  0
|  30|0x00000000c6000000, 0x00000000c6100000, 0x00000000c6100000|100%|HC|  |TAMS 0x00000000c6100000| PB 0x00000000c6000000| Complete |  0
|  31|0x00000000c6100000, 0x00000000c6200000, 0x00000000c6200000|100%| O|  |TAMS 0x00000000c6200000| PB 0x00000000c6200000| Untracked |  0
|  32|0x00000000c6200000, 0x00000000c6300000, 0x00000000c6300000|100%| O|  |TAMS 0x00000000c6300000| PB 0x00000000c6300000| Untracked |  0
|  33|0x00000000c6300000, 0x00000000c6400000, 0x00000000c6400000|100%| O|  |TAMS 0x00000000c6400000| PB 0x00000000c6400000| Untracked |  0
|  34|0x00000000c6400000, 0x00000000c6500000, 0x00000000c6500000|100%| O|  |TAMS 0x00000000c6500000| PB 0x00000000c6500000| Untracked |  0
|  35|0x00000000c6500000, 0x00000000c6600000, 0x00000000c6600000|100%| O|  |TAMS 0x00000000c6600000| PB 0x00000000c6600000| Untracked |  0
|  36|0x00000000c6600000, 0x00000000c6700000, 0x00000000c6700000|100%| O|  |TAMS 0x00000000c6700000| PB 0x00000000c6700000| Untracked |  0
|  37|0x00000000c6700000, 0x00000000c6800000, 0x00000000c6800000|100%|HS|  |TAMS 0x00000000c6800000| PB 0x00000000c6700000| Complete |  0
|  38|0x00000000c6800000, 0x00000000c6900000, 0x00000000c6900000|100%|HC|  |TAMS 0x00000000c6900000| PB 0x00000000c6800000| Complete |  0
|  39|0x00000000c6900000, 0x00000000c6900000, 0x00000000c6a00000|  0%| F|  |TAMS 0x00000000c6900000| PB 0x00000000c6900000| Untracked |  0
|  40|0x00000000c6a00000, 0x00000000c6a00000, 0x00000000c6b00000|  0%| F|  |TAMS 0x00000000c6a00000| PB 0x00000000c6a00000| Untracked |  0
|  41|0x00000000c6b00000, 0x00000000c6b00000, 0x00000000c6c00000|  0%| F|  |TAMS 0x00000000c6b00000| PB 0x00000000c6b00000| Untracked |  0
|  42|0x00000000c6c00000, 0x00000000c6c00000, 0x00000000c6d00000|  0%| F|  |TAMS 0x00000000c6c00000| PB 0x00000000c6c00000| Untracked |  0
|  43|0x00000000c6d00000, 0x00000000c6d00000, 0x00000000c6e00000|  0%| F|  |TAMS 0x00000000c6d00000| PB 0x00000000c6d00000| Untracked |  0
|  44|0x00000000c6e00000, 0x00000000c6e00000, 0x00000000c6f00000|  0%| F|  |TAMS 0x00000000c6e00000| PB 0x00000000c6e00000| Untracked |  0
|  45|0x00000000c6f00000, 0x00000000c6f00000, 0x00000000c7000000|  0%| F|  |TAMS 0x00000000c6f00000| PB 0x00000000c6f00000| Untracked |  0
|  46|0x00000000c7000000, 0x00000000c7000000, 0x00000000c7100000|  0%| F|  |TAMS 0x00000000c7000000| PB 0x00000000c7000000| Untracked |  0
|  47|0x00000000c7100000, 0x00000000c7200000, 0x00000000c7200000|100%| O|  |TAMS 0x00000000c7200000| PB 0x00000000c7200000| Untracked |  0
|  48|0x00000000c7200000, 0x00000000c7300000, 0x00000000c7300000|100%| O|  |TAMS 0x00000000c7300000| PB 0x00000000c7300000| Updating |  0
|  49|0x00000000c7300000, 0x00000000c7400000, 0x00000000c7400000|100%| O|  |TAMS 0x00000000c7300000| PB 0x00000000c7300000| Untracked |  0
|  50|0x00000000c7400000, 0x00000000c7500000, 0x00000000c7500000|100%| O|  |TAMS 0x00000000c7500000| PB 0x00000000c7500000| Updating |  0
|  51|0x00000000c7500000, 0x00000000c7600000, 0x00000000c7600000|100%| O|  |TAMS 0x00000000c7600000| PB 0x00000000c7600000| Updating |  0
|  52|0x00000000c7600000, 0x00000000c7700000, 0x00000000c7700000|100%| O|  |TAMS 0x00000000c7700000| PB 0x00000000c7700000| Updating |  0
|  53|0x00000000c7700000, 0x00000000c7800000, 0x00000000c7800000|100%|HS|  |TAMS 0x00000000c7800000| PB 0x00000000c7700000| Complete |  0
|  54|0x00000000c7800000, 0x00000000c7900000, 0x00000000c7900000|100%|HC|  |TAMS 0x00000000c7900000| PB 0x00000000c7800000| Complete |  0
|  55|0x00000000c7900000, 0x00000000c7a00000, 0x00000000c7a00000|100%|HS|  |TAMS 0x00000000c7a00000| PB 0x00000000c7900000| Complete |  0
|  56|0x00000000c7a00000, 0x00000000c7b00000, 0x00000000c7b00000|100%|HC|  |TAMS 0x00000000c7b00000| PB 0x00000000c7a00000| Complete |  0
|  57|0x00000000c7b00000, 0x00000000c7c00000, 0x00000000c7c00000|100%|HS|  |TAMS 0x00000000c7c00000| PB 0x00000000c7b00000| Complete |  0
|  58|0x00000000c7c00000, 0x00000000c7d00000, 0x00000000c7d00000|100%|HC|  |TAMS 0x00000000c7d00000| PB 0x00000000c7c00000| Complete |  0
|  59|0x00000000c7d00000, 0x00000000c7e00000, 0x00000000c7e00000|100%|HS|  |TAMS 0x00000000c7e00000| PB 0x00000000c7d00000| Complete |  0
|  60|0x00000000c7e00000, 0x00000000c7f00000, 0x00000000c7f00000|100%|HC|  |TAMS 0x00000000c7f00000| PB 0x00000000c7e00000| Complete |  0
|  61|0x00000000c7f00000, 0x00000000c8000000, 0x00000000c8000000|100%| O|  |TAMS 0x00000000c8000000| PB 0x00000000c8000000| Updating |  0
|  62|0x00000000c8000000, 0x00000000c8100000, 0x00000000c8100000|100%| O|  |TAMS 0x00000000c8100000| PB 0x00000000c8100000| Updating |  0
|  63|0x00000000c8100000, 0x00000000c8200000, 0x00000000c8200000|100%| O|  |TAMS 0x00000000c8200000| PB 0x00000000c8200000| Updating |  0
|  64|0x00000000c8200000, 0x00000000c8300000, 0x00000000c8300000|100%| O|  |TAMS 0x00000000c8300000| PB 0x00000000c8300000| Updating |  0
|  65|0x00000000c8300000, 0x00000000c8400000, 0x00000000c8400000|100%| O|  |TAMS 0x00000000c83197e0| PB 0x00000000c83197e0| Untracked |  0
|  66|0x00000000c8400000, 0x00000000c8500000, 0x00000000c8500000|100%|HS|  |TAMS 0x00000000c8500000| PB 0x00000000c8400000| Complete |  0
|  67|0x00000000c8500000, 0x00000000c8600000, 0x00000000c8600000|100%|HC|  |TAMS 0x00000000c8600000| PB 0x00000000c8500000| Complete |  0
|  68|0x00000000c8600000, 0x00000000c8700000, 0x00000000c8700000|100%|HS|  |TAMS 0x00000000c8600000| PB 0x00000000c8600000| Complete |  0
|  69|0x00000000c8700000, 0x00000000c8800000, 0x00000000c8800000|100%|HC|  |TAMS 0x00000000c8700000| PB 0x00000000c8700000| Complete |  0
|  70|0x00000000c8800000, 0x00000000c8800000, 0x00000000c8900000|  0%| F|  |TAMS 0x00000000c8800000| PB 0x00000000c8800000| Untracked |  0
|  71|0x00000000c8900000, 0x00000000c8a00000, 0x00000000c8a00000|100%|HS|  |TAMS 0x00000000c8a00000| PB 0x00000000c8900000| Complete |  0
|  72|0x00000000c8a00000, 0x00000000c8b00000, 0x00000000c8b00000|100%|HC|  |TAMS 0x00000000c8b00000| PB 0x00000000c8a00000| Complete |  0
|  73|0x00000000c8b00000, 0x00000000c8c00000, 0x00000000c8c00000|100%| O|  |TAMS 0x00000000c8b00000| PB 0x00000000c8b00000| Untracked |  0
|  74|0x00000000c8c00000, 0x00000000c8cd6c20, 0x00000000c8d00000| 83%| O|  |TAMS 0x00000000c8c00000| PB 0x00000000c8c00000| Updating |  0
|  75|0x00000000c8d00000, 0x00000000c8e00000, 0x00000000c8e00000|100%|HS|  |TAMS 0x00000000c8d00000| PB 0x00000000c8d00000| Complete |  0
|  76|0x00000000c8e00000, 0x00000000c8f00000, 0x00000000c8f00000|100%|HC|  |TAMS 0x00000000c8e00000| PB 0x00000000c8e00000| Complete |  0
|  77|0x00000000c8f00000, 0x00000000c8f00000, 0x00000000c9000000|  0%| F|  |TAMS 0x00000000c8f00000| PB 0x00000000c8f00000| Untracked |  0
|  78|0x00000000c9000000, 0x00000000c9000000, 0x00000000c9100000|  0%| F|  |TAMS 0x00000000c9000000| PB 0x00000000c9000000| Untracked |  0
|  79|0x00000000c9100000, 0x00000000c9100000, 0x00000000c9200000|  0%| F|  |TAMS 0x00000000c9100000| PB 0x00000000c9100000| Untracked |  0
|  80|0x00000000c9200000, 0x00000000c9200000, 0x00000000c9300000|  0%| F|  |TAMS 0x00000000c9200000| PB 0x00000000c9200000| Untracked |  0
|  81|0x00000000c9300000, 0x00000000c9300000, 0x00000000c9400000|  0%| F|  |TAMS 0x00000000c9300000| PB 0x00000000c9300000| Untracked |  0
|  82|0x00000000c9400000, 0x00000000c9400000, 0x00000000c9500000|  0%| F|  |TAMS 0x00000000c9400000| PB 0x00000000c9400000| Untracked |  0
|  83|0x00000000c9500000, 0x00000000c9500000, 0x00000000c9600000|  0%| F|  |TAMS 0x00000000c9500000| PB 0x00000000c9500000| Untracked |  0
|  84|0x00000000c9600000, 0x00000000c9600000, 0x00000000c9700000|  0%| F|  |TAMS 0x00000000c9600000| PB 0x00000000c9600000| Untracked |  0
|  85|0x00000000c9700000, 0x00000000c9700000, 0x00000000c9800000|  0%| F|  |TAMS 0x00000000c9700000| PB 0x00000000c9700000| Untracked |  0
|  86|0x00000000c9800000, 0x00000000c9800000, 0x00000000c9900000|  0%| F|  |TAMS 0x00000000c9800000| PB 0x00000000c9800000| Untracked |  0
|  87|0x00000000c9900000, 0x00000000c9900000, 0x00000000c9a00000|  0%| F|  |TAMS 0x00000000c9900000| PB 0x00000000c9900000| Untracked |  0
|  88|0x00000000c9a00000, 0x00000000c9a00000, 0x00000000c9b00000|  0%| F|  |TAMS 0x00000000c9a00000| PB 0x00000000c9a00000| Untracked |  0
|  89|0x00000000c9b00000, 0x00000000c9b00000, 0x00000000c9c00000|  0%| F|  |TAMS 0x00000000c9b00000| PB 0x00000000c9b00000| Untracked |  0
|  90|0x00000000c9c00000, 0x00000000c9c00000, 0x00000000c9d00000|  0%| F|  |TAMS 0x00000000c9c00000| PB 0x00000000c9c00000| Untracked |  0
|  91|0x00000000c9d00000, 0x00000000c9d00000, 0x00000000c9e00000|  0%| F|  |TAMS 0x00000000c9d00000| PB 0x00000000c9d00000| Untracked |  0
|  92|0x00000000c9e00000, 0x00000000c9e00000, 0x00000000c9f00000|  0%| F|  |TAMS 0x00000000c9e00000| PB 0x00000000c9e00000| Untracked |  0
|  93|0x00000000c9f00000, 0x00000000c9f00000, 0x00000000ca000000|  0%| F|  |TAMS 0x00000000c9f00000| PB 0x00000000c9f00000| Untracked |  0
|  94|0x00000000ca000000, 0x00000000ca000000, 0x00000000ca100000|  0%| F|  |TAMS 0x00000000ca000000| PB 0x00000000ca000000| Untracked |  0
|  95|0x00000000ca100000, 0x00000000ca100000, 0x00000000ca200000|  0%| F|  |TAMS 0x00000000ca100000| PB 0x00000000ca100000| Untracked |  0
|  96|0x00000000ca200000, 0x00000000ca200000, 0x00000000ca300000|  0%| F|  |TAMS 0x00000000ca200000| PB 0x00000000ca200000| Untracked |  0
|  97|0x00000000ca300000, 0x00000000ca300000, 0x00000000ca400000|  0%| F|  |TAMS 0x00000000ca300000| PB 0x00000000ca300000| Untracked |  0
|  98|0x00000000ca400000, 0x00000000ca400000, 0x00000000ca500000|  0%| F|  |TAMS 0x00000000ca400000| PB 0x00000000ca400000| Untracked |  0
|  99|0x00000000ca500000, 0x00000000ca500000, 0x00000000ca600000|  0%| F|  |TAMS 0x00000000ca500000| PB 0x00000000ca500000| Untracked |  0
| 100|0x00000000ca600000, 0x00000000ca600000, 0x00000000ca700000|  0%| F|  |TAMS 0x00000000ca600000| PB 0x00000000ca600000| Untracked |  0
| 101|0x00000000ca700000, 0x00000000ca700000, 0x00000000ca800000|  0%| F|  |TAMS 0x00000000ca700000| PB 0x00000000ca700000| Untracked |  0
| 102|0x00000000ca800000, 0x00000000ca800000, 0x00000000ca900000|  0%| F|  |TAMS 0x00000000ca800000| PB 0x00000000ca800000| Untracked |  0
| 103|0x00000000ca900000, 0x00000000ca900000, 0x00000000caa00000|  0%| F|  |TAMS 0x00000000ca900000| PB 0x00000000ca900000| Untracked |  0
| 104|0x00000000caa00000, 0x00000000caa00000, 0x00000000cab00000|  0%| F|  |TAMS 0x00000000caa00000| PB 0x00000000caa00000| Untracked |  0
| 105|0x00000000cab00000, 0x00000000cab00000, 0x00000000cac00000|  0%| F|  |TAMS 0x00000000cab00000| PB 0x00000000cab00000| Untracked |  0
| 106|0x00000000cac00000, 0x00000000cac00000, 0x00000000cad00000|  0%| F|  |TAMS 0x00000000cac00000| PB 0x00000000cac00000| Untracked |  0
| 107|0x00000000cad00000, 0x00000000cad00000, 0x00000000cae00000|  0%| F|  |TAMS 0x00000000cad00000| PB 0x00000000cad00000| Untracked |  0
| 108|0x00000000cae00000, 0x00000000cae00000, 0x00000000caf00000|  0%| F|  |TAMS 0x00000000cae00000| PB 0x00000000cae00000| Untracked |  0
| 109|0x00000000caf00000, 0x00000000caf00000, 0x00000000cb000000|  0%| F|  |TAMS 0x00000000caf00000| PB 0x00000000caf00000| Untracked |  0
| 110|0x00000000cb000000, 0x00000000cb100000, 0x00000000cb100000|100%| S|CS|TAMS 0x00000000cb000000| PB 0x00000000cb000000| Complete |  0
| 111|0x00000000cb100000, 0x00000000cb200000, 0x00000000cb200000|100%| S|CS|TAMS 0x00000000cb100000| PB 0x00000000cb100000| Complete |  0
| 112|0x00000000cb200000, 0x00000000cb200000, 0x00000000cb300000|  0%| F|  |TAMS 0x00000000cb200000| PB 0x00000000cb200000| Untracked |  0
| 113|0x00000000cb300000, 0x00000000cb300000, 0x00000000cb400000|  0%| F|  |TAMS 0x00000000cb300000| PB 0x00000000cb300000| Untracked |  0
| 955|0x00000000ffd00000, 0x00000000ffe00000, 0x00000000ffe00000|100%| O|  |TAMS 0x00000000ffe00000| PB 0x00000000ffe00000| Updating |  0
| 956|0x00000000ffe00000, 0x00000000fff00000, 0x00000000fff00000|100%| O|  |TAMS 0x00000000fff00000| PB 0x00000000fff00000| Untracked |  0
| 957|0x00000000fff00000, 0x00000000fff42250, 0x0000000100000000| 25%| E|  |TAMS 0x00000000fff00000| PB 0x00000000fff00000| Complete |  0

Card table byte_map: [0x0000025ae7360000,0x0000025ae7540000] _byte_map_base: 0x0000025ae6d3f000

Marking Bits: (CMBitMap*) 0x0000025acf8ea0f0
 Bits: [0x0000025ae7540000, 0x0000025ae8438000)

Polling page: 0x0000025acd810000

Metaspace:

Usage:
  Non-class:     26.02 MB used.
      Class:      4.08 MB used.
       Both:     30.10 MB used.

Virtual space:
  Non-class space:       64.00 MB reserved,      26.25 MB ( 41%) committed,  1 nodes.
      Class space:        1.00 GB reserved,       4.25 MB ( <1%) committed,  1 nodes.
             Both:        1.06 GB reserved,      30.50 MB (  3%) committed. 

Chunk freelists:
   Non-Class:  5.80 MB
       Class:  11.72 MB
        Both:  17.51 MB

MaxMetaspaceSize: unlimited
CompressedClassSpaceSize: 1.00 GB
Initial GC threshold: 21.00 MB
Current GC threshold: 50.62 MB
CDS: on
 - commit_granule_bytes: 65536.
 - commit_granule_words: 8192.
 - virtual_space_node_default_size: 8388608.
 - enlarge_chunks_in_place: 1.
 - use_allocation_guard: 0.


Internal statistics:

num_allocs_failed_limit: 3.
num_arena_births: 472.
num_arena_deaths: 0.
num_vsnodes_births: 2.
num_vsnodes_deaths: 0.
num_space_committed: 488.
num_space_uncommitted: 0.
num_chunks_returned_to_freelist: 3.
num_chunks_taken_from_freelist: 1328.
num_chunk_merges: 0.
num_chunk_splits: 915.
num_chunks_enlarged: 686.
num_inconsistent_stats: 0.

CodeHeap 'non-profiled nmethods': size=120000Kb used=2991Kb max_used=3180Kb free=117008Kb
 bounds [0x0000025adf920000, 0x0000025adfc40000, 0x0000025ae6e50000]
CodeHeap 'profiled nmethods': size=120000Kb used=12618Kb max_used=13470Kb free=107381Kb
 bounds [0x0000025ad7e50000, 0x0000025ad8b80000, 0x0000025adf380000]
CodeHeap 'non-nmethods': size=5760Kb used=2316Kb max_used=2348Kb free=3443Kb
 bounds [0x0000025adf380000, 0x0000025adf5f0000, 0x0000025adf920000]
 total_blobs=7070 nmethods=6100 adapters=870
 compilation: enabled
              stopped_count=0, restarted_count=0
 full_count=0

Compilation events (20 events):
Event: 24.699 Thread 0x0000025ac116a590 7065       1       com.sun.prism.BasicStroke::getLineJoin (5 bytes)
Event: 24.699 Thread 0x0000025ac116a590 nmethod 7065 0x0000025adfb42990 code [0x0000025adfb42b20, 0x0000025adfb42be8]
Event: 24.699 Thread 0x0000025ac116a590 7064       1       com.sun.prism.d3d.D3DRTTexture::setOpaque (6 bytes)
Event: 24.699 Thread 0x0000025ac116a590 nmethod 7064 0x0000025adf9edc10 code [0x0000025adf9edda0, 0x0000025adf9ede70]
Event: 24.700 Thread 0x0000025ac116a590 7066       2       java.lang.StackStreamFactory$StackFrameBuffer::at (10 bytes)
Event: 24.701 Thread 0x0000025ac116a590 nmethod 7066 0x0000025ad8096c90 code [0x0000025ad8096e40, 0x0000025ad8096fa0]
Event: 24.701 Thread 0x0000025ac116a590 7067       2       java.util.regex.Matcher::checkGroup (41 bytes)
Event: 24.701 Thread 0x0000025ac116a590 nmethod 7067 0x0000025ad801e990 code [0x0000025ad801eb80, 0x0000025ad801ef08]
Event: 24.701 Thread 0x0000025ac116a590 7068       2       java.util.regex.Matcher::groupCount (10 bytes)
Event: 24.701 Thread 0x0000025ac116a590 nmethod 7068 0x0000025ad8158910 code [0x0000025ad8158aa0, 0x0000025ad8158bb0]
Event: 24.701 Thread 0x0000025ac116a590 7069       1       com.sun.prism.Image::getWidth (5 bytes)
Event: 24.701 Thread 0x0000025ac116a590 nmethod 7069 0x0000025adf9ed910 code [0x0000025adf9edaa0, 0x0000025adf9edb68]
Event: 24.701 Thread 0x0000025ac116a590 7070       1       com.sun.prism.Image::getHeight (5 bytes)
Event: 24.701 Thread 0x0000025ac116a590 nmethod 7070 0x0000025adf9ed610 code [0x0000025adf9ed7a0, 0x0000025adf9ed868]
Event: 24.703 Thread 0x0000025ac116a590 7071       2       java.lang.invoke.LambdaForm$DMH/0x0000025a8119c400::invokeStatic (15 bytes)
Event: 24.704 Thread 0x0000025ac116a590 nmethod 7071 0x0000025ad82cb610 code [0x0000025ad82cb7c0, 0x0000025ad82cb928]
Event: 24.704 Thread 0x0000025ac116a590 7072       2       sun.invoke.util.ValueConversions::unboxDouble (29 bytes)
Event: 24.704 Thread 0x0000025ac116a590 nmethod 7072 0x0000025ad8256690 code [0x0000025ad8256840, 0x0000025ad8256a50]
Event: 24.704 Thread 0x0000025ac116a590 7073       1       sun.reflect.generics.reflectiveObjects.ParameterizedTypeImpl::getRawType (5 bytes)
Event: 24.704 Thread 0x0000025ac116a590 nmethod 7073 0x0000025adf9ed310 code [0x0000025adf9ed4a0, 0x0000025adf9ed568]

GC Heap History (20 events):
Event: 4.513 GC heap before
{Heap before GC invocations=4 (full 0):
 garbage-first heap   total reserved 980992K, committed 65536K, used 46520K [0x00000000c4200000, 0x0000000100000000)
  region size 1024K, 12 young (12288K), 3 survivors (3072K)
 Metaspace       used 21169K, committed 21504K, reserved 1114112K
  class space    used 2713K, committed 2880K, reserved 1048576K
}
Event: 4.516 GC heap after
{Heap after GC invocations=5 (full 0):
 garbage-first heap   total reserved 980992K, committed 65536K, used 38842K [0x00000000c4200000, 0x0000000100000000)
  region size 1024K, 1 young (1024K), 1 survivors (1024K)
 Metaspace       used 21169K, committed 21504K, reserved 1114112K
  class space    used 2713K, committed 2880K, reserved 1048576K
}
Event: 5.735 GC heap before
{Heap before GC invocations=6 (full 0):
 garbage-first heap   total reserved 980992K, committed 66560K, used 57274K [0x00000000c4200000, 0x0000000100000000)
  region size 1024K, 19 young (19456K), 1 survivors (1024K)
 Metaspace       used 21851K, committed 22208K, reserved 1114112K
  class space    used 2772K, committed 2944K, reserved 1048576K
}
Event: 5.737 GC heap after
{Heap after GC invocations=7 (full 0):
 garbage-first heap   total reserved 980992K, committed 66560K, used 38668K [0x00000000c4200000, 0x0000000100000000)
  region size 1024K, 1 young (1024K), 1 survivors (1024K)
 Metaspace       used 21851K, committed 22208K, reserved 1114112K
  class space    used 2772K, committed 2944K, reserved 1048576K
}
Event: 6.488 GC heap before
{Heap before GC invocations=7 (full 0):
 garbage-first heap   total reserved 980992K, committed 66560K, used 58124K [0x00000000c4200000, 0x0000000100000000)
  region size 1024K, 21 young (21504K), 1 survivors (1024K)
 Metaspace       used 25503K, committed 25856K, reserved 1114112K
  class space    used 3413K, committed 3584K, reserved 1048576K
}
Event: 6.493 GC heap after
{Heap after GC invocations=8 (full 0):
 garbage-first heap   total reserved 980992K, committed 66560K, used 39631K [0x00000000c4200000, 0x0000000100000000)
  region size 1024K, 2 young (2048K), 2 survivors (2048K)
 Metaspace       used 25503K, committed 25856K, reserved 1114112K
  class space    used 3413K, committed 3584K, reserved 1048576K
}
Event: 6.524 GC heap before
{Heap before GC invocations=8 (full 0):
 garbage-first heap   total reserved 980992K, committed 66560K, used 39631K [0x00000000c4200000, 0x0000000100000000)
  region size 1024K, 4 young (4096K), 2 survivors (2048K)
 Metaspace       used 25686K, committed 26048K, reserved 1114112K
  class space    used 3431K, committed 3584K, reserved 1048576K
}
Event: 6.527 GC heap after
{Heap after GC invocations=9 (full 0):
 garbage-first heap   total reserved 980992K, committed 66560K, used 40198K [0x00000000c4200000, 0x0000000100000000)
  region size 1024K, 2 young (2048K), 2 survivors (2048K)
 Metaspace       used 25686K, committed 26048K, reserved 1114112K
  class space    used 3431K, committed 3584K, reserved 1048576K
}
Event: 21.287 GC heap before
{Heap before GC invocations=10 (full 0):
 garbage-first heap   total reserved 980992K, committed 71680K, used 67846K [0x00000000c4200000, 0x0000000100000000)
  region size 1024K, 19 young (19456K), 2 survivors (2048K)
 Metaspace       used 27221K, committed 27648K, reserved 1114112K
  class space    used 3533K, committed 3712K, reserved 1048576K
}
Event: 21.302 GC heap after
{Heap after GC invocations=11 (full 0):
 garbage-first heap   total reserved 980992K, committed 72704K, used 52465K [0x00000000c4200000, 0x0000000100000000)
  region size 1024K, 3 young (3072K), 3 survivors (3072K)
 Metaspace       used 27221K, committed 27648K, reserved 1114112K
  class space    used 3533K, committed 3712K, reserved 1048576K
}
Event: 22.014 GC heap before
{Heap before GC invocations=11 (full 0):
 garbage-first heap   total reserved 980992K, committed 72704K, used 62705K [0x00000000c4200000, 0x0000000100000000)
  region size 1024K, 14 young (14336K), 3 survivors (3072K)
 Metaspace       used 27348K, committed 27712K, reserved 1114112K
  class space    used 3533K, committed 3712K, reserved 1048576K
}
Event: 22.019 GC heap after
{Heap after GC invocations=12 (full 0):
 garbage-first heap   total reserved 980992K, committed 72704K, used 52142K [0x00000000c4200000, 0x0000000100000000)
  region size 1024K, 1 young (1024K), 1 survivors (1024K)
 Metaspace       used 27348K, committed 27712K, reserved 1114112K
  class space    used 3533K, committed 3712K, reserved 1048576K
}
Event: 22.456 GC heap before
{Heap before GC invocations=12 (full 0):
 garbage-first heap   total reserved 980992K, committed 72704K, used 64430K [0x00000000c4200000, 0x0000000100000000)
  region size 1024K, 14 young (14336K), 1 survivors (1024K)
 Metaspace       used 29133K, committed 29504K, reserved 1114112K
  class space    used 4002K, committed 4160K, reserved 1048576K
}
Event: 22.459 GC heap after
{Heap after GC invocations=13 (full 0):
 garbage-first heap   total reserved 980992K, committed 72704K, used 52522K [0x00000000c4200000, 0x0000000100000000)
  region size 1024K, 1 young (1024K), 1 survivors (1024K)
 Metaspace       used 29133K, committed 29504K, reserved 1114112K
  class space    used 4002K, committed 4160K, reserved 1048576K
}
Event: 22.750 GC heap before
{Heap before GC invocations=14 (full 0):
 garbage-first heap   total reserved 980992K, committed 89088K, used 65834K [0x00000000c4200000, 0x0000000100000000)
  region size 1024K, 14 young (14336K), 1 survivors (1024K)
 Metaspace       used 30173K, committed 30592K, reserved 1114112K
  class space    used 4167K, committed 4352K, reserved 1048576K
}
Event: 22.755 GC heap after
{Heap after GC invocations=15 (full 0):
 garbage-first heap   total reserved 980992K, committed 89088K, used 56320K [0x00000000c4200000, 0x0000000100000000)
  region size 1024K, 2 young (2048K), 2 survivors (2048K)
 Metaspace       used 30173K, committed 30592K, reserved 1114112K
  class space    used 4167K, committed 4352K, reserved 1048576K
}
Event: 24.056 GC heap before
{Heap before GC invocations=15 (full 0):
 garbage-first heap   total reserved 980992K, committed 89088K, used 88064K [0x00000000c4200000, 0x0000000100000000)
  region size 1024K, 25 young (25600K), 2 survivors (2048K)
 Metaspace       used 30518K, committed 30912K, reserved 1114112K
  class space    used 4173K, committed 4352K, reserved 1048576K
}
Event: 24.066 GC heap after
{Heap after GC invocations=16 (full 0):
 garbage-first heap   total reserved 980992K, committed 94208K, used 67105K [0x00000000c4200000, 0x0000000100000000)
  region size 1024K, 4 young (4096K), 4 survivors (4096K)
 Metaspace       used 30518K, committed 30912K, reserved 1114112K
  class space    used 4173K, committed 4352K, reserved 1048576K
}
Event: 24.596 GC heap before
{Heap before GC invocations=16 (full 0):
 garbage-first heap   total reserved 980992K, committed 94208K, used 83489K [0x00000000c4200000, 0x0000000100000000)
  region size 1024K, 20 young (20480K), 4 survivors (4096K)
 Metaspace       used 30642K, committed 31040K, reserved 1114112K
  class space    used 4173K, committed 4352K, reserved 1048576K
}
Event: 24.603 GC heap after
{Heap after GC invocations=17 (full 0):
 garbage-first heap   total reserved 980992K, committed 94208K, used 70757K [0x00000000c4200000, 0x0000000100000000)
  region size 1024K, 3 young (3072K), 3 survivors (3072K)
 Metaspace       used 30642K, committed 31040K, reserved 1114112K
  class space    used 4173K, committed 4352K, reserved 1048576K
}

Dll operation events (20 events):
Event: 0.657 Loaded shared library C:\Users\NGOC\.openjfx\cache\20.0.1+2\amd64\api-ms-win-crt-multibyte-l1-1-0.dll
Event: 0.668 Loaded shared library C:\Users\NGOC\.openjfx\cache\20.0.1+2\amd64\api-ms-win-crt-private-l1-1-0.dll
Event: 0.676 Loaded shared library C:\Users\NGOC\.openjfx\cache\20.0.1+2\amd64\api-ms-win-crt-process-l1-1-0.dll
Event: 0.683 Loaded shared library C:\Users\NGOC\.openjfx\cache\20.0.1+2\amd64\api-ms-win-crt-runtime-l1-1-0.dll
Event: 0.696 Loaded shared library C:\Users\NGOC\.openjfx\cache\20.0.1+2\amd64\api-ms-win-crt-stdio-l1-1-0.dll
Event: 0.701 Loaded shared library C:\Users\NGOC\.openjfx\cache\20.0.1+2\amd64\api-ms-win-crt-string-l1-1-0.dll
Event: 0.712 Loaded shared library C:\Users\NGOC\.openjfx\cache\20.0.1+2\amd64\api-ms-win-crt-time-l1-1-0.dll
Event: 0.719 Loaded shared library C:\Users\NGOC\.openjfx\cache\20.0.1+2\amd64\api-ms-win-crt-utility-l1-1-0.dll
Event: 0.788 Loaded shared library C:\Users\NGOC\.openjfx\cache\20.0.1+2\amd64\ucrtbase.dll
Event: 0.798 Loaded shared library C:\Users\NGOC\.openjfx\cache\20.0.1+2\amd64\vcruntime140.dll
Event: 0.803 Loaded shared library C:\Users\NGOC\.openjfx\cache\20.0.1+2\amd64\vcruntime140_1.dll
Event: 0.834 Loaded shared library C:\Users\NGOC\.openjfx\cache\20.0.1+2\amd64\msvcp140.dll
Event: 0.839 Loaded shared library C:\Users\NGOC\.openjfx\cache\20.0.1+2\amd64\msvcp140_1.dll
Event: 0.852 Loaded shared library C:\Users\NGOC\.openjfx\cache\20.0.1+2\amd64\msvcp140_2.dll
Event: 0.929 Loaded shared library C:\Users\NGOC\.openjfx\cache\20.0.1+2\amd64\prism_d3d.dll
Event: 1.155 Loaded shared library C:\Users\NGOC\.openjfx\cache\20.0.1+2\amd64\glass.dll
Event: 1.482 Loaded shared library C:\Users\NGOC\.jdks\azul-22\bin\jimage.dll
Event: 1.872 Loaded shared library C:\Users\NGOC\.openjfx\cache\20.0.1+2\amd64\javafx_font.dll
Event: 2.317 Loaded shared library C:\Users\NGOC\.openjfx\cache\20.0.1+2\amd64\javafx_iio.dll
Event: 3.122 Loaded shared library C:\Users\NGOC\.jdks\azul-22\bin\sunmscapi.dll

Deoptimization events (20 events):
Event: 24.243 Thread 0x0000025ac1157270 Uncommon trap: trap_request=0xffffffbe fr.pc=0x0000025adfc29e24 relative=0x0000000000000ac4
Event: 24.243 Thread 0x0000025ac1157270 Uncommon trap: reason=profile_predicate action=maybe_recompile pc=0x0000025adfc29e24 method=java.math.MutableBigInteger.add(Ljava/math/MutableBigInteger;)V @ 68 c2
Event: 24.243 Thread 0x0000025ac1157270 DEOPT PACKING pc=0x0000025adfc29e24 sp=0x0000005e4cffb630
Event: 24.243 Thread 0x0000025ac1157270 DEOPT UNPACKING pc=0x0000025adf3d7da2 sp=0x0000005e4cffb5b0 mode 2
Event: 24.485 Thread 0x0000025ac1157270 Uncommon trap: trap_request=0xffffffd6 fr.pc=0x0000025adfbf4f00 relative=0x00000000000055e0
Event: 24.485 Thread 0x0000025ac1157270 Uncommon trap: reason=array_check action=maybe_recompile pc=0x0000025adfbf4f00 method=com.sun.javafx.css.StyleCacheEntry$Key.<init>([Ljava/util/Set;Ljavafx/scene/text/Font;)V @ 39 c2
Event: 24.485 Thread 0x0000025ac1157270 DEOPT PACKING pc=0x0000025adfbf4f00 sp=0x0000005e4cffe1b0
Event: 24.485 Thread 0x0000025ac1157270 DEOPT UNPACKING pc=0x0000025adf3d7da2 sp=0x0000005e4cffe0a0 mode 2
Event: 24.485 Thread 0x0000025ac1157270 Uncommon trap: trap_request=0xffffffd6 fr.pc=0x0000025adfbf4f00 relative=0x00000000000055e0
Event: 24.485 Thread 0x0000025ac1157270 Uncommon trap: reason=array_check action=maybe_recompile pc=0x0000025adfbf4f00 method=com.sun.javafx.css.StyleCacheEntry$Key.<init>([Ljava/util/Set;Ljavafx/scene/text/Font;)V @ 39 c2
Event: 24.485 Thread 0x0000025ac1157270 DEOPT PACKING pc=0x0000025adfbf4f00 sp=0x0000005e4cffe170
Event: 24.485 Thread 0x0000025ac1157270 DEOPT UNPACKING pc=0x0000025adf3d7da2 sp=0x0000005e4cffe060 mode 2
Event: 24.486 Thread 0x0000025ac1157270 Uncommon trap: trap_request=0xffffffd6 fr.pc=0x0000025adfbf4f00 relative=0x00000000000055e0
Event: 24.486 Thread 0x0000025ac1157270 Uncommon trap: reason=array_check action=maybe_recompile pc=0x0000025adfbf4f00 method=com.sun.javafx.css.StyleCacheEntry$Key.<init>([Ljava/util/Set;Ljavafx/scene/text/Font;)V @ 39 c2
Event: 24.486 Thread 0x0000025ac1157270 DEOPT PACKING pc=0x0000025adfbf4f00 sp=0x0000005e4cffe3c0
Event: 24.486 Thread 0x0000025ac1157270 DEOPT UNPACKING pc=0x0000025adf3d7da2 sp=0x0000005e4cffe2b0 mode 2
Event: 24.486 Thread 0x0000025ac1157270 Uncommon trap: trap_request=0xffffffd6 fr.pc=0x0000025adfbf4f00 relative=0x00000000000055e0
Event: 24.486 Thread 0x0000025ac1157270 Uncommon trap: reason=array_check action=maybe_recompile pc=0x0000025adfbf4f00 method=com.sun.javafx.css.StyleCacheEntry$Key.<init>([Ljava/util/Set;Ljavafx/scene/text/Font;)V @ 39 c2
Event: 24.486 Thread 0x0000025ac1157270 DEOPT PACKING pc=0x0000025adfbf4f00 sp=0x0000005e4cffe2d0
Event: 24.486 Thread 0x0000025ac1157270 DEOPT UNPACKING pc=0x0000025adf3d7da2 sp=0x0000005e4cffe1c0 mode 2

Classes loaded (20 events):
Event: 22.398 Loading class java/util/stream/IntPipeline$1
Event: 22.399 Loading class java/util/stream/IntPipeline$1 done
Event: 22.399 Loading class java/util/stream/IntPipeline$1$1
Event: 22.400 Loading class java/util/stream/IntPipeline$1$1 done
Event: 22.640 Loading class java/text/BreakIterator
Event: 22.642 Loading class java/text/BreakIterator done
Event: 22.642 Loading class sun/util/locale/provider/BreakIteratorProviderImpl
Event: 22.644 Loading class sun/util/locale/provider/BreakIteratorProviderImpl done
Event: 22.645 Loading class sun/util/locale/provider/BreakIteratorProviderImpl$GraphemeBreakIterator
Event: 22.646 Loading class sun/util/locale/provider/BreakIteratorProviderImpl$GraphemeBreakIterator done
Event: 22.646 Loading class java/text/StringCharacterIterator
Event: 22.647 Loading class java/text/StringCharacterIterator done
Event: 22.647 Loading class sun/util/locale/provider/BreakIteratorProviderImpl$CharacterIteratorCharSequence
Event: 22.648 Loading class sun/util/locale/provider/BreakIteratorProviderImpl$CharacterIteratorCharSequence done
Event: 22.648 Loading class java/text/BreakIterator$BreakIteratorCache
Event: 22.649 Loading class java/text/BreakIterator$BreakIteratorCache done
Event: 24.711 Loading class java/lang/Throwable$WrappedPrintStream
Event: 24.713 Loading class java/lang/Throwable$PrintStreamOrWriter
Event: 24.713 Loading class java/lang/Throwable$PrintStreamOrWriter done
Event: 24.714 Loading class java/lang/Throwable$WrappedPrintStream done

Classes unloaded (0 events):
No events

Classes redefined (0 events):
No events

Internal exceptions (20 events):
Event: 6.317 Thread 0x0000025ac1157270 Exception <a 'java/lang/NoSuchMethodError'{0x00000000c71bcee0}: 'java.lang.Object java.lang.invoke.Invokers$Holder.linkToTargetMethod(java.lang.Object, long, java.lang.Object)'> (0x00000000c71bcee0) 
thrown [s\src\hotspot\share\interpreter\linkResolver.cpp, line 774]
Event: 6.375 Thread 0x0000025ac1156be0 Exception <a 'java/lang/NoSuchMethodError'{0x00000000c6f20760}: 'int java.lang.invoke.DirectMethodHandle$Holder.invokeStaticInit(java.lang.Object, java.lang.Object)'> (0x00000000c6f20760) 
thrown [s\src\hotspot\share\interpreter\linkResolver.cpp, line 774]
Event: 6.711 Thread 0x0000025ac1156be0 Exception <a 'java/lang/NoSuchMethodError'{0x00000000c81a8440}: 'java.lang.Object java.lang.invoke.DirectMethodHandle$Holder.invokeStaticInit(java.lang.Object, int)'> (0x00000000c81a8440) 
thrown [s\src\hotspot\share\interpreter\linkResolver.cpp, line 774]
Event: 19.743 Thread 0x0000025ac1157270 Exception <a 'java/io/FileNotFoundException'{0x00000000c8098728}> (0x00000000c8098728) 
thrown [s\src\hotspot\share\prims\jni.cpp, line 520]
Event: 19.786 Thread 0x0000025ac1157270 Exception <a 'java/io/FileNotFoundException'{0x00000000c80d3b60}> (0x00000000c80d3b60) 
thrown [s\src\hotspot\share\prims\jni.cpp, line 520]
Event: 19.814 Thread 0x0000025ac1157270 Exception <a 'java/io/FileNotFoundException'{0x00000000c80e23b0}> (0x00000000c80e23b0) 
thrown [s\src\hotspot\share\prims\jni.cpp, line 520]
Event: 19.828 Thread 0x0000025ac1157270 Exception <a 'java/io/FileNotFoundException'{0x00000000c80f0580}> (0x00000000c80f0580) 
thrown [s\src\hotspot\share\prims\jni.cpp, line 520]
Event: 22.287 Thread 0x0000025ac1157270 Exception <a 'java/lang/ClassNotFoundException'{0x00000000c823bc60}: com/sun/javafx/scene/control/skin/resources/controls> (0x00000000c823bc60) 
thrown [s\src\hotspot\share\prims\jni.cpp, line 539]
Event: 22.288 Thread 0x0000025ac1157270 Exception <a 'java/lang/ClassNotFoundException'{0x00000000c82499b8}: com/sun/javafx/scene/control/skin/resources/controls_en> (0x00000000c82499b8) 
thrown [s\src\hotspot\share\prims\jni.cpp, line 539]
Event: 22.289 Thread 0x0000025ac1157270 Exception <a 'java/lang/ClassNotFoundException'{0x00000000c824ab98}: com/sun/javafx/scene/control/skin/resources/controls_en_US> (0x00000000c824ab98) 
thrown [s\src\hotspot\share\prims\jni.cpp, line 539]
Event: 22.579 Thread 0x0000025ac1157270 Implicit null exception at 0x0000025adfa26b3e to 0x0000025adfa2745c
Event: 22.587 Thread 0x0000025ac1157270 Exception <a 'java/lang/NoSuchMethodError'{0x00000000c94cead0}: 'int java.lang.invoke.DirectMethodHandle$Holder.invokeVirtual(java.lang.Object, java.lang.Object)'> (0x00000000c94cead0) 
thrown [s\src\hotspot\share\interpreter\linkResolver.cpp, line 774]
Event: 22.591 Thread 0x0000025ac1157270 Implicit null exception at 0x0000025adfa26b3e to 0x0000025adfa2745c
Event: 22.595 Thread 0x0000025ac1157270 Implicit null exception at 0x0000025adfa26b3e to 0x0000025adfa2745c
Event: 22.595 Thread 0x0000025ac1157270 Implicit null exception at 0x0000025adfa26b3e to 0x0000025adfa2745c
Event: 22.853 Thread 0x0000025ac1157270 Exception <a 'java/io/FileNotFoundException'{0x00000000c93e0570}> (0x00000000c93e0570) 
thrown [s\src\hotspot\share\prims\jni.cpp, line 520]
Event: 22.867 Thread 0x0000025ac1157270 Exception <a 'java/io/FileNotFoundException'{0x00000000c92248b8}> (0x00000000c92248b8) 
thrown [s\src\hotspot\share\prims\jni.cpp, line 520]
Event: 22.879 Thread 0x0000025ac1157270 Exception <a 'java/io/FileNotFoundException'{0x00000000c92322d8}> (0x00000000c92322d8) 
thrown [s\src\hotspot\share\prims\jni.cpp, line 520]
Event: 22.887 Thread 0x0000025ac1157270 Exception <a 'java/io/FileNotFoundException'{0x00000000c923fcf8}> (0x00000000c923fcf8) 
thrown [s\src\hotspot\share\prims\jni.cpp, line 520]
Event: 24.706 Thread 0x0000025ac1157270 Exception <a 'java/io/FileNotFoundException'{0x00000000cb299220}> (0x00000000cb299220) 
thrown [s\src\hotspot\share\prims\jni.cpp, line 520]

ZGC Phase Switch (0 events):
No events

VM Operations (20 events):
Event: 22.406 Executing VM operation: HandshakeAllThreads (Deoptimize)
Event: 22.406 Executing VM operation: HandshakeAllThreads (Deoptimize) done
Event: 22.455 Executing VM operation: G1CollectForAllocation (G1 Evacuation Pause)
Event: 22.459 Executing VM operation: G1CollectForAllocation (G1 Evacuation Pause) done
Event: 22.484 Executing VM operation: G1PauseRemark
Event: 22.490 Executing VM operation: G1PauseRemark done
Event: 22.496 Executing VM operation: G1PauseCleanup
Event: 22.496 Executing VM operation: G1PauseCleanup done
Event: 22.750 Executing VM operation: G1CollectForAllocation (G1 Evacuation Pause)
Event: 22.755 Executing VM operation: G1CollectForAllocation (G1 Evacuation Pause) done
Event: 23.394 Executing VM operation: ICBufferFull
Event: 23.394 Executing VM operation: ICBufferFull done
Event: 24.056 Executing VM operation: G1CollectForAllocation (G1 Evacuation Pause)
Event: 24.066 Executing VM operation: G1CollectForAllocation (G1 Evacuation Pause) done
Event: 24.596 Executing VM operation: G1CollectForAllocation (G1 Evacuation Pause)
Event: 24.603 Executing VM operation: G1CollectForAllocation (G1 Evacuation Pause) done
Event: 24.629 Executing VM operation: G1PauseRemark
Event: 24.635 Executing VM operation: G1PauseRemark done
Event: 24.644 Executing VM operation: G1PauseCleanup
Event: 24.644 Executing VM operation: G1PauseCleanup done

Events (20 events):
Event: 24.634 Thread 0x0000025ac1130560 flushing nmethod 0x0000025ad7e9a610
Event: 24.634 Thread 0x0000025ac1130560 flushing nmethod 0x0000025ad7eb5e10
Event: 24.634 Thread 0x0000025ac1130560 flushing nmethod 0x0000025ad7f03990
Event: 24.634 Thread 0x0000025ac1130560 flushing nmethod 0x0000025ad7f05290
Event: 24.634 Thread 0x0000025ac1130560 flushing nmethod 0x0000025ad7f05c90
Event: 24.634 Thread 0x0000025ac1130560 flushing nmethod 0x0000025ad7f07990
Event: 24.634 Thread 0x0000025ac1130560 flushing nmethod 0x0000025ad7f08f90
Event: 24.634 Thread 0x0000025ac1130560 flushing nmethod 0x0000025ad7f95890
Event: 24.634 Thread 0x0000025ac1130560 flushing nmethod 0x0000025ad7ff4510
Event: 24.634 Thread 0x0000025ac1130560 flushing nmethod 0x0000025ad8036d10
Event: 24.634 Thread 0x0000025ac1130560 flushing nmethod 0x0000025ad80f8490
Event: 24.634 Thread 0x0000025ac1130560 flushing nmethod 0x0000025ad8171910
Event: 24.634 Thread 0x0000025ac1130560 flushing nmethod 0x0000025ad8218110
Event: 24.634 Thread 0x0000025ac1130560 flushing nmethod 0x0000025ad8286f90
Event: 24.634 Thread 0x0000025ac1130560 flushing nmethod 0x0000025ad8290510
Event: 24.634 Thread 0x0000025ac1130560 flushing nmethod 0x0000025ad8291c90
Event: 24.634 Thread 0x0000025ac1130560 flushing nmethod 0x0000025ad833a810
Event: 24.634 Thread 0x0000025ac1130560 flushing nmethod 0x0000025ad8458790
Event: 24.634 Thread 0x0000025ac1130560 flushing nmethod 0x0000025ad8528e10
Event: 24.634 Thread 0x0000025ac1130560 flushing nmethod 0x0000025ad855cf90


Dynamic libraries:
0x00007ff6f2700000 - 0x00007ff6f270e000 	C:\Users\NGOC\.jdks\azul-22\bin\java.exe
0x00007ffacebb0000 - 0x00007ffacedc7000 	C:\WINDOWS\SYSTEM32\ntdll.dll
0x00007ffacd380000 - 0x00007ffacd444000 	C:\WINDOWS\System32\KERNEL32.DLL
0x00007ffacc180000 - 0x00007ffacc527000 	C:\WINDOWS\System32\KERNELBASE.dll
0x00007ffacc7c0000 - 0x00007ffacc8d1000 	C:\WINDOWS\System32\ucrtbase.dll
0x00007ffaaa520000 - 0x00007ffaaa537000 	C:\Users\NGOC\.jdks\azul-22\bin\jli.dll
0x00007ffaaa500000 - 0x00007ffaaa51b000 	C:\Users\NGOC\.jdks\azul-22\bin\VCRUNTIME140.dll
0x00007ffacdf20000 - 0x00007fface0ce000 	C:\WINDOWS\System32\USER32.dll
0x00007ffaad860000 - 0x00007ffaadaf3000 	C:\WINDOWS\WinSxS\amd64_microsoft.windows.common-controls_6595b64144ccf1df_6.0.22621.3527_none_270e469b73872a76\COMCTL32.dll
0x00007ffacc030000 - 0x00007ffacc056000 	C:\WINDOWS\System32\win32u.dll
0x00007ffacd450000 - 0x00007ffacd4f7000 	C:\WINDOWS\System32\msvcrt.dll
0x00007ffacd7a0000 - 0x00007ffacd7c9000 	C:\WINDOWS\System32\GDI32.dll
0x00007ffacc530000 - 0x00007ffacc649000 	C:\WINDOWS\System32\gdi32full.dll
0x00007ffacc060000 - 0x00007ffacc0fa000 	C:\WINDOWS\System32\msvcp_win.dll
0x00007ffaccf10000 - 0x00007ffaccf41000 	C:\WINDOWS\System32\IMM32.DLL
0x00007ffaaf240000 - 0x00007ffaaf24c000 	C:\Users\NGOC\.jdks\azul-22\bin\vcruntime140_1.dll
0x00007ffaa17c0000 - 0x00007ffaa184e000 	C:\Users\NGOC\.jdks\azul-22\bin\msvcp140.dll
0x00007ffa74750000 - 0x00007ffa7551c000 	C:\Users\NGOC\.jdks\azul-22\bin\server\jvm.dll
0x00007ffacd620000 - 0x00007ffacd6d2000 	C:\WINDOWS\System32\ADVAPI32.dll
0x00007ffacce60000 - 0x00007ffaccf08000 	C:\WINDOWS\System32\sechost.dll
0x00007ffacbed0000 - 0x00007ffacbef8000 	C:\WINDOWS\System32\bcrypt.dll
0x00007ffacd500000 - 0x00007ffacd615000 	C:\WINDOWS\System32\RPCRT4.dll
0x00007ffaccf50000 - 0x00007ffaccfc1000 	C:\WINDOWS\System32\WS2_32.dll
0x00007ffacb950000 - 0x00007ffacb99d000 	C:\WINDOWS\SYSTEM32\POWRPROF.dll
0x00007ffac1660000 - 0x00007ffac166a000 	C:\WINDOWS\SYSTEM32\VERSION.dll
0x00007ffac16b0000 - 0x00007ffac16e4000 	C:\WINDOWS\SYSTEM32\WINMM.dll
0x00007ffacb830000 - 0x00007ffacb843000 	C:\WINDOWS\SYSTEM32\UMPDC.dll
0x00007ffacaeb0000 - 0x00007ffacaec8000 	C:\WINDOWS\SYSTEM32\kernel.appcore.dll
0x00007ffaadbc0000 - 0x00007ffaadbca000 	C:\Users\NGOC\.jdks\azul-22\bin\jimage.dll
0x00007ffac7090000 - 0x00007ffac72c3000 	C:\WINDOWS\SYSTEM32\DBGHELP.DLL
0x00007ffaccfd0000 - 0x00007ffacd358000 	C:\WINDOWS\System32\combase.dll
0x00007ffacc990000 - 0x00007ffacca67000 	C:\WINDOWS\System32\OLEAUT32.dll
0x00007ffa9dc30000 - 0x00007ffa9dc62000 	C:\WINDOWS\SYSTEM32\dbgcore.DLL
0x00007ffacc100000 - 0x00007ffacc179000 	C:\WINDOWS\System32\bcryptPrimitives.dll
0x00007ffaab0d0000 - 0x00007ffaab0df000 	C:\Users\NGOC\.jdks\azul-22\bin\instrument.dll
0x00007ffaaa4e0000 - 0x00007ffaaa4fe000 	C:\Users\NGOC\.jdks\azul-22\bin\java.dll
0x00007fface310000 - 0x00007ffaceb6c000 	C:\WINDOWS\System32\SHELL32.dll
0x00007ffaccc30000 - 0x00007ffaccdd5000 	C:\WINDOWS\System32\ole32.dll
0x00007ffac9dc0000 - 0x00007ffaca6b6000 	C:\WINDOWS\SYSTEM32\windows.storage.dll
0x00007ffac9c80000 - 0x00007ffac9dbe000 	C:\WINDOWS\SYSTEM32\wintypes.dll
0x00007ffacde20000 - 0x00007ffacdf15000 	C:\WINDOWS\System32\SHCORE.dll
0x00007ffacd740000 - 0x00007ffacd79e000 	C:\WINDOWS\System32\shlwapi.dll
0x00007ffacbe00000 - 0x00007ffacbe21000 	C:\WINDOWS\SYSTEM32\profapi.dll
0x00007ffaa16e0000 - 0x00007ffaa17b7000 	C:\Users\NGOC\.jdks\azul-22\bin\jsvml.dll
0x00007ffaabb90000 - 0x00007ffaabba0000 	C:\Users\NGOC\.jdks\azul-22\bin\net.dll
0x00007ffacb320000 - 0x00007ffacb389000 	C:\WINDOWS\system32\mswsock.dll
0x00007ffaa8c70000 - 0x00007ffaa8c86000 	C:\Users\NGOC\.jdks\azul-22\bin\nio.dll
0x00007ffaa8c50000 - 0x00007ffaa8c67000 	C:\Users\NGOC\.jdks\azul-22\bin\zip.dll
0x00007ffaa8c30000 - 0x00007ffaa8c4a000 	C:\Program Files\JetBrains\IntelliJ IDEA 2024.1\bin\breakgen64.dll
0x0000025ac1f50000 - 0x0000025ac1f53000 	C:\Users\NGOC\.openjfx\cache\20.0.1+2\amd64\api-ms-win-core-console-l1-1-0.dll
0x0000025ac1f60000 - 0x0000025ac1f63000 	C:\Users\NGOC\.openjfx\cache\20.0.1+2\amd64\api-ms-win-core-console-l1-2-0.dll
0x0000025ac1f70000 - 0x0000025ac1f73000 	C:\Users\NGOC\.openjfx\cache\20.0.1+2\amd64\api-ms-win-core-datetime-l1-1-0.dll
0x0000025ac1f80000 - 0x0000025ac1f83000 	C:\Users\NGOC\.openjfx\cache\20.0.1+2\amd64\api-ms-win-core-debug-l1-1-0.dll
0x0000025ac1f90000 - 0x0000025ac1f93000 	C:\Users\NGOC\.openjfx\cache\20.0.1+2\amd64\api-ms-win-core-errorhandling-l1-1-0.dll
0x0000025ac1fa0000 - 0x0000025ac1fa4000 	C:\Users\NGOC\.openjfx\cache\20.0.1+2\amd64\api-ms-win-core-file-l1-1-0.dll
0x0000025ac1fb0000 - 0x0000025ac1fb3000 	C:\Users\NGOC\.openjfx\cache\20.0.1+2\amd64\api-ms-win-core-file-l1-2-0.dll
0x0000025ac1fc0000 - 0x0000025ac1fc3000 	C:\Users\NGOC\.openjfx\cache\20.0.1+2\amd64\api-ms-win-core-file-l2-1-0.dll
0x0000025ac1fd0000 - 0x0000025ac1fd3000 	C:\Users\NGOC\.openjfx\cache\20.0.1+2\amd64\api-ms-win-core-handle-l1-1-0.dll
0x0000025ac1fe0000 - 0x0000025ac1fe3000 	C:\Users\NGOC\.openjfx\cache\20.0.1+2\amd64\api-ms-win-core-heap-l1-1-0.dll
0x0000025ac1ff0000 - 0x0000025ac1ff3000 	C:\Users\NGOC\.openjfx\cache\20.0.1+2\amd64\api-ms-win-core-interlocked-l1-1-0.dll
0x0000025ac6000000 - 0x0000025ac6003000 	C:\Users\NGOC\.openjfx\cache\20.0.1+2\amd64\api-ms-win-core-libraryloader-l1-1-0.dll
0x0000025ac6010000 - 0x0000025ac6013000 	C:\Users\NGOC\.openjfx\cache\20.0.1+2\amd64\api-ms-win-core-localization-l1-2-0.dll
0x0000025ac6020000 - 0x0000025ac6023000 	C:\Users\NGOC\.openjfx\cache\20.0.1+2\amd64\api-ms-win-core-memory-l1-1-0.dll
0x0000025ac6030000 - 0x0000025ac6033000 	C:\Users\NGOC\.openjfx\cache\20.0.1+2\amd64\api-ms-win-core-namedpipe-l1-1-0.dll
0x0000025ac6040000 - 0x0000025ac6043000 	C:\Users\NGOC\.openjfx\cache\20.0.1+2\amd64\api-ms-win-core-processenvironment-l1-1-0.dll
0x0000025ac6050000 - 0x0000025ac6053000 	C:\Users\NGOC\.openjfx\cache\20.0.1+2\amd64\api-ms-win-core-processthreads-l1-1-0.dll
0x0000025ac6060000 - 0x0000025ac6063000 	C:\Users\NGOC\.openjfx\cache\20.0.1+2\amd64\api-ms-win-core-processthreads-l1-1-1.dll
0x0000025ac6070000 - 0x0000025ac6073000 	C:\Users\NGOC\.openjfx\cache\20.0.1+2\amd64\api-ms-win-core-profile-l1-1-0.dll
0x0000025ac6080000 - 0x0000025ac6083000 	C:\Users\NGOC\.openjfx\cache\20.0.1+2\amd64\api-ms-win-core-rtlsupport-l1-1-0.dll
0x0000025ac6090000 - 0x0000025ac6093000 	C:\Users\NGOC\.openjfx\cache\20.0.1+2\amd64\api-ms-win-core-string-l1-1-0.dll
0x0000025ac60a0000 - 0x0000025ac60a3000 	C:\Users\NGOC\.openjfx\cache\20.0.1+2\amd64\api-ms-win-core-synch-l1-1-0.dll
0x0000025ac60b0000 - 0x0000025ac60b3000 	C:\Users\NGOC\.openjfx\cache\20.0.1+2\amd64\api-ms-win-core-synch-l1-2-0.dll
0x0000025ac60c0000 - 0x0000025ac60c3000 	C:\Users\NGOC\.openjfx\cache\20.0.1+2\amd64\api-ms-win-core-sysinfo-l1-1-0.dll
0x0000025ac60d0000 - 0x0000025ac60d3000 	C:\Users\NGOC\.openjfx\cache\20.0.1+2\amd64\api-ms-win-core-timezone-l1-1-0.dll
0x0000025ac60e0000 - 0x0000025ac60e3000 	C:\Users\NGOC\.openjfx\cache\20.0.1+2\amd64\api-ms-win-core-util-l1-1-0.dll
0x0000025ac60f0000 - 0x0000025ac60f3000 	C:\Users\NGOC\.openjfx\cache\20.0.1+2\amd64\api-ms-win-crt-conio-l1-1-0.dll
0x0000025ac6100000 - 0x0000025ac6104000 	C:\Users\NGOC\.openjfx\cache\20.0.1+2\amd64\api-ms-win-crt-convert-l1-1-0.dll
0x0000025ac6110000 - 0x0000025ac6113000 	C:\Users\NGOC\.openjfx\cache\20.0.1+2\amd64\api-ms-win-crt-environment-l1-1-0.dll
0x0000025ac6120000 - 0x0000025ac6123000 	C:\Users\NGOC\.openjfx\cache\20.0.1+2\amd64\api-ms-win-crt-filesystem-l1-1-0.dll
0x0000025ac6130000 - 0x0000025ac6133000 	C:\Users\NGOC\.openjfx\cache\20.0.1+2\amd64\api-ms-win-crt-heap-l1-1-0.dll
0x0000025ac6140000 - 0x0000025ac6143000 	C:\Users\NGOC\.openjfx\cache\20.0.1+2\amd64\api-ms-win-crt-locale-l1-1-0.dll
0x0000025ac6150000 - 0x0000025ac6155000 	C:\Users\NGOC\.openjfx\cache\20.0.1+2\amd64\api-ms-win-crt-math-l1-1-0.dll
0x0000025ac6160000 - 0x0000025ac6165000 	C:\Users\NGOC\.openjfx\cache\20.0.1+2\amd64\api-ms-win-crt-multibyte-l1-1-0.dll
0x0000025ac6170000 - 0x0000025ac6180000 	C:\Users\NGOC\.openjfx\cache\20.0.1+2\amd64\api-ms-win-crt-private-l1-1-0.dll
0x0000025ac6180000 - 0x0000025ac6183000 	C:\Users\NGOC\.openjfx\cache\20.0.1+2\amd64\api-ms-win-crt-process-l1-1-0.dll
0x0000025ac6190000 - 0x0000025ac6194000 	C:\Users\NGOC\.openjfx\cache\20.0.1+2\amd64\api-ms-win-crt-runtime-l1-1-0.dll
0x0000025ac61a0000 - 0x0000025ac61a4000 	C:\Users\NGOC\.openjfx\cache\20.0.1+2\amd64\api-ms-win-crt-stdio-l1-1-0.dll
0x0000025ac61b0000 - 0x0000025ac61b4000 	C:\Users\NGOC\.openjfx\cache\20.0.1+2\amd64\api-ms-win-crt-string-l1-1-0.dll
0x0000025ac61c0000 - 0x0000025ac61c3000 	C:\Users\NGOC\.openjfx\cache\20.0.1+2\amd64\api-ms-win-crt-time-l1-1-0.dll
0x0000025ac61d0000 - 0x0000025ac61d3000 	C:\Users\NGOC\.openjfx\cache\20.0.1+2\amd64\api-ms-win-crt-utility-l1-1-0.dll
0x00007ffa7a710000 - 0x00007ffa7a80c000 	C:\Users\NGOC\.openjfx\cache\20.0.1+2\amd64\ucrtbase.dll
0x00007ffaa2f50000 - 0x00007ffaa2f6b000 	C:\Users\NGOC\.openjfx\cache\20.0.1+2\amd64\vcruntime140.dll
0x00007ffaa9300000 - 0x00007ffaa930c000 	C:\Users\NGOC\.openjfx\cache\20.0.1+2\amd64\vcruntime140_1.dll
0x00007ffa92090000 - 0x00007ffa9211e000 	C:\Users\NGOC\.openjfx\cache\20.0.1+2\amd64\msvcp140.dll
0x00007ffaa9190000 - 0x00007ffaa9199000 	C:\Users\NGOC\.openjfx\cache\20.0.1+2\amd64\msvcp140_1.dll
0x00007ffa94670000 - 0x00007ffa946a0000 	C:\Users\NGOC\.openjfx\cache\20.0.1+2\amd64\msvcp140_2.dll
0x00007ffa932a0000 - 0x00007ffa932cf000 	C:\Users\NGOC\.openjfx\cache\20.0.1+2\amd64\prism_d3d.dll
0x00007ffa6c1b0000 - 0x00007ffa6c359000 	C:\WINDOWS\system32\d3d9.dll
0x00007ffac9610000 - 0x00007ffac963b000 	C:\WINDOWS\SYSTEM32\dwmapi.dll
0x00007ffac94c0000 - 0x00007ffac94f9000 	C:\WINDOWS\SYSTEM32\dxcore.dll
0x00007ffac93c0000 - 0x00007ffac946b000 	C:\WINDOWS\system32\uxtheme.dll
0x00007ffa6bf50000 - 0x00007ffa6c1ac000 	C:\WINDOWS\System32\DriverStore\FileRepository\iigd_dch.inf_amd64_da775d7ecf291310\igdumdim64.dll
0x00007ffa68b10000 - 0x00007ffa69e71000 	C:\WINDOWS\System32\DriverStore\FileRepository\iigd_dch.inf_amd64_da775d7ecf291310\igd9dxva64.dll
0x00007ffacd7f0000 - 0x00007ffacdc64000 	C:\WINDOWS\System32\SETUPAPI.dll
0x00007ffacbbb0000 - 0x00007ffacbbfe000 	C:\WINDOWS\SYSTEM32\cfgmgr32.dll
0x00007ffa64650000 - 0x00007ffa66379000 	C:\WINDOWS\System32\DriverStore\FileRepository\iigd_dch.inf_amd64_da775d7ecf291310\media_bin_64.dll
0x00007ffac05e0000 - 0x00007ffac0a1c000 	C:\WINDOWS\System32\DriverStore\FileRepository\iigd_dch.inf_amd64_da775d7ecf291310\igdgmm64.dll
0x00007ffac63b0000 - 0x00007ffac63fa000 	C:\WINDOWS\SYSTEM32\directxdatabasehelper.dll
0x00007ffa89520000 - 0x00007ffa89562000 	C:\Users\NGOC\.openjfx\cache\20.0.1+2\amd64\glass.dll
0x00007ffacdc70000 - 0x00007ffacdd67000 	C:\WINDOWS\System32\COMDLG32.dll
0x00007ffacca70000 - 0x00007ffaccbc3000 	C:\WINDOWS\System32\MSCTF.dll
0x00007ffa6bd80000 - 0x00007ffa6bda7000 	C:\WINDOWS\System32\DriverStore\FileRepository\iigd_dch.inf_amd64_da775d7ecf291310\igdinfo64.dll
0x00007ffab8250000 - 0x00007ffabc2b6000 	C:\WINDOWS\System32\DriverStore\FileRepository\iigd_dch.inf_amd64_da775d7ecf291310\igc64.dll
0x00007ffaa1a20000 - 0x00007ffaa1a34000 	C:\Users\NGOC\.openjfx\cache\20.0.1+2\amd64\javafx_font.dll
0x00007ffa91b90000 - 0x00007ffa91bbd000 	C:\Users\NGOC\.openjfx\cache\20.0.1+2\amd64\javafx_iio.dll
0x00007ffac8520000 - 0x00007ffac8794000 	C:\WINDOWS\SYSTEM32\dwrite.dll
0x00007ffa96170000 - 0x00007ffa96187000 	C:\WINDOWS\system32\napinsp.dll
0x00007ffa96150000 - 0x00007ffa9616b000 	C:\WINDOWS\system32\pnrpnsp.dll
0x00007ffaca990000 - 0x00007ffacaa89000 	C:\WINDOWS\SYSTEM32\DNSAPI.dll
0x00007ffaca960000 - 0x00007ffaca98d000 	C:\WINDOWS\SYSTEM32\IPHLPAPI.DLL
0x00007ffacd370000 - 0x00007ffacd379000 	C:\WINDOWS\System32\NSI.dll
0x00007ffa96130000 - 0x00007ffa96141000 	C:\WINDOWS\System32\winrnr.dll
0x00007ffac1670000 - 0x00007ffac1685000 	C:\WINDOWS\system32\wshbth.dll
0x00007ffa93880000 - 0x00007ffa938a1000 	C:\WINDOWS\system32\nlansp_c.dll
0x00007ffac1640000 - 0x00007ffac164a000 	C:\Windows\System32\rasadhlp.dll
0x00007ffac0150000 - 0x00007ffac01d3000 	C:\WINDOWS\System32\fwpuclnt.dll
0x00007ffacb540000 - 0x00007ffacb55b000 	C:\WINDOWS\SYSTEM32\CRYPTSP.dll
0x00007ffacae10000 - 0x00007ffacae45000 	C:\WINDOWS\system32\rsaenh.dll

dbghelp: loaded successfully - version: 4.0.5 - missing functions: none
symbol engine: initialized successfully - sym options: 0x614 - pdb path: .;C:\Users\NGOC\.jdks\azul-22\bin;C:\WINDOWS\SYSTEM32;C:\WINDOWS\WinSxS\amd64_microsoft.windows.common-controls_6595b64144ccf1df_6.0.22621.3527_none_270e469b73872a76;C:\Users\NGOC\.jdks\azul-22\bin\server;C:\Program Files\JetBrains\IntelliJ IDEA 2024.1\bin;C:\Users\NGOC\.openjfx\cache\20.0.1+2\amd64;C:\WINDOWS\System32\DriverStore\FileRepository\iigd_dch.inf_amd64_da775d7ecf291310;C:\Program Files\Common Files\Microsoft Shared\Ink

VM Arguments:
jvm_args: -javaagent:C:\Program Files\JetBrains\IntelliJ IDEA 2024.1\lib\idea_rt.jar=62846:C:\Program Files\JetBrains\IntelliJ IDEA 2024.1\bin -Dfile.encoding=UTF-8 -Dsun.stdout.encoding=UTF-8 -Dsun.stderr.encoding=UTF-8 --module-path=C:\Users\NGOC\IdeaProjects\BuildingOperationsApplication\target\classes;C:\Users\NGOC\.m2\repository\org\openjfx\javafx-fxml\20.0.1\javafx-fxml-20.0.1-win.jar;C:\Users\NGOC\.m2\repository\org\openjfx\javafx-base\20.0.1\javafx-base-20.0.1-win.jar;C:\Users\NGOC\.m2\repository\org\openjfx\javafx-controls\20.0.1\javafx-controls-20.0.1-win.jar;C:\Users\NGOC\.m2\repository\com\dlsc\formsfx\formsfx-core\11.6.0\formsfx-core-11.6.0.jar;C:\Users\NGOC\.m2\repository\org\openjfx\javafx-graphics\20.0.1\javafx-graphics-20.0.1-win.jar -Djdk.module.main=com.example.managingbuildingjava 
java_command: com.example.managingbuildingjava/com.example.managingbuildingjava.BuildingManager
java_class_path (initial): C:\Users\NGOC\.m2\repository\com\microsoft\sqlserver\mssql-jdbc\12.6.1.jre11\mssql-jdbc-12.6.1.jre11.jar;C:\Users\NGOC\.m2\repository\org\openjfx\javafx-controls\20.0.1\javafx-controls-20.0.1.jar;C:\Users\NGOC\.m2\repository\org\openjfx\javafx-graphics\20.0.1\javafx-graphics-20.0.1.jar;C:\Users\NGOC\.m2\repository\org\openjfx\javafx-base\20.0.1\javafx-base-20.0.1.jar;C:\Users\NGOC\.m2\repository\org\openjfx\javafx-fxml\20.0.1\javafx-fxml-20.0.1.jar
Launcher Type: SUN_STANDARD

[Global flags]
     intx CICompilerCount                          = 4                                         {product} {ergonomic}
     uint ConcGCThreads                            = 2                                         {product} {ergonomic}
     uint G1ConcRefinementThreads                  = 8                                         {product} {ergonomic}
   size_t G1HeapRegionSize                         = 1048576                                   {product} {ergonomic}
   size_t InitialHeapSize                          = 62914560                                  {product} {ergonomic}
   size_t MarkStackSize                            = 4194304                                   {product} {ergonomic}
   size_t MaxHeapSize                              = 1004535808                                {product} {ergonomic}
   size_t MaxNewSize                               = 601882624                                 {product} {ergonomic}
   size_t MinHeapDeltaBytes                        = 1048576                                   {product} {ergonomic}
   size_t MinHeapSize                              = 8388608                                   {product} {ergonomic}
    uintx NonNMethodCodeHeapSize                   = 5839372                                {pd product} {ergonomic}
    uintx NonProfiledCodeHeapSize                  = 122909434                              {pd product} {ergonomic}
    uintx ProfiledCodeHeapSize                     = 122909434                              {pd product} {ergonomic}
    uintx ReservedCodeCacheSize                    = 251658240                              {pd product} {ergonomic}
     bool SegmentedCodeCache                       = true                                      {product} {ergonomic}
   size_t SoftMaxHeapSize                          = 1004535808                             {manageable} {ergonomic}
     bool UseCompressedOops                        = true                           {product lp64_product} {ergonomic}
     bool UseG1GC                                  = true                                      {product} {ergonomic}
     bool UseLargePagesIndividualAllocation        = false                                  {pd product} {ergonomic}

Logging:
Log output configuration:
 #0: stdout all=warning uptime,level,tags foldmultilines=false
 #1: stderr all=off uptime,level,tags foldmultilines=false

Environment Variables:
JAVA_HOME=C:\Java\
PATH=C:\Java\bin;C:\Program Files\Common Files\Oracle\Java\javapath;C:\Program Files (x86)\NVIDIA Corporation\PhysX\Common;C:\Program Files (x86)\Common Files\Oracle\Java\javapath;C:\WINDOWS\system32;C:\WINDOWS;C:\WINDOWS\System32\Wbem;C:\WINDOWS\System32\WindowsPowerShell\v1.0\;C:\WINDOWS\System32\OpenSSH\;C:\Program Files (x86)\Microsoft SQL Server\160\Tools\Binn\;C:\Program Files\Microsoft SQL Server\160\Tools\Binn\;C:\Program Files\Microsoft SQL Server\Client SDK\ODBC\170\Tools\Binn\;C:\Program Files\Microsoft SQL Server\160\DTS\Binn\;C:\Program Files (x86)\Microsoft SQL Server\160\DTS\Binn\;C:\Program Files\Azure Data Studio\bin;C:\Program Files\Git\cmd;C:\Program Files\nodejs\;C:\Program Files\Cloudflare\Cloudflare WARP\;C:\Users\NGOC\anaconda3;C:\Users\NGOC\anaconda3\Library\mingw-w64\bin;C:\Users\NGOC\anaconda3\Library\usr\bin;C:\Users\NGOC\anaconda3\Library\bin;C:\Users\NGOC\anaconda3\Scripts;C:\Users\NGOC\AppData\Local\Microsoft\WindowsApps;C:\Users\NGOC\AppData\Local\Programs\Microsoft VS Code\bin;C:\MinGW\bin;C:\Program Files\JetBrains\IntelliJ IDEA Community Edition 2023.2.1\bin;;C:\Program Files\Azure Data Studio\bin;C:\Users\NGOC\AppData\Roaming\npm;C:\Users\NGOC\AppData\Local\GitHubDesktop\bin
USERNAME=NGOC
OS=Windows_NT
PROCESSOR_IDENTIFIER=Intel64 Family 6 Model 140 Stepping 1, GenuineIntel
TMP=C:\Users\NGOC\AppData\Local\Temp
TEMP=C:\Users\NGOC\AppData\Local\Temp




Periodic native trim disabled

---------------  S Y S T E M  ---------------

OS:
 Windows 11 , 64 bit Build 22621 (10.0.22621.3527)
OS uptime: 0 days 5:10 hours
Hyper-V role detected

CPU: total 8 (initial active 8) (4 cores per cpu, 2 threads per core) family 6 model 140 stepping 1 microcode 0xb6, cx8, cmov, fxsr, ht, mmx, 3dnowpref, sse, sse2, sse3, ssse3, sse4.1, sse4.2, popcnt, lzcnt, tsc, tscinvbit, avx, avx2, aes, erms, clmul, bmi1, bmi2, adx, avx512f, avx512dq, avx512cd, avx512bw, avx512vl, sha, fma, vzeroupper, avx512_vpopcntdq, avx512_vpclmulqdq, avx512_vaes, avx512_vnni, clflush, clflushopt, clwb, avx512_vbmi2, avx512_vbmi, hv, rdtscp, rdpid, fsrm, gfni, avx512_bitalg, f16c, cet_ibt, cet_ss, avx512_ifma
Processor Information for all 8 processors :
  Max Mhz: 2419, Current Mhz: 2419, Mhz Limit: 2419

Memory: 4k page, system-wide physical 3824M (568M free)
TotalPageFile size 12016M (AvailPageFile size 7M)
current process WorkingSet (physical memory assigned to process): 223M, peak: 269M
current process commit charge ("private bytes"): 450M, peak: 452M

vm_info: OpenJDK 64-Bit Server VM (22+36) for windows-amd64 JRE (22+36) (Zulu22.28+91-CA), built on 2024-02-28T12:24:10Z by "zulu_re" with MS VC++ 17.1 (VS2022)

END.
